[0.097s] Invoking command in '/home/root/voxl-mpa-to-ros2/colcon_ws/build/camera_calibration_parsers': CMAKE_PREFIX_PATH=${CMAKE_PREFIX_PATH}:/home/root/voxl-mpa-to-ros2/colcon_ws/install/voxl_offboard_figure8 SHLVL=3 _=/usr/bin/env /usr/bin/cmake --build /home/root/voxl-mpa-to-ros2/colcon_ws/build/camera_calibration_parsers -- -j8 -l8
[0.253s] [ 28%] Built target camera_calibration_parsers
[0.264s] [ 42%] Built target gtest_main
[0.265s] [ 57%] Built target gtest
[0.297s] [ 71%] Built target convert
[0.353s] [ 85%] Built target camera_calibration_parsers-parse_yml
[0.393s] [100%] Built target camera_calibration_parsers-parse_ini
[0.729s] Invoked command in '/home/root/voxl-mpa-to-ros2/colcon_ws/build/camera_calibration_parsers' returned '0': CMAKE_PREFIX_PATH=${CMAKE_PREFIX_PATH}:/home/root/voxl-mpa-to-ros2/colcon_ws/install/voxl_offboard_figure8 SHLVL=3 _=/usr/bin/env /usr/bin/cmake --build /home/root/voxl-mpa-to-ros2/colcon_ws/build/camera_calibration_parsers -- -j8 -l8
[1.004s] Invoking command in '/home/root/voxl-mpa-to-ros2/colcon_ws/build/camera_calibration_parsers': CMAKE_PREFIX_PATH=${CMAKE_PREFIX_PATH}:/home/root/voxl-mpa-to-ros2/colcon_ws/install/voxl_offboard_figure8 SHLVL=3 _=/usr/bin/env /usr/bin/cmake --build /home/root/voxl-mpa-to-ros2/colcon_ws/build/camera_calibration_parsers --target install -- -j8 -l8
[1.091s] [ 14%] Built target gtest_main
[1.091s] [ 28%] Built target gtest
[1.159s] [ 57%] Built target camera_calibration_parsers
[1.207s] [ 71%] Built target convert
[1.227s] [ 85%] Built target camera_calibration_parsers-parse_ini
[1.269s] [100%] Built target camera_calibration_parsers-parse_yml
[1.300s] [36mInstall the project...[0m
[1.311s] -- Install configuration: ""
[1.312s] -- Up-to-date: /home/root/voxl-mpa-to-ros2/colcon_ws/install/camera_calibration_parsers/lib/libcamera_calibration_parsers.so
[1.314s] -- Up-to-date: /home/root/voxl-mpa-to-ros2/colcon_ws/install/camera_calibration_parsers/lib/camera_calibration_parsers/convert
[1.317s] -- Up-to-date: /home/root/voxl-mpa-to-ros2/colcon_ws/install/camera_calibration_parsers/include
[1.318s] -- Up-to-date: /home/root/voxl-mpa-to-ros2/colcon_ws/install/camera_calibration_parsers/include/camera_calibration_parsers
[1.318s] -- Up-to-date: /home/root/voxl-mpa-to-ros2/colcon_ws/install/camera_calibration_parsers/include/camera_calibration_parsers/parse.h
[1.318s] -- Up-to-date: /home/root/voxl-mpa-to-ros2/colcon_ws/install/camera_calibration_parsers/include/camera_calibration_parsers/parse.hpp
[1.318s] -- Up-to-date: /home/root/voxl-mpa-to-ros2/colcon_ws/install/camera_calibration_parsers/include/camera_calibration_parsers/parse_ini.h
[1.318s] -- Up-to-date: /home/root/voxl-mpa-to-ros2/colcon_ws/install/camera_calibration_parsers/include/camera_calibration_parsers/parse_ini.hpp
[1.319s] -- Up-to-date: /home/root/voxl-mpa-to-ros2/colcon_ws/install/camera_calibration_parsers/include/camera_calibration_parsers/parse_yml.h
[1.319s] -- Up-to-date: /home/root/voxl-mpa-to-ros2/colcon_ws/install/camera_calibration_parsers/include/camera_calibration_parsers/parse_yml.hpp
[1.319s] -- Up-to-date: /home/root/voxl-mpa-to-ros2/colcon_ws/install/camera_calibration_parsers/include/camera_calibration_parsers/visibility_control.hpp
[1.319s] -- Up-to-date: /home/root/voxl-mpa-to-ros2/colcon_ws/install/camera_calibration_parsers/share/camera_calibration_parsers/environment/library_path.sh
[1.319s] -- Up-to-date: /home/root/voxl-mpa-to-ros2/colcon_ws/install/camera_calibration_parsers/share/camera_calibration_parsers/environment/library_path.dsv
[1.319s] -- Up-to-date: /home/root/voxl-mpa-to-ros2/colcon_ws/install/camera_calibration_parsers/share/ament_index/resource_index/package_run_dependencies/camera_calibration_parsers
[1.319s] -- Up-to-date: /home/root/voxl-mpa-to-ros2/colcon_ws/install/camera_calibration_parsers/share/ament_index/resource_index/parent_prefix_path/camera_calibration_parsers
[1.319s] -- Up-to-date: /home/root/voxl-mpa-to-ros2/colcon_ws/install/camera_calibration_parsers/share/camera_calibration_parsers/environment/ament_prefix_path.sh
[1.320s] -- Up-to-date: /home/root/voxl-mpa-to-ros2/colcon_ws/install/camera_calibration_parsers/share/camera_calibration_parsers/environment/ament_prefix_path.dsv
[1.320s] -- Up-to-date: /home/root/voxl-mpa-to-ros2/colcon_ws/install/camera_calibration_parsers/share/camera_calibration_parsers/environment/path.sh
[1.320s] -- Up-to-date: /home/root/voxl-mpa-to-ros2/colcon_ws/install/camera_calibration_parsers/share/camera_calibration_parsers/environment/path.dsv
[1.320s] -- Up-to-date: /home/root/voxl-mpa-to-ros2/colcon_ws/install/camera_calibration_parsers/share/camera_calibration_parsers/local_setup.bash
[1.320s] -- Up-to-date: /home/root/voxl-mpa-to-ros2/colcon_ws/install/camera_calibration_parsers/share/camera_calibration_parsers/local_setup.sh
[1.320s] -- Up-to-date: /home/root/voxl-mpa-to-ros2/colcon_ws/install/camera_calibration_parsers/share/camera_calibration_parsers/local_setup.zsh
[1.321s] -- Up-to-date: /home/root/voxl-mpa-to-ros2/colcon_ws/install/camera_calibration_parsers/share/camera_calibration_parsers/local_setup.dsv
[1.321s] -- Installing: /home/root/voxl-mpa-to-ros2/colcon_ws/install/camera_calibration_parsers/share/camera_calibration_parsers/package.dsv
[1.321s] -- Up-to-date: /home/root/voxl-mpa-to-ros2/colcon_ws/install/camera_calibration_parsers/share/ament_index/resource_index/packages/camera_calibration_parsers
[1.321s] -- Up-to-date: /home/root/voxl-mpa-to-ros2/colcon_ws/install/camera_calibration_parsers/share/camera_calibration_parsers/cmake/ament_cmake_export_include_directories-extras.cmake
[1.321s] -- Up-to-date: /home/root/voxl-mpa-to-ros2/colcon_ws/install/camera_calibration_parsers/share/camera_calibration_parsers/cmake/ament_cmake_export_libraries-extras.cmake
[1.321s] -- Up-to-date: /home/root/voxl-mpa-to-ros2/colcon_ws/install/camera_calibration_parsers/share/camera_calibration_parsers/cmake/ament_cmake_export_dependencies-extras.cmake
[1.321s] -- Up-to-date: /home/root/voxl-mpa-to-ros2/colcon_ws/install/camera_calibration_parsers/share/camera_calibration_parsers/cmake/camera_calibration_parsersConfig.cmake
[1.322s] -- Up-to-date: /home/root/voxl-mpa-to-ros2/colcon_ws/install/camera_calibration_parsers/share/camera_calibration_parsers/cmake/camera_calibration_parsersConfig-version.cmake
[1.323s] -- Up-to-date: /home/root/voxl-mpa-to-ros2/colcon_ws/install/camera_calibration_parsers/share/camera_calibration_parsers/package.xml
[1.332s] Invoked command in '/home/root/voxl-mpa-to-ros2/colcon_ws/build/camera_calibration_parsers' returned '0': CMAKE_PREFIX_PATH=${CMAKE_PREFIX_PATH}:/home/root/voxl-mpa-to-ros2/colcon_ws/install/voxl_offboard_figure8 SHLVL=3 _=/usr/bin/env /usr/bin/cmake --build /home/root/voxl-mpa-to-ros2/colcon_ws/build/camera_calibration_parsers --target install -- -j8 -l8
