[0.059s] Invoking command in '/home/root/voxl-mpa-to-ros2/colcon_ws/build/camera_info_manager': CMAKE_PREFIX_PATH=/home/root/voxl-mpa-to-ros2/colcon_ws/install/camera_calibration_parsers:/home/root/voxl-mpa-to-ros2/colcon_ws/install/voxl_mpa_to_ros2:/home/root/voxl-mpa-to-ros2/colcon_ws/install/voxl_msgs:/home/root/voxl-mpa-to-ros2/colcon_ws/install/px4_ros_com:/home/root/voxl-mpa-to-ros2/colcon_ws/install/px4_msgs:/home/root/voxl-mpa-to-ros2/colcon_ws/install/image_common:/home/root/voxl-mpa-to-ros2/colcon_ws/install/image_transport:/home/root/voxl-mpa-to-ros2/colcon_ws/install/camera_info_manager:/opt/ros/foxy:/home/root/voxl-mpa-to-ros2/colcon_ws/install/voxl_offboard_figure8 LD_LIBRARY_PATH=/home/root/voxl-mpa-to-ros2/colcon_ws/install/camera_calibration_parsers/lib:/home/root/voxl-mpa-to-ros2/colcon_ws/install/voxl_msgs/lib:/home/root/voxl-mpa-to-ros2/colcon_ws/install/px4_ros_com/lib:/home/root/voxl-mpa-to-ros2/colcon_ws/install/px4_msgs/lib:/home/root/voxl-mpa-to-ros2/colcon_ws/install/image_transport/lib:/home/root/voxl-mpa-to-ros2/colcon_ws/install/camera_info_manager/lib:/opt/ros/foxy/opt/yaml_cpp_vendor/lib:/opt/ros/foxy/lib SHLVL=3 _=/usr/bin/env /usr/bin/cmake /home/root/voxl-mpa-to-ros2/colcon_ws/src/image_common/camera_info_manager -DCMAKE_INSTALL_PREFIX=/home/root/voxl-mpa-to-ros2/colcon_ws/install/camera_info_manager
[0.277s] -- The C compiler identification is GNU 7.5.0
[0.457s] -- The CXX compiler identification is GNU 7.5.0
[0.477s] -- Check for working C compiler: /usr/bin/cc
[0.787s] -- Check for working C compiler: /usr/bin/cc -- works
[0.795s] -- Detecting C compiler ABI info
[1.118s] -- Detecting C compiler ABI info - done
[1.157s] -- Detecting C compile features
[2.089s] -- Detecting C compile features - done
[2.101s] -- Check for working CXX compiler: /usr/bin/c++
[2.381s] -- Check for working CXX compiler: /usr/bin/c++ -- works
[2.394s] -- Detecting CXX compiler ABI info
[2.757s] -- Detecting CXX compiler ABI info - done
[2.797s] -- Detecting CXX compile features
[4.330s] -- Detecting CXX compile features - done
[4.333s] -- Found ament_cmake_ros: 0.9.2 (/opt/ros/foxy/share/ament_cmake_ros/cmake)
[4.443s] -- Found PythonInterp: /usr/bin/python3 (found suitable version "3.6.9", minimum required is "3") 
[4.444s] -- Using PYTHON_EXECUTABLE: /usr/bin/python3
[5.350s] -- Found ament_index_cpp: 1.1.0 (/opt/ros/foxy/share/ament_index_cpp/cmake)
[5.361s] -- Found camera_calibration_parsers: 2.4.0 (/home/root/voxl-mpa-to-ros2/colcon_ws/install/camera_calibration_parsers/share/camera_calibration_parsers/cmake)
[5.529s] -- Using all available rosidl_typesupport_c: rosidl_typesupport_fastrtps_c;rosidl_typesupport_introspection_c
[5.554s] -- Found rosidl_adapter: 1.3.1 (/opt/ros/foxy/share/rosidl_adapter/cmake)
[5.964s] -- Found OpenSSL: /usr/lib/aarch64-linux-gnu/libcrypto.so (found version "1.1.1") 
[6.004s] -- Found FastRTPS: /opt/ros/foxy/include  
[6.240s] -- Using all available rosidl_typesupport_cpp: rosidl_typesupport_fastrtps_cpp;rosidl_typesupport_introspection_cpp
[6.453s] -- Found rmw_implementation_cmake: 1.0.4 (/opt/ros/foxy/share/rmw_implementation_cmake/cmake)
[6.460s] -- Using RMW implementation 'rmw_fastrtps_cpp' as default
[6.464s] -- Looking for pthread.h
[6.809s] -- Looking for pthread.h - found
[6.811s] -- Looking for pthread_create
[7.281s] -- Looking for pthread_create - not found
[7.282s] -- Looking for pthread_create in pthreads
[7.665s] -- Looking for pthread_create in pthreads - not found
[7.675s] -- Looking for pthread_create in pthread
[8.034s] -- Looking for pthread_create in pthread - found
[8.037s] -- Found Threads: TRUE  
[9.132s] -- Setting yaml-cpp_DIR to: '/opt/ros/foxy/share/yaml_cpp_vendor/cmake/../../../opt/yaml_cpp_vendor/lib/cmake/yaml-cpp'
[9.255s] -- Found ament_cmake_cpplint: 0.9.8 (/opt/ros/foxy/share/ament_cmake_cpplint/cmake)
[9.259s] -- Found ament_cmake_lint_cmake: 0.9.8 (/opt/ros/foxy/share/ament_cmake_lint_cmake/cmake)
[9.260s] -- Found ament_cmake_uncrustify: 0.9.8 (/opt/ros/foxy/share/ament_cmake_uncrustify/cmake)
[9.547s] -- Configuring done
[9.655s] -- Generating done
[9.665s] -- Build files have been written to: /home/root/voxl-mpa-to-ros2/colcon_ws/build/camera_info_manager
[9.686s] Invoked command in '/home/root/voxl-mpa-to-ros2/colcon_ws/build/camera_info_manager' returned '0': CMAKE_PREFIX_PATH=/home/root/voxl-mpa-to-ros2/colcon_ws/install/camera_calibration_parsers:/home/root/voxl-mpa-to-ros2/colcon_ws/install/voxl_mpa_to_ros2:/home/root/voxl-mpa-to-ros2/colcon_ws/install/voxl_msgs:/home/root/voxl-mpa-to-ros2/colcon_ws/install/px4_ros_com:/home/root/voxl-mpa-to-ros2/colcon_ws/install/px4_msgs:/home/root/voxl-mpa-to-ros2/colcon_ws/install/image_common:/home/root/voxl-mpa-to-ros2/colcon_ws/install/image_transport:/home/root/voxl-mpa-to-ros2/colcon_ws/install/camera_info_manager:/opt/ros/foxy:/home/root/voxl-mpa-to-ros2/colcon_ws/install/voxl_offboard_figure8 LD_LIBRARY_PATH=/home/root/voxl-mpa-to-ros2/colcon_ws/install/camera_calibration_parsers/lib:/home/root/voxl-mpa-to-ros2/colcon_ws/install/voxl_msgs/lib:/home/root/voxl-mpa-to-ros2/colcon_ws/install/px4_ros_com/lib:/home/root/voxl-mpa-to-ros2/colcon_ws/install/px4_msgs/lib:/home/root/voxl-mpa-to-ros2/colcon_ws/install/image_transport/lib:/home/root/voxl-mpa-to-ros2/colcon_ws/install/camera_info_manager/lib:/opt/ros/foxy/opt/yaml_cpp_vendor/lib:/opt/ros/foxy/lib SHLVL=3 _=/usr/bin/env /usr/bin/cmake /home/root/voxl-mpa-to-ros2/colcon_ws/src/image_common/camera_info_manager -DCMAKE_INSTALL_PREFIX=/home/root/voxl-mpa-to-ros2/colcon_ws/install/camera_info_manager
[9.689s] Invoking command in '/home/root/voxl-mpa-to-ros2/colcon_ws/build/camera_info_manager': CMAKE_PREFIX_PATH=/home/root/voxl-mpa-to-ros2/colcon_ws/install/camera_calibration_parsers:/home/root/voxl-mpa-to-ros2/colcon_ws/install/voxl_mpa_to_ros2:/home/root/voxl-mpa-to-ros2/colcon_ws/install/voxl_msgs:/home/root/voxl-mpa-to-ros2/colcon_ws/install/px4_ros_com:/home/root/voxl-mpa-to-ros2/colcon_ws/install/px4_msgs:/home/root/voxl-mpa-to-ros2/colcon_ws/install/image_common:/home/root/voxl-mpa-to-ros2/colcon_ws/install/image_transport:/home/root/voxl-mpa-to-ros2/colcon_ws/install/camera_info_manager:/opt/ros/foxy:/home/root/voxl-mpa-to-ros2/colcon_ws/install/voxl_offboard_figure8 LD_LIBRARY_PATH=/home/root/voxl-mpa-to-ros2/colcon_ws/install/camera_calibration_parsers/lib:/home/root/voxl-mpa-to-ros2/colcon_ws/install/voxl_msgs/lib:/home/root/voxl-mpa-to-ros2/colcon_ws/install/px4_ros_com/lib:/home/root/voxl-mpa-to-ros2/colcon_ws/install/px4_msgs/lib:/home/root/voxl-mpa-to-ros2/colcon_ws/install/image_transport/lib:/home/root/voxl-mpa-to-ros2/colcon_ws/install/camera_info_manager/lib:/opt/ros/foxy/opt/yaml_cpp_vendor/lib:/opt/ros/foxy/lib SHLVL=3 _=/usr/bin/env /usr/bin/cmake --build /home/root/voxl-mpa-to-ros2/colcon_ws/build/camera_info_manager -- -j8 -l8
[9.902s] [35m[1mScanning dependencies of target camera_info_manager[0m
[10.043s] [ 50%] [32mBuilding CXX object CMakeFiles/camera_info_manager.dir/src/camera_info_manager.cpp.o[0m
[17.891s] [100%] [32m[1mLinking CXX shared library libcamera_info_manager.so[0m
[20.382s] [100%] Built target camera_info_manager
[20.426s] Invoked command in '/home/root/voxl-mpa-to-ros2/colcon_ws/build/camera_info_manager' returned '0': CMAKE_PREFIX_PATH=/home/root/voxl-mpa-to-ros2/colcon_ws/install/camera_calibration_parsers:/home/root/voxl-mpa-to-ros2/colcon_ws/install/voxl_mpa_to_ros2:/home/root/voxl-mpa-to-ros2/colcon_ws/install/voxl_msgs:/home/root/voxl-mpa-to-ros2/colcon_ws/install/px4_ros_com:/home/root/voxl-mpa-to-ros2/colcon_ws/install/px4_msgs:/home/root/voxl-mpa-to-ros2/colcon_ws/install/image_common:/home/root/voxl-mpa-to-ros2/colcon_ws/install/image_transport:/home/root/voxl-mpa-to-ros2/colcon_ws/install/camera_info_manager:/opt/ros/foxy:/home/root/voxl-mpa-to-ros2/colcon_ws/install/voxl_offboard_figure8 LD_LIBRARY_PATH=/home/root/voxl-mpa-to-ros2/colcon_ws/install/camera_calibration_parsers/lib:/home/root/voxl-mpa-to-ros2/colcon_ws/install/voxl_msgs/lib:/home/root/voxl-mpa-to-ros2/colcon_ws/install/px4_ros_com/lib:/home/root/voxl-mpa-to-ros2/colcon_ws/install/px4_msgs/lib:/home/root/voxl-mpa-to-ros2/colcon_ws/install/image_transport/lib:/home/root/voxl-mpa-to-ros2/colcon_ws/install/camera_info_manager/lib:/opt/ros/foxy/opt/yaml_cpp_vendor/lib:/opt/ros/foxy/lib SHLVL=3 _=/usr/bin/env /usr/bin/cmake --build /home/root/voxl-mpa-to-ros2/colcon_ws/build/camera_info_manager -- -j8 -l8
[20.584s] Invoking command in '/home/root/voxl-mpa-to-ros2/colcon_ws/build/camera_info_manager': CMAKE_PREFIX_PATH=/home/root/voxl-mpa-to-ros2/colcon_ws/install/camera_calibration_parsers:/home/root/voxl-mpa-to-ros2/colcon_ws/install/voxl_mpa_to_ros2:/home/root/voxl-mpa-to-ros2/colcon_ws/install/voxl_msgs:/home/root/voxl-mpa-to-ros2/colcon_ws/install/px4_ros_com:/home/root/voxl-mpa-to-ros2/colcon_ws/install/px4_msgs:/home/root/voxl-mpa-to-ros2/colcon_ws/install/image_common:/home/root/voxl-mpa-to-ros2/colcon_ws/install/image_transport:/home/root/voxl-mpa-to-ros2/colcon_ws/install/camera_info_manager:/opt/ros/foxy:/home/root/voxl-mpa-to-ros2/colcon_ws/install/voxl_offboard_figure8 LD_LIBRARY_PATH=/home/root/voxl-mpa-to-ros2/colcon_ws/install/camera_calibration_parsers/lib:/home/root/voxl-mpa-to-ros2/colcon_ws/install/voxl_msgs/lib:/home/root/voxl-mpa-to-ros2/colcon_ws/install/px4_ros_com/lib:/home/root/voxl-mpa-to-ros2/colcon_ws/install/px4_msgs/lib:/home/root/voxl-mpa-to-ros2/colcon_ws/install/image_transport/lib:/home/root/voxl-mpa-to-ros2/colcon_ws/install/camera_info_manager/lib:/opt/ros/foxy/opt/yaml_cpp_vendor/lib:/opt/ros/foxy/lib SHLVL=3 _=/usr/bin/env /usr/bin/cmake --build /home/root/voxl-mpa-to-ros2/colcon_ws/build/camera_info_manager --target install -- -j8 -l8
[20.895s] [100%] Built target camera_info_manager
[21.015s] [36mInstall the project...[0m
[21.061s] -- Install configuration: ""
[21.063s] -- Installing: /home/root/voxl-mpa-to-ros2/colcon_ws/install/camera_info_manager/lib/libcamera_info_manager.so
[21.067s] -- Set runtime path of "/home/root/voxl-mpa-to-ros2/colcon_ws/install/camera_info_manager/lib/libcamera_info_manager.so" to ""
[21.069s] -- Installing: /home/root/voxl-mpa-to-ros2/colcon_ws/install/camera_info_manager/include
[21.070s] -- Installing: /home/root/voxl-mpa-to-ros2/colcon_ws/install/camera_info_manager/include/camera_info_manager
[21.071s] -- Installing: /home/root/voxl-mpa-to-ros2/colcon_ws/install/camera_info_manager/include/camera_info_manager/camera_info_manager.h
[21.073s] -- Installing: /home/root/voxl-mpa-to-ros2/colcon_ws/install/camera_info_manager/include/camera_info_manager/camera_info_manager.hpp
[21.074s] -- Installing: /home/root/voxl-mpa-to-ros2/colcon_ws/install/camera_info_manager/include/camera_info_manager/visibility_control.h
[21.075s] -- Installing: /home/root/voxl-mpa-to-ros2/colcon_ws/install/camera_info_manager/share/camera_info_manager/environment/library_path.sh
[21.076s] -- Installing: /home/root/voxl-mpa-to-ros2/colcon_ws/install/camera_info_manager/share/camera_info_manager/environment/library_path.dsv
[21.077s] -- Installing: /home/root/voxl-mpa-to-ros2/colcon_ws/install/camera_info_manager/share/ament_index/resource_index/package_run_dependencies/camera_info_manager
[21.078s] -- Installing: /home/root/voxl-mpa-to-ros2/colcon_ws/install/camera_info_manager/share/ament_index/resource_index/parent_prefix_path/camera_info_manager
[21.079s] -- Installing: /home/root/voxl-mpa-to-ros2/colcon_ws/install/camera_info_manager/share/camera_info_manager/environment/ament_prefix_path.sh
[21.080s] -- Installing: /home/root/voxl-mpa-to-ros2/colcon_ws/install/camera_info_manager/share/camera_info_manager/environment/ament_prefix_path.dsv
[21.081s] -- Installing: /home/root/voxl-mpa-to-ros2/colcon_ws/install/camera_info_manager/share/camera_info_manager/environment/path.sh
[21.081s] -- Installing: /home/root/voxl-mpa-to-ros2/colcon_ws/install/camera_info_manager/share/camera_info_manager/environment/path.dsv
[21.082s] -- Installing: /home/root/voxl-mpa-to-ros2/colcon_ws/install/camera_info_manager/share/camera_info_manager/local_setup.bash
[21.083s] -- Installing: /home/root/voxl-mpa-to-ros2/colcon_ws/install/camera_info_manager/share/camera_info_manager/local_setup.sh
[21.083s] -- Installing: /home/root/voxl-mpa-to-ros2/colcon_ws/install/camera_info_manager/share/camera_info_manager/local_setup.zsh
[21.084s] -- Installing: /home/root/voxl-mpa-to-ros2/colcon_ws/install/camera_info_manager/share/camera_info_manager/local_setup.dsv
[21.084s] -- Installing: /home/root/voxl-mpa-to-ros2/colcon_ws/install/camera_info_manager/share/camera_info_manager/package.dsv
[21.085s] -- Installing: /home/root/voxl-mpa-to-ros2/colcon_ws/install/camera_info_manager/share/ament_index/resource_index/packages/camera_info_manager
[21.087s] -- Installing: /home/root/voxl-mpa-to-ros2/colcon_ws/install/camera_info_manager/share/camera_info_manager/cmake/ament_cmake_export_include_directories-extras.cmake
[21.088s] -- Installing: /home/root/voxl-mpa-to-ros2/colcon_ws/install/camera_info_manager/share/camera_info_manager/cmake/ament_cmake_export_dependencies-extras.cmake
[21.088s] -- Installing: /home/root/voxl-mpa-to-ros2/colcon_ws/install/camera_info_manager/share/camera_info_manager/cmake/ament_cmake_export_libraries-extras.cmake
[21.089s] -- Installing: /home/root/voxl-mpa-to-ros2/colcon_ws/install/camera_info_manager/share/camera_info_manager/cmake/camera_info_managerConfig.cmake
[21.090s] -- Installing: /home/root/voxl-mpa-to-ros2/colcon_ws/install/camera_info_manager/share/camera_info_manager/cmake/camera_info_managerConfig-version.cmake
[21.090s] -- Installing: /home/root/voxl-mpa-to-ros2/colcon_ws/install/camera_info_manager/share/camera_info_manager/package.xml
[21.106s] Invoked command in '/home/root/voxl-mpa-to-ros2/colcon_ws/build/camera_info_manager' returned '0': CMAKE_PREFIX_PATH=/home/root/voxl-mpa-to-ros2/colcon_ws/install/camera_calibration_parsers:/home/root/voxl-mpa-to-ros2/colcon_ws/install/voxl_mpa_to_ros2:/home/root/voxl-mpa-to-ros2/colcon_ws/install/voxl_msgs:/home/root/voxl-mpa-to-ros2/colcon_ws/install/px4_ros_com:/home/root/voxl-mpa-to-ros2/colcon_ws/install/px4_msgs:/home/root/voxl-mpa-to-ros2/colcon_ws/install/image_common:/home/root/voxl-mpa-to-ros2/colcon_ws/install/image_transport:/home/root/voxl-mpa-to-ros2/colcon_ws/install/camera_info_manager:/opt/ros/foxy:/home/root/voxl-mpa-to-ros2/colcon_ws/install/voxl_offboard_figure8 LD_LIBRARY_PATH=/home/root/voxl-mpa-to-ros2/colcon_ws/install/camera_calibration_parsers/lib:/home/root/voxl-mpa-to-ros2/colcon_ws/install/voxl_msgs/lib:/home/root/voxl-mpa-to-ros2/colcon_ws/install/px4_ros_com/lib:/home/root/voxl-mpa-to-ros2/colcon_ws/install/px4_msgs/lib:/home/root/voxl-mpa-to-ros2/colcon_ws/install/image_transport/lib:/home/root/voxl-mpa-to-ros2/colcon_ws/install/camera_info_manager/lib:/opt/ros/foxy/opt/yaml_cpp_vendor/lib:/opt/ros/foxy/lib SHLVL=3 _=/usr/bin/env /usr/bin/cmake --build /home/root/voxl-mpa-to-ros2/colcon_ws/build/camera_info_manager --target install -- -j8 -l8
