[0.133s] Invoking command in '/home/root/voxl-mpa-to-ros2/colcon_ws/build/voxl_mpa_to_ros2': AMENT_PREFIX_PATH=/home/root/voxl-mpa-to-ros2/colcon_ws/install/px4_ros_com:/home/root/voxl-mpa-to-ros2/colcon_ws/install/voxl_msgs:/home/root/voxl-mpa-to-ros2/colcon_ws/install/px4_msgs:/home/root/voxl-mpa-to-ros2/colcon_ws/install/image_transport:${AMENT_PREFIX_PATH} CMAKE_PREFIX_PATH=/home/root/voxl-mpa-to-ros2/colcon_ws/install/px4_ros_com:/home/root/voxl-mpa-to-ros2/colcon_ws/install/voxl_msgs:/home/root/voxl-mpa-to-ros2/colcon_ws/install/px4_msgs:/home/root/voxl-mpa-to-ros2/colcon_ws/install/image_transport:${CMAKE_PREFIX_PATH} LD_LIBRARY_PATH=/home/root/voxl-mpa-to-ros2/colcon_ws/install/px4_ros_com/lib:/home/root/voxl-mpa-to-ros2/colcon_ws/install/voxl_msgs/lib:/home/root/voxl-mpa-to-ros2/colcon_ws/install/px4_msgs/lib:/home/root/voxl-mpa-to-ros2/colcon_ws/install/image_transport/lib:${LD_LIBRARY_PATH} PYTHONPATH=/home/root/voxl-mpa-to-ros2/colcon_ws/install/voxl_msgs/lib/python3.6/site-packages:/home/root/voxl-mpa-to-ros2/colcon_ws/install/px4_msgs/lib/python3.6/site-packages:${PYTHONPATH} SHLVL=3 _=/usr/bin/env /usr/bin/cmake --build /home/root/voxl-mpa-to-ros2/colcon_ws/build/voxl_mpa_to_ros2 -- -j8 -l8
[0.456s] [35m[1mScanning dependencies of target voxl_mpa_to_ros2_node[0m
[0.626s] [  8%] [32mBuilding CXX object CMakeFiles/voxl_mpa_to_ros2_node.dir/src/interfaces/qvio_interface.cpp.o[0m
[2.592s] In file included from [01m[K/home/root/voxl-mpa-to-ros2/colcon_ws/src/voxl_mpa_to_ros2/include/voxl_mpa_to_ros2/interfaces/qvio_interface.h:42:0[m[K,
[2.594s]                  from [01m[K/home/root/voxl-mpa-to-ros2/colcon_ws/src/voxl_mpa_to_ros2/src/interfaces/qvio_interface.cpp:34[m[K:
[2.595s] [01m[K/home/root/voxl-mpa-to-ros2/colcon_ws/src/voxl_mpa_to_ros2/include/voxl_mpa_to_ros2/interfaces/generic_interface.h:[m[K In static member function ‘[01m[Kstatic void GenericInterface::_interface_dc_cb(int, void*)[m[K’:
[2.597s] [01m[K/home/root/voxl-mpa-to-ros2/colcon_ws/src/voxl_mpa_to_ros2/include/voxl_mpa_to_ros2/interfaces/generic_interface.h:166:38:[m[K [01;35m[Kwarning: [m[Kunused parameter ‘[01m[Kch[m[K’ [[01;35m[K-Wunused-parameter[m[K]
[2.599s]      static void _interface_dc_cb(int [01;35m[Kch[m[K, void* context){
[2.600s]                                       [01;35m[K^~[m[K
[5.346s] [ 16%] [32m[1mLinking CXX executable voxl_mpa_to_ros2_node[0m
[7.325s] [100%] Built target voxl_mpa_to_ros2_node
[7.418s] Invoked command in '/home/root/voxl-mpa-to-ros2/colcon_ws/build/voxl_mpa_to_ros2' returned '0': AMENT_PREFIX_PATH=/home/root/voxl-mpa-to-ros2/colcon_ws/install/px4_ros_com:/home/root/voxl-mpa-to-ros2/colcon_ws/install/voxl_msgs:/home/root/voxl-mpa-to-ros2/colcon_ws/install/px4_msgs:/home/root/voxl-mpa-to-ros2/colcon_ws/install/image_transport:${AMENT_PREFIX_PATH} CMAKE_PREFIX_PATH=/home/root/voxl-mpa-to-ros2/colcon_ws/install/px4_ros_com:/home/root/voxl-mpa-to-ros2/colcon_ws/install/voxl_msgs:/home/root/voxl-mpa-to-ros2/colcon_ws/install/px4_msgs:/home/root/voxl-mpa-to-ros2/colcon_ws/install/image_transport:${CMAKE_PREFIX_PATH} LD_LIBRARY_PATH=/home/root/voxl-mpa-to-ros2/colcon_ws/install/px4_ros_com/lib:/home/root/voxl-mpa-to-ros2/colcon_ws/install/voxl_msgs/lib:/home/root/voxl-mpa-to-ros2/colcon_ws/install/px4_msgs/lib:/home/root/voxl-mpa-to-ros2/colcon_ws/install/image_transport/lib:${LD_LIBRARY_PATH} PYTHONPATH=/home/root/voxl-mpa-to-ros2/colcon_ws/install/voxl_msgs/lib/python3.6/site-packages:/home/root/voxl-mpa-to-ros2/colcon_ws/install/px4_msgs/lib/python3.6/site-packages:${PYTHONPATH} SHLVL=3 _=/usr/bin/env /usr/bin/cmake --build /home/root/voxl-mpa-to-ros2/colcon_ws/build/voxl_mpa_to_ros2 -- -j8 -l8
[7.667s] Invoking command in '/home/root/voxl-mpa-to-ros2/colcon_ws/build/voxl_mpa_to_ros2': AMENT_PREFIX_PATH=/home/root/voxl-mpa-to-ros2/colcon_ws/install/px4_ros_com:/home/root/voxl-mpa-to-ros2/colcon_ws/install/voxl_msgs:/home/root/voxl-mpa-to-ros2/colcon_ws/install/px4_msgs:/home/root/voxl-mpa-to-ros2/colcon_ws/install/image_transport:${AMENT_PREFIX_PATH} CMAKE_PREFIX_PATH=/home/root/voxl-mpa-to-ros2/colcon_ws/install/px4_ros_com:/home/root/voxl-mpa-to-ros2/colcon_ws/install/voxl_msgs:/home/root/voxl-mpa-to-ros2/colcon_ws/install/px4_msgs:/home/root/voxl-mpa-to-ros2/colcon_ws/install/image_transport:${CMAKE_PREFIX_PATH} LD_LIBRARY_PATH=/home/root/voxl-mpa-to-ros2/colcon_ws/install/px4_ros_com/lib:/home/root/voxl-mpa-to-ros2/colcon_ws/install/voxl_msgs/lib:/home/root/voxl-mpa-to-ros2/colcon_ws/install/px4_msgs/lib:/home/root/voxl-mpa-to-ros2/colcon_ws/install/image_transport/lib:${LD_LIBRARY_PATH} PYTHONPATH=/home/root/voxl-mpa-to-ros2/colcon_ws/install/voxl_msgs/lib/python3.6/site-packages:/home/root/voxl-mpa-to-ros2/colcon_ws/install/px4_msgs/lib/python3.6/site-packages:${PYTHONPATH} SHLVL=3 _=/usr/bin/env /usr/bin/cmake --build /home/root/voxl-mpa-to-ros2/colcon_ws/build/voxl_mpa_to_ros2 --target install -- -j8 -l8
[8.090s] [100%] Built target voxl_mpa_to_ros2_node
[8.204s] [36mInstall the project...[0m
[8.262s] -- Install configuration: ""
[8.265s] -- Up-to-date: /home/root/voxl-mpa-to-ros2/colcon_ws/install/voxl_mpa_to_ros2/share/voxl_mpa_to_ros2/launch
[8.269s] -- Up-to-date: /home/root/voxl-mpa-to-ros2/colcon_ws/install/voxl_mpa_to_ros2/share/voxl_mpa_to_ros2/launch/voxl_mpa_to_ros2.launch
[8.273s] -- Installing: /home/root/voxl-mpa-to-ros2/colcon_ws/install/voxl_mpa_to_ros2/lib/voxl_mpa_to_ros2/voxl_mpa_to_ros2_node
[8.278s] -- Set runtime path of "/home/root/voxl-mpa-to-ros2/colcon_ws/install/voxl_mpa_to_ros2/lib/voxl_mpa_to_ros2/voxl_mpa_to_ros2_node" to ""
[8.282s] -- Up-to-date: /home/root/voxl-mpa-to-ros2/colcon_ws/install/voxl_mpa_to_ros2/share/ament_index/resource_index/package_run_dependencies/voxl_mpa_to_ros2
[8.296s] -- Up-to-date: /home/root/voxl-mpa-to-ros2/colcon_ws/install/voxl_mpa_to_ros2/share/ament_index/resource_index/parent_prefix_path/voxl_mpa_to_ros2
[8.298s] -- Up-to-date: /home/root/voxl-mpa-to-ros2/colcon_ws/install/voxl_mpa_to_ros2/share/voxl_mpa_to_ros2/environment/ament_prefix_path.sh
[8.301s] -- Up-to-date: /home/root/voxl-mpa-to-ros2/colcon_ws/install/voxl_mpa_to_ros2/share/voxl_mpa_to_ros2/environment/ament_prefix_path.dsv
[8.303s] -- Up-to-date: /home/root/voxl-mpa-to-ros2/colcon_ws/install/voxl_mpa_to_ros2/share/voxl_mpa_to_ros2/environment/path.sh
[8.305s] -- Up-to-date: /home/root/voxl-mpa-to-ros2/colcon_ws/install/voxl_mpa_to_ros2/share/voxl_mpa_to_ros2/environment/path.dsv
[8.307s] -- Up-to-date: /home/root/voxl-mpa-to-ros2/colcon_ws/install/voxl_mpa_to_ros2/share/voxl_mpa_to_ros2/local_setup.bash
[8.310s] -- Up-to-date: /home/root/voxl-mpa-to-ros2/colcon_ws/install/voxl_mpa_to_ros2/share/voxl_mpa_to_ros2/local_setup.sh
[8.313s] -- Up-to-date: /home/root/voxl-mpa-to-ros2/colcon_ws/install/voxl_mpa_to_ros2/share/voxl_mpa_to_ros2/local_setup.zsh
[8.316s] -- Up-to-date: /home/root/voxl-mpa-to-ros2/colcon_ws/install/voxl_mpa_to_ros2/share/voxl_mpa_to_ros2/local_setup.dsv
[8.320s] -- Installing: /home/root/voxl-mpa-to-ros2/colcon_ws/install/voxl_mpa_to_ros2/share/voxl_mpa_to_ros2/package.dsv
[8.322s] -- Up-to-date: /home/root/voxl-mpa-to-ros2/colcon_ws/install/voxl_mpa_to_ros2/share/ament_index/resource_index/packages/voxl_mpa_to_ros2
[8.325s] -- Up-to-date: /home/root/voxl-mpa-to-ros2/colcon_ws/install/voxl_mpa_to_ros2/share/voxl_mpa_to_ros2/cmake/ament_cmake_export_dependencies-extras.cmake
[8.326s] -- Up-to-date: /home/root/voxl-mpa-to-ros2/colcon_ws/install/voxl_mpa_to_ros2/share/voxl_mpa_to_ros2/cmake/voxl_mpa_to_ros2Config.cmake
[8.329s] -- Up-to-date: /home/root/voxl-mpa-to-ros2/colcon_ws/install/voxl_mpa_to_ros2/share/voxl_mpa_to_ros2/cmake/voxl_mpa_to_ros2Config-version.cmake
[8.331s] -- Up-to-date: /home/root/voxl-mpa-to-ros2/colcon_ws/install/voxl_mpa_to_ros2/share/voxl_mpa_to_ros2/package.xml
[8.336s] Invoked command in '/home/root/voxl-mpa-to-ros2/colcon_ws/build/voxl_mpa_to_ros2' returned '0': AMENT_PREFIX_PATH=/home/root/voxl-mpa-to-ros2/colcon_ws/install/px4_ros_com:/home/root/voxl-mpa-to-ros2/colcon_ws/install/voxl_msgs:/home/root/voxl-mpa-to-ros2/colcon_ws/install/px4_msgs:/home/root/voxl-mpa-to-ros2/colcon_ws/install/image_transport:${AMENT_PREFIX_PATH} CMAKE_PREFIX_PATH=/home/root/voxl-mpa-to-ros2/colcon_ws/install/px4_ros_com:/home/root/voxl-mpa-to-ros2/colcon_ws/install/voxl_msgs:/home/root/voxl-mpa-to-ros2/colcon_ws/install/px4_msgs:/home/root/voxl-mpa-to-ros2/colcon_ws/install/image_transport:${CMAKE_PREFIX_PATH} LD_LIBRARY_PATH=/home/root/voxl-mpa-to-ros2/colcon_ws/install/px4_ros_com/lib:/home/root/voxl-mpa-to-ros2/colcon_ws/install/voxl_msgs/lib:/home/root/voxl-mpa-to-ros2/colcon_ws/install/px4_msgs/lib:/home/root/voxl-mpa-to-ros2/colcon_ws/install/image_transport/lib:${LD_LIBRARY_PATH} PYTHONPATH=/home/root/voxl-mpa-to-ros2/colcon_ws/install/voxl_msgs/lib/python3.6/site-packages:/home/root/voxl-mpa-to-ros2/colcon_ws/install/px4_msgs/lib/python3.6/site-packages:${PYTHONPATH} SHLVL=3 _=/usr/bin/env /usr/bin/cmake --build /home/root/voxl-mpa-to-ros2/colcon_ws/build/voxl_mpa_to_ros2 --target install -- -j8 -l8
