[0.143s] Invoking command in '/home/root/voxl-mpa-to-ros2/colcon_ws/build/voxl_msgs': CMAKE_PREFIX_PATH=${CMAKE_PREFIX_PATH}:/home/root/voxl-mpa-to-ros2/colcon_ws/install/voxl_offboard_figure8 SHLVL=3 _=/usr/bin/env /usr/bin/cmake --build /home/root/voxl-mpa-to-ros2/colcon_ws/build/voxl_msgs -- -j8 -l8
[0.219s] [  9%] Built target voxl_msgs__rosidl_generator_c
[0.254s] [ 12%] Built target voxl_msgs__cpp
[0.258s] [ 22%] Built target voxl_msgs__rosidl_typesupport_c
[0.305s] [ 32%] Built target voxl_msgs__rosidl_typesupport_introspection_cpp
[0.306s] [ 41%] Built target voxl_msgs__rosidl_typesupport_fastrtps_cpp
[0.312s] [ 51%] Built target voxl_msgs__rosidl_typesupport_introspection_c
[0.333s] [ 61%] Built target voxl_msgs__rosidl_typesupport_cpp
[0.428s] [ 70%] Built target voxl_msgs__rosidl_typesupport_fastrtps_c
[0.492s] [ 70%] Built target voxl_msgs
[0.581s] [ 74%] Built target voxl_msgs__py
[0.695s] [ 80%] Built target voxl_msgs__python
[0.755s] [ 87%] Built target voxl_msgs__rosidl_typesupport_introspection_c__pyext
[0.759s] [ 93%] Built target voxl_msgs__rosidl_typesupport_c__pyext
[0.790s] [100%] Built target voxl_msgs__rosidl_typesupport_fastrtps_c__pyext
[0.836s] Invoked command in '/home/root/voxl-mpa-to-ros2/colcon_ws/build/voxl_msgs' returned '0': CMAKE_PREFIX_PATH=${CMAKE_PREFIX_PATH}:/home/root/voxl-mpa-to-ros2/colcon_ws/install/voxl_offboard_figure8 SHLVL=3 _=/usr/bin/env /usr/bin/cmake --build /home/root/voxl-mpa-to-ros2/colcon_ws/build/voxl_msgs -- -j8 -l8
[1.242s] Invoking command in '/home/root/voxl-mpa-to-ros2/colcon_ws/build/voxl_msgs': CMAKE_PREFIX_PATH=${CMAKE_PREFIX_PATH}:/home/root/voxl-mpa-to-ros2/colcon_ws/install/voxl_offboard_figure8 SHLVL=3 _=/usr/bin/env /usr/bin/cmake --build /home/root/voxl-mpa-to-ros2/colcon_ws/build/voxl_msgs --target install -- -j8 -l8
[1.375s] [  3%] Built target voxl_msgs__cpp
[1.376s] [ 12%] Built target voxl_msgs__rosidl_generator_c
[1.427s] [ 22%] Built target voxl_msgs__rosidl_typesupport_introspection_cpp
[1.555s] [ 32%] Built target voxl_msgs__rosidl_typesupport_introspection_c
[1.556s] [ 41%] Built target voxl_msgs__rosidl_typesupport_cpp
[1.559s] [ 51%] Built target voxl_msgs__rosidl_typesupport_c
[1.561s] [ 61%] Built target voxl_msgs__rosidl_typesupport_fastrtps_cpp
[1.590s] [ 70%] Built target voxl_msgs__rosidl_typesupport_fastrtps_c
[1.631s] [ 70%] Built target voxl_msgs
[1.707s] [ 74%] Built target voxl_msgs__py
[1.777s] [ 80%] Built target voxl_msgs__python
[1.834s] [ 87%] Built target voxl_msgs__rosidl_typesupport_fastrtps_c__pyext
[1.855s] [ 93%] Built target voxl_msgs__rosidl_typesupport_c__pyext
[1.869s] [100%] Built target voxl_msgs__rosidl_typesupport_introspection_c__pyext
[1.950s] [36mInstall the project...[0m
[1.988s] -- Install configuration: ""
[1.990s] -- Up-to-date: /home/root/voxl-mpa-to-ros2/colcon_ws/install/voxl_msgs/share/ament_index/resource_index/rosidl_interfaces/voxl_msgs
[1.991s] -- Up-to-date: /home/root/voxl-mpa-to-ros2/colcon_ws/install/voxl_msgs/include/voxl_msgs
[1.991s] -- Up-to-date: /home/root/voxl-mpa-to-ros2/colcon_ws/install/voxl_msgs/include/voxl_msgs/msg
[1.992s] -- Up-to-date: /home/root/voxl-mpa-to-ros2/colcon_ws/install/voxl_msgs/include/voxl_msgs/msg/aidetection.h
[1.992s] -- Up-to-date: /home/root/voxl-mpa-to-ros2/colcon_ws/install/voxl_msgs/include/voxl_msgs/msg/detail
[1.993s] -- Up-to-date: /home/root/voxl-mpa-to-ros2/colcon_ws/install/voxl_msgs/include/voxl_msgs/msg/detail/aidetection__functions.c
[1.993s] -- Up-to-date: /home/root/voxl-mpa-to-ros2/colcon_ws/install/voxl_msgs/include/voxl_msgs/msg/detail/aidetection__functions.h
[1.994s] -- Up-to-date: /home/root/voxl-mpa-to-ros2/colcon_ws/install/voxl_msgs/include/voxl_msgs/msg/detail/aidetection__struct.h
[1.995s] -- Up-to-date: /home/root/voxl-mpa-to-ros2/colcon_ws/install/voxl_msgs/include/voxl_msgs/msg/detail/aidetection__type_support.h
[1.995s] -- Up-to-date: /home/root/voxl-mpa-to-ros2/colcon_ws/install/voxl_msgs/include/voxl_msgs/msg/rosidl_generator_c__visibility_control.h
[1.996s] -- Up-to-date: /home/root/voxl-mpa-to-ros2/colcon_ws/install/voxl_msgs/share/voxl_msgs/environment/library_path.sh
[1.996s] -- Up-to-date: /home/root/voxl-mpa-to-ros2/colcon_ws/install/voxl_msgs/share/voxl_msgs/environment/library_path.dsv
[1.997s] -- Up-to-date: /home/root/voxl-mpa-to-ros2/colcon_ws/install/voxl_msgs/lib/libvoxl_msgs__rosidl_generator_c.so
[1.997s] -- Up-to-date: /home/root/voxl-mpa-to-ros2/colcon_ws/install/voxl_msgs/include/voxl_msgs
[1.998s] -- Up-to-date: /home/root/voxl-mpa-to-ros2/colcon_ws/install/voxl_msgs/include/voxl_msgs/msg
[1.999s] -- Up-to-date: /home/root/voxl-mpa-to-ros2/colcon_ws/install/voxl_msgs/include/voxl_msgs/msg/detail
[1.999s] -- Up-to-date: /home/root/voxl-mpa-to-ros2/colcon_ws/install/voxl_msgs/include/voxl_msgs/msg/detail/aidetection__rosidl_typesupport_fastrtps_c.h
[2.000s] -- Up-to-date: /home/root/voxl-mpa-to-ros2/colcon_ws/install/voxl_msgs/include/voxl_msgs/msg/rosidl_typesupport_fastrtps_c__visibility_control.h
[2.000s] -- Up-to-date: /home/root/voxl-mpa-to-ros2/colcon_ws/install/voxl_msgs/lib/libvoxl_msgs__rosidl_typesupport_fastrtps_c.so
[2.001s] -- Up-to-date: /home/root/voxl-mpa-to-ros2/colcon_ws/install/voxl_msgs/include/voxl_msgs
[2.001s] -- Up-to-date: /home/root/voxl-mpa-to-ros2/colcon_ws/install/voxl_msgs/include/voxl_msgs/msg
[2.002s] -- Up-to-date: /home/root/voxl-mpa-to-ros2/colcon_ws/install/voxl_msgs/include/voxl_msgs/msg/detail
[2.003s] -- Up-to-date: /home/root/voxl-mpa-to-ros2/colcon_ws/install/voxl_msgs/include/voxl_msgs/msg/detail/aidetection__rosidl_typesupport_fastrtps_cpp.hpp
[2.003s] -- Up-to-date: /home/root/voxl-mpa-to-ros2/colcon_ws/install/voxl_msgs/include/voxl_msgs/msg/detail/dds_fastrtps
[2.004s] -- Up-to-date: /home/root/voxl-mpa-to-ros2/colcon_ws/install/voxl_msgs/include/voxl_msgs/msg/rosidl_typesupport_fastrtps_cpp__visibility_control.h
[2.004s] -- Up-to-date: /home/root/voxl-mpa-to-ros2/colcon_ws/install/voxl_msgs/lib/libvoxl_msgs__rosidl_typesupport_fastrtps_cpp.so
[2.005s] -- Up-to-date: /home/root/voxl-mpa-to-ros2/colcon_ws/install/voxl_msgs/include/voxl_msgs
[2.005s] -- Up-to-date: /home/root/voxl-mpa-to-ros2/colcon_ws/install/voxl_msgs/include/voxl_msgs/msg
[2.006s] -- Up-to-date: /home/root/voxl-mpa-to-ros2/colcon_ws/install/voxl_msgs/include/voxl_msgs/msg/detail
[2.006s] -- Up-to-date: /home/root/voxl-mpa-to-ros2/colcon_ws/install/voxl_msgs/include/voxl_msgs/msg/detail/aidetection__rosidl_typesupport_introspection_c.h
[2.007s] -- Up-to-date: /home/root/voxl-mpa-to-ros2/colcon_ws/install/voxl_msgs/include/voxl_msgs/msg/detail/aidetection__type_support.c
[2.007s] -- Up-to-date: /home/root/voxl-mpa-to-ros2/colcon_ws/install/voxl_msgs/include/voxl_msgs/msg/rosidl_typesupport_introspection_c__visibility_control.h
[2.007s] -- Up-to-date: /home/root/voxl-mpa-to-ros2/colcon_ws/install/voxl_msgs/lib/libvoxl_msgs__rosidl_typesupport_introspection_c.so
[2.007s] -- Up-to-date: /home/root/voxl-mpa-to-ros2/colcon_ws/install/voxl_msgs/lib/libvoxl_msgs__rosidl_typesupport_c.so
[2.007s] -- Up-to-date: /home/root/voxl-mpa-to-ros2/colcon_ws/install/voxl_msgs/include/voxl_msgs
[2.007s] -- Up-to-date: /home/root/voxl-mpa-to-ros2/colcon_ws/install/voxl_msgs/include/voxl_msgs/msg
[2.007s] -- Up-to-date: /home/root/voxl-mpa-to-ros2/colcon_ws/install/voxl_msgs/include/voxl_msgs/msg/aidetection.hpp
[2.007s] -- Up-to-date: /home/root/voxl-mpa-to-ros2/colcon_ws/install/voxl_msgs/include/voxl_msgs/msg/detail
[2.008s] -- Up-to-date: /home/root/voxl-mpa-to-ros2/colcon_ws/install/voxl_msgs/include/voxl_msgs/msg/detail/aidetection__builder.hpp
[2.008s] -- Up-to-date: /home/root/voxl-mpa-to-ros2/colcon_ws/install/voxl_msgs/include/voxl_msgs/msg/detail/aidetection__struct.hpp
[2.008s] -- Up-to-date: /home/root/voxl-mpa-to-ros2/colcon_ws/install/voxl_msgs/include/voxl_msgs/msg/detail/aidetection__traits.hpp
[2.008s] -- Up-to-date: /home/root/voxl-mpa-to-ros2/colcon_ws/install/voxl_msgs/include/voxl_msgs/msg/detail/aidetection__type_support.hpp
[2.008s] -- Up-to-date: /home/root/voxl-mpa-to-ros2/colcon_ws/install/voxl_msgs/include/voxl_msgs/msg/rosidl_generator_cpp__visibility_control.hpp
[2.008s] -- Up-to-date: /home/root/voxl-mpa-to-ros2/colcon_ws/install/voxl_msgs/include/voxl_msgs
[2.008s] -- Up-to-date: /home/root/voxl-mpa-to-ros2/colcon_ws/install/voxl_msgs/include/voxl_msgs/msg
[2.009s] -- Up-to-date: /home/root/voxl-mpa-to-ros2/colcon_ws/install/voxl_msgs/include/voxl_msgs/msg/detail
[2.009s] -- Up-to-date: /home/root/voxl-mpa-to-ros2/colcon_ws/install/voxl_msgs/include/voxl_msgs/msg/detail/aidetection__rosidl_typesupport_introspection_cpp.hpp
[2.009s] -- Up-to-date: /home/root/voxl-mpa-to-ros2/colcon_ws/install/voxl_msgs/include/voxl_msgs/msg/detail/aidetection__type_support.cpp
[2.009s] -- Up-to-date: /home/root/voxl-mpa-to-ros2/colcon_ws/install/voxl_msgs/lib/libvoxl_msgs__rosidl_typesupport_introspection_cpp.so
[2.009s] -- Up-to-date: /home/root/voxl-mpa-to-ros2/colcon_ws/install/voxl_msgs/lib/libvoxl_msgs__rosidl_typesupport_cpp.so
[2.009s] -- Up-to-date: /home/root/voxl-mpa-to-ros2/colcon_ws/install/voxl_msgs/share/voxl_msgs/environment/pythonpath.sh
[2.009s] -- Up-to-date: /home/root/voxl-mpa-to-ros2/colcon_ws/install/voxl_msgs/share/voxl_msgs/environment/pythonpath.dsv
[2.009s] -- Up-to-date: /home/root/voxl-mpa-to-ros2/colcon_ws/install/voxl_msgs/lib/python3.6/site-packages/voxl_msgs/__init__.py
[2.069s] -- Up-to-date: /home/root/voxl-mpa-to-ros2/colcon_ws/install/voxl_msgs/lib/python3.6/site-packages/voxl_msgs/msg
[2.071s] -- Up-to-date: /home/root/voxl-mpa-to-ros2/colcon_ws/install/voxl_msgs/lib/python3.6/site-packages/voxl_msgs/msg/_aidetection.py
[2.072s] -- Up-to-date: /home/root/voxl-mpa-to-ros2/colcon_ws/install/voxl_msgs/lib/python3.6/site-packages/voxl_msgs/msg/_aidetection_s.c
[2.073s] -- Up-to-date: /home/root/voxl-mpa-to-ros2/colcon_ws/install/voxl_msgs/lib/python3.6/site-packages/voxl_msgs/msg/__init__.py
[2.074s] -- Up-to-date: /home/root/voxl-mpa-to-ros2/colcon_ws/install/voxl_msgs/lib/python3.6/site-packages/voxl_msgs/voxl_msgs_s__rosidl_typesupport_fastrtps_c.cpython-36m-aarch64-linux-gnu.so
[2.075s] -- Up-to-date: /home/root/voxl-mpa-to-ros2/colcon_ws/install/voxl_msgs/lib/python3.6/site-packages/voxl_msgs/voxl_msgs_s__rosidl_typesupport_introspection_c.cpython-36m-aarch64-linux-gnu.so
[2.077s] -- Up-to-date: /home/root/voxl-mpa-to-ros2/colcon_ws/install/voxl_msgs/lib/python3.6/site-packages/voxl_msgs/voxl_msgs_s__rosidl_typesupport_c.cpython-36m-aarch64-linux-gnu.so
[2.083s] -- Up-to-date: /home/root/voxl-mpa-to-ros2/colcon_ws/install/voxl_msgs/lib/libvoxl_msgs__python.so
[2.086s] -- Up-to-date: /home/root/voxl-mpa-to-ros2/colcon_ws/install/voxl_msgs/share/voxl_msgs/msg/Aidetection.idl
[2.087s] -- Up-to-date: /home/root/voxl-mpa-to-ros2/colcon_ws/install/voxl_msgs/share/voxl_msgs/msg/Aidetection.msg
[2.088s] -- Up-to-date: /home/root/voxl-mpa-to-ros2/colcon_ws/install/voxl_msgs/share/ament_index/resource_index/package_run_dependencies/voxl_msgs
[2.089s] -- Up-to-date: /home/root/voxl-mpa-to-ros2/colcon_ws/install/voxl_msgs/share/ament_index/resource_index/parent_prefix_path/voxl_msgs
[2.090s] -- Up-to-date: /home/root/voxl-mpa-to-ros2/colcon_ws/install/voxl_msgs/share/voxl_msgs/environment/ament_prefix_path.sh
[2.091s] -- Up-to-date: /home/root/voxl-mpa-to-ros2/colcon_ws/install/voxl_msgs/share/voxl_msgs/environment/ament_prefix_path.dsv
[2.092s] -- Up-to-date: /home/root/voxl-mpa-to-ros2/colcon_ws/install/voxl_msgs/share/voxl_msgs/environment/path.sh
[2.093s] -- Up-to-date: /home/root/voxl-mpa-to-ros2/colcon_ws/install/voxl_msgs/share/voxl_msgs/environment/path.dsv
[2.094s] -- Up-to-date: /home/root/voxl-mpa-to-ros2/colcon_ws/install/voxl_msgs/share/voxl_msgs/local_setup.bash
[2.095s] -- Up-to-date: /home/root/voxl-mpa-to-ros2/colcon_ws/install/voxl_msgs/share/voxl_msgs/local_setup.sh
[2.095s] -- Up-to-date: /home/root/voxl-mpa-to-ros2/colcon_ws/install/voxl_msgs/share/voxl_msgs/local_setup.zsh
[2.096s] -- Up-to-date: /home/root/voxl-mpa-to-ros2/colcon_ws/install/voxl_msgs/share/voxl_msgs/local_setup.dsv
[2.096s] -- Installing: /home/root/voxl-mpa-to-ros2/colcon_ws/install/voxl_msgs/share/voxl_msgs/package.dsv
[2.097s] -- Up-to-date: /home/root/voxl-mpa-to-ros2/colcon_ws/install/voxl_msgs/share/ament_index/resource_index/packages/voxl_msgs
[2.097s] -- Up-to-date: /home/root/voxl-mpa-to-ros2/colcon_ws/install/voxl_msgs/share/voxl_msgs/cmake/voxl_msgs__rosidl_generator_cExport.cmake
[2.098s] -- Up-to-date: /home/root/voxl-mpa-to-ros2/colcon_ws/install/voxl_msgs/share/voxl_msgs/cmake/voxl_msgs__rosidl_generator_cExport-noconfig.cmake
[2.098s] -- Up-to-date: /home/root/voxl-mpa-to-ros2/colcon_ws/install/voxl_msgs/share/voxl_msgs/cmake/voxl_msgs__rosidl_typesupport_introspection_cExport.cmake
[2.099s] -- Up-to-date: /home/root/voxl-mpa-to-ros2/colcon_ws/install/voxl_msgs/share/voxl_msgs/cmake/voxl_msgs__rosidl_typesupport_introspection_cExport-noconfig.cmake
[2.099s] -- Up-to-date: /home/root/voxl-mpa-to-ros2/colcon_ws/install/voxl_msgs/share/voxl_msgs/cmake/voxl_msgs__rosidl_typesupport_cExport.cmake
[2.100s] -- Up-to-date: /home/root/voxl-mpa-to-ros2/colcon_ws/install/voxl_msgs/share/voxl_msgs/cmake/voxl_msgs__rosidl_typesupport_cExport-noconfig.cmake
[2.100s] -- Up-to-date: /home/root/voxl-mpa-to-ros2/colcon_ws/install/voxl_msgs/share/voxl_msgs/cmake/voxl_msgs__rosidl_generator_cppExport.cmake
[2.101s] -- Up-to-date: /home/root/voxl-mpa-to-ros2/colcon_ws/install/voxl_msgs/share/voxl_msgs/cmake/voxl_msgs__rosidl_typesupport_introspection_cppExport.cmake
[2.102s] -- Up-to-date: /home/root/voxl-mpa-to-ros2/colcon_ws/install/voxl_msgs/share/voxl_msgs/cmake/voxl_msgs__rosidl_typesupport_introspection_cppExport-noconfig.cmake
[2.103s] -- Up-to-date: /home/root/voxl-mpa-to-ros2/colcon_ws/install/voxl_msgs/share/voxl_msgs/cmake/voxl_msgs__rosidl_typesupport_cppExport.cmake
[2.105s] -- Up-to-date: /home/root/voxl-mpa-to-ros2/colcon_ws/install/voxl_msgs/share/voxl_msgs/cmake/voxl_msgs__rosidl_typesupport_cppExport-noconfig.cmake
[2.109s] -- Up-to-date: /home/root/voxl-mpa-to-ros2/colcon_ws/install/voxl_msgs/share/voxl_msgs/cmake/rosidl_cmake-extras.cmake
[2.112s] -- Up-to-date: /home/root/voxl-mpa-to-ros2/colcon_ws/install/voxl_msgs/share/voxl_msgs/cmake/ament_cmake_export_dependencies-extras.cmake
[2.113s] -- Up-to-date: /home/root/voxl-mpa-to-ros2/colcon_ws/install/voxl_msgs/share/voxl_msgs/cmake/ament_cmake_export_libraries-extras.cmake
[2.114s] -- Up-to-date: /home/root/voxl-mpa-to-ros2/colcon_ws/install/voxl_msgs/share/voxl_msgs/cmake/ament_cmake_export_targets-extras.cmake
[2.115s] -- Up-to-date: /home/root/voxl-mpa-to-ros2/colcon_ws/install/voxl_msgs/share/voxl_msgs/cmake/ament_cmake_export_include_directories-extras.cmake
[2.116s] -- Up-to-date: /home/root/voxl-mpa-to-ros2/colcon_ws/install/voxl_msgs/share/voxl_msgs/cmake/rosidl_cmake_export_typesupport_libraries-extras.cmake
[2.117s] -- Up-to-date: /home/root/voxl-mpa-to-ros2/colcon_ws/install/voxl_msgs/share/voxl_msgs/cmake/rosidl_cmake_export_typesupport_targets-extras.cmake
[2.118s] -- Up-to-date: /home/root/voxl-mpa-to-ros2/colcon_ws/install/voxl_msgs/share/voxl_msgs/cmake/voxl_msgsConfig.cmake
[2.119s] -- Up-to-date: /home/root/voxl-mpa-to-ros2/colcon_ws/install/voxl_msgs/share/voxl_msgs/cmake/voxl_msgsConfig-version.cmake
[2.119s] -- Up-to-date: /home/root/voxl-mpa-to-ros2/colcon_ws/install/voxl_msgs/share/voxl_msgs/package.xml
[2.121s] Invoked command in '/home/root/voxl-mpa-to-ros2/colcon_ws/build/voxl_msgs' returned '0': CMAKE_PREFIX_PATH=${CMAKE_PREFIX_PATH}:/home/root/voxl-mpa-to-ros2/colcon_ws/install/voxl_offboard_figure8 SHLVL=3 _=/usr/bin/env /usr/bin/cmake --build /home/root/voxl-mpa-to-ros2/colcon_ws/build/voxl_msgs --target install -- -j8 -l8
