In file included from [01m[K/home/root/voxl-mpa-to-ros2/colcon_ws/src/voxl_mpa_to_ros2/include/voxl_mpa_to_ros2/interfaces/stereo_interface.h:38:0[m[K,
                 from [01m[K/home/root/voxl-mpa-to-ros2/colcon_ws/src/voxl_mpa_to_ros2/src/interfaces/stereo_interface.cpp:36[m[K:
[01m[K/home/root/voxl-mpa-to-ros2/colcon_ws/install/image_transport/include/image_transport/image_transport.h:41:89:[m[K [01;36m[Knote: [m[K#pragma message: Warning: This header is deprecated. Use 'image_transport.hpp' instead
 #pragma message ("Warning: This header is deprecated. Use 'image_transport.hpp' instead"[01;36m[K)[m[K
                                                                                         [01;36m[K^[m[K
In file included from [01m[K/home/root/voxl-mpa-to-ros2/colcon_ws/src/voxl_mpa_to_ros2/include/voxl_mpa_to_ros2/interfaces/camera_interface.h:38:0[m[K,
                 from [01m[K/home/root/voxl-mpa-to-ros2/colcon_ws/src/voxl_mpa_to_ros2/src/interfaces/camera_interface.cpp:37[m[K:
[01m[K/home/root/voxl-mpa-to-ros2/colcon_ws/install/image_transport/include/image_transport/image_transport.h:41:89:[m[K [01;36m[Knote: [m[K#pragma message: Warning: This header is deprecated. Use 'image_transport.hpp' instead
 #pragma message ("Warning: This header is deprecated. Use 'image_transport.hpp' instead"[01;36m[K)[m[K
                                                                                         [01;36m[K^[m[K
In file included from [01m[K/home/root/voxl-mpa-to-ros2/colcon_ws/src/voxl_mpa_to_ros2/include/voxl_mpa_to_ros2/interfaces/stereo_interface.h:39:0[m[K,
                 from [01m[K/home/root/voxl-mpa-to-ros2/colcon_ws/src/voxl_mpa_to_ros2/src/interfaces/stereo_interface.cpp:36[m[K:
[01m[K/home/root/voxl-mpa-to-ros2/colcon_ws/install/image_transport/include/image_transport/publisher.h:41:83:[m[K [01;36m[Knote: [m[K#pragma message: Warning: This header is deprecated. Use 'publisher.hpp' instead
 #pragma message ("Warning: This header is deprecated. Use 'publisher.hpp' instead"[01;36m[K)[m[K
                                                                                   [01;36m[K^[m[K
In file included from [01m[K/home/root/voxl-mpa-to-ros2/colcon_ws/src/voxl_mpa_to_ros2/include/voxl_mpa_to_ros2/interfaces/camera_interface.h:39:0[m[K,
                 from [01m[K/home/root/voxl-mpa-to-ros2/colcon_ws/src/voxl_mpa_to_ros2/src/interfaces/camera_interface.cpp:37[m[K:
[01m[K/home/root/voxl-mpa-to-ros2/colcon_ws/install/image_transport/include/image_transport/publisher.h:41:83:[m[K [01;36m[Knote: [m[K#pragma message: Warning: This header is deprecated. Use 'publisher.hpp' instead
 #pragma message ("Warning: This header is deprecated. Use 'publisher.hpp' instead"[01;36m[K)[m[K
                                                                                   [01;36m[K^[m[K
In file included from [01m[K/home/root/voxl-mpa-to-ros2/colcon_ws/src/voxl_mpa_to_ros2/include/voxl_mpa_to_ros2/interfaces/ai_detection_interface.h:37:0[m[K,
                 from [01m[K/home/root/voxl-mpa-to-ros2/colcon_ws/src/voxl_mpa_to_ros2/src/interfaces/ai_detection_interface.cpp:34[m[K:
[01m[K/home/root/voxl-mpa-to-ros2/colcon_ws/src/voxl_mpa_to_ros2/include/voxl_mpa_to_ros2/interfaces/generic_interface.h:[m[K In static member function ‘[01m[Kstatic void GenericInterface::_interface_dc_cb(int, void*)[m[K’:
[01m[K/home/root/voxl-mpa-to-ros2/colcon_ws/src/voxl_mpa_to_ros2/include/voxl_mpa_to_ros2/interfaces/generic_interface.h:166:38:[m[K [01;35m[Kwarning: [m[Kunused parameter ‘[01m[Kch[m[K’ [[01;35m[K-Wunused-parameter[m[K]
     static void _interface_dc_cb(int [01;35m[Kch[m[K, void* context){
                                      [01;35m[K^~[m[K
In file included from [01m[K/home/root/voxl-mpa-to-ros2/colcon_ws/src/voxl_mpa_to_ros2/include/voxl_mpa_to_ros2/interfaces/point_cloud_interface.h:39:0[m[K,
                 from [01m[K/home/root/voxl-mpa-to-ros2/colcon_ws/src/voxl_mpa_to_ros2/src/interfaces/point_cloud_interface.cpp:36[m[K:
[01m[K/home/root/voxl-mpa-to-ros2/colcon_ws/src/voxl_mpa_to_ros2/include/voxl_mpa_to_ros2/interfaces/generic_interface.h:[m[K In static member function ‘[01m[Kstatic void GenericInterface::_interface_dc_cb(int, void*)[m[K’:
[01m[K/home/root/voxl-mpa-to-ros2/colcon_ws/src/voxl_mpa_to_ros2/include/voxl_mpa_to_ros2/interfaces/generic_interface.h:166:38:[m[K [01;35m[Kwarning: [m[Kunused parameter ‘[01m[Kch[m[K’ [[01;35m[K-Wunused-parameter[m[K]
     static void _interface_dc_cb(int [01;35m[Kch[m[K, void* context){
                                      [01;35m[K^~[m[K
In file included from [01m[K/home/root/voxl-mpa-to-ros2/colcon_ws/src/voxl_mpa_to_ros2/include/voxl_mpa_to_ros2/interfaces/stereo_interface.h:41:0[m[K,
                 from [01m[K/home/root/voxl-mpa-to-ros2/colcon_ws/src/voxl_mpa_to_ros2/src/interfaces/stereo_interface.cpp:36[m[K:
[01m[K/home/root/voxl-mpa-to-ros2/colcon_ws/src/voxl_mpa_to_ros2/include/voxl_mpa_to_ros2/interfaces/generic_interface.h:[m[K In static member function ‘[01m[Kstatic void GenericInterface::_interface_dc_cb(int, void*)[m[K’:
[01m[K/home/root/voxl-mpa-to-ros2/colcon_ws/src/voxl_mpa_to_ros2/include/voxl_mpa_to_ros2/interfaces/generic_interface.h:166:38:[m[K [01;35m[Kwarning: [m[Kunused parameter ‘[01m[Kch[m[K’ [[01;35m[K-Wunused-parameter[m[K]
     static void _interface_dc_cb(int [01;35m[Kch[m[K, void* context){
                                      [01;35m[K^~[m[K
In file included from [01m[K/home/root/voxl-mpa-to-ros2/colcon_ws/src/voxl_mpa_to_ros2/include/voxl_mpa_to_ros2/interfaces/pose_vel_6dof_interface.h:43:0[m[K,
                 from [01m[K/home/root/voxl-mpa-to-ros2/colcon_ws/src/voxl_mpa_to_ros2/src/interfaces/pose_vel_6dof_interface.cpp:34[m[K:
[01m[K/home/root/voxl-mpa-to-ros2/colcon_ws/src/voxl_mpa_to_ros2/include/voxl_mpa_to_ros2/interfaces/generic_interface.h:[m[K In static member function ‘[01m[Kstatic void GenericInterface::_interface_dc_cb(int, void*)[m[K’:
[01m[K/home/root/voxl-mpa-to-ros2/colcon_ws/src/voxl_mpa_to_ros2/include/voxl_mpa_to_ros2/interfaces/generic_interface.h:166:38:[m[K [01;35m[Kwarning: [m[Kunused parameter ‘[01m[Kch[m[K’ [[01;35m[K-Wunused-parameter[m[K]
     static void _interface_dc_cb(int [01;35m[Kch[m[K, void* context){
                                      [01;35m[K^~[m[K
In file included from [01m[K/home/root/voxl-mpa-to-ros2/colcon_ws/src/voxl_mpa_to_ros2/include/voxl_mpa_to_ros2/interfaces/imu_interface.h:40:0[m[K,
                 from [01m[K/home/root/voxl-mpa-to-ros2/colcon_ws/src/voxl_mpa_to_ros2/src/interfaces/imu_interface.cpp:34[m[K:
[01m[K/home/root/voxl-mpa-to-ros2/colcon_ws/src/voxl_mpa_to_ros2/include/voxl_mpa_to_ros2/interfaces/generic_interface.h:[m[K In static member function ‘[01m[Kstatic void GenericInterface::_interface_dc_cb(int, void*)[m[K’:
[01m[K/home/root/voxl-mpa-to-ros2/colcon_ws/src/voxl_mpa_to_ros2/include/voxl_mpa_to_ros2/interfaces/generic_interface.h:166:38:[m[K [01;35m[Kwarning: [m[Kunused parameter ‘[01m[Kch[m[K’ [[01;35m[K-Wunused-parameter[m[K]
     static void _interface_dc_cb(int [01;35m[Kch[m[K, void* context){
                                      [01;35m[K^~[m[K
In file included from [01m[K/home/root/voxl-mpa-to-ros2/colcon_ws/src/voxl_mpa_to_ros2/include/voxl_mpa_to_ros2/interfaces/qvio_interface.h:42:0[m[K,
                 from [01m[K/home/root/voxl-mpa-to-ros2/colcon_ws/src/voxl_mpa_to_ros2/src/interfaces/qvio_interface.cpp:34[m[K:
[01m[K/home/root/voxl-mpa-to-ros2/colcon_ws/src/voxl_mpa_to_ros2/include/voxl_mpa_to_ros2/interfaces/generic_interface.h:[m[K In static member function ‘[01m[Kstatic void GenericInterface::_interface_dc_cb(int, void*)[m[K’:
[01m[K/home/root/voxl-mpa-to-ros2/colcon_ws/src/voxl_mpa_to_ros2/include/voxl_mpa_to_ros2/interfaces/generic_interface.h:166:38:[m[K [01;35m[Kwarning: [m[Kunused parameter ‘[01m[Kch[m[K’ [[01;35m[K-Wunused-parameter[m[K]
     static void _interface_dc_cb(int [01;35m[Kch[m[K, void* context){
                                      [01;35m[K^~[m[K
In file included from [01m[K/home/root/voxl-mpa-to-ros2/colcon_ws/src/voxl_mpa_to_ros2/include/voxl_mpa_to_ros2/interfaces/camera_interface.h:41:0[m[K,
                 from [01m[K/home/root/voxl-mpa-to-ros2/colcon_ws/src/voxl_mpa_to_ros2/src/interfaces/camera_interface.cpp:37[m[K:
[01m[K/home/root/voxl-mpa-to-ros2/colcon_ws/src/voxl_mpa_to_ros2/include/voxl_mpa_to_ros2/interfaces/generic_interface.h:[m[K In static member function ‘[01m[Kstatic void GenericInterface::_interface_dc_cb(int, void*)[m[K’:
[01m[K/home/root/voxl-mpa-to-ros2/colcon_ws/src/voxl_mpa_to_ros2/include/voxl_mpa_to_ros2/interfaces/generic_interface.h:166:38:[m[K [01;35m[Kwarning: [m[Kunused parameter ‘[01m[Kch[m[K’ [[01;35m[K-Wunused-parameter[m[K]
     static void _interface_dc_cb(int [01;35m[Kch[m[K, void* context){
                                      [01;35m[K^~[m[K
[01m[K/home/root/voxl-mpa-to-ros2/colcon_ws/src/voxl_mpa_to_ros2/src/interfaces/stereo_interface.cpp:[m[K In constructor ‘[01m[KStereoInterface::StereoInterface(rclcpp::Node::SharedPtr, const char*)[m[K’:
[01m[K/home/root/voxl-mpa-to-ros2/colcon_ws/src/voxl_mpa_to_ros2/src/interfaces/stereo_interface.cpp:44:1:[m[K [01;35m[Kwarning: [m[K‘[01m[K%s[m[K’ directive writing up to 95 bytes into a region of size 64 [[01;35m[K-Wformat-overflow=[m[K]
 [01;35m[KStereoInterface[m[K::StereoInterface(
 [01;35m[K^~~~~~~~~~~~~~~[m[K
[01m[K/home/root/voxl-mpa-to-ros2/colcon_ws/src/voxl_mpa_to_ros2/src/interfaces/stereo_interface.cpp:52:12:[m[K [01;36m[Knote: [m[K‘[01m[Ksprintf[m[K’ output between 6 and 101 bytes into a destination of size 64
     [01;36m[Ksprintf(frameName, "%s/left", m_pipeName)[m[K;
     [01;36m[K~~~~~~~^~~~~~~~~~~~~~~~~~~~~~~~~~~~~~~~~~[m[K
[01m[K/home/root/voxl-mpa-to-ros2/colcon_ws/src/voxl_mpa_to_ros2/src/interfaces/stereo_interface.cpp:44:1:[m[K [01;35m[Kwarning: [m[K‘[01m[K%s[m[K’ directive writing up to 95 bytes into a region of size 64 [[01;35m[K-Wformat-overflow=[m[K]
 [01;35m[KStereoInterface[m[K::StereoInterface(
 [01;35m[K^~~~~~~~~~~~~~~[m[K
[01m[K/home/root/voxl-mpa-to-ros2/colcon_ws/src/voxl_mpa_to_ros2/src/interfaces/stereo_interface.cpp:56:12:[m[K [01;36m[Knote: [m[K‘[01m[Ksprintf[m[K’ output between 7 and 102 bytes into a destination of size 64
     [01;36m[Ksprintf(frameName, "%s/right", m_pipeName)[m[K;
     [01;36m[K~~~~~~~^~~~~~~~~~~~~~~~~~~~~~~~~~~~~~~~~~~[m[K
[01m[K/home/root/voxl-mpa-to-ros2/colcon_ws/src/voxl_mpa_to_ros2/src/interfaces/stereo_interface.cpp:[m[K In member function ‘[01m[Kvirtual void StereoInterface::AdvertiseTopics()[m[K’:
[01m[K/home/root/voxl-mpa-to-ros2/colcon_ws/src/voxl_mpa_to_ros2/src/interfaces/stereo_interface.cpp:70:6:[m[K [01;35m[Kwarning: [m[K‘[01m[K%s[m[K’ directive writing up to 95 bytes into a region of size 64 [[01;35m[K-Wformat-overflow=[m[K]
 void [01;35m[KStereoInterface[m[K::AdvertiseTopics(){
      [01;35m[K^~~~~~~~~~~~~~~[m[K
[01m[K/home/root/voxl-mpa-to-ros2/colcon_ws/src/voxl_mpa_to_ros2/src/interfaces/stereo_interface.cpp:76:12:[m[K [01;36m[Knote: [m[K‘[01m[Ksprintf[m[K’ output between 6 and 101 bytes into a destination of size 64
     [01;36m[Ksprintf(topicName, "%s/left", m_pipeName)[m[K;
     [01;36m[K~~~~~~~^~~~~~~~~~~~~~~~~~~~~~~~~~~~~~~~~~[m[K
[01m[K/home/root/voxl-mpa-to-ros2/colcon_ws/src/voxl_mpa_to_ros2/src/interfaces/stereo_interface.cpp:70:6:[m[K [01;35m[Kwarning: [m[K‘[01m[K%s[m[K’ directive writing up to 95 bytes into a region of size 64 [[01;35m[K-Wformat-overflow=[m[K]
 void [01;35m[KStereoInterface[m[K::AdvertiseTopics(){
      [01;35m[K^~~~~~~~~~~~~~~[m[K
[01m[K/home/root/voxl-mpa-to-ros2/colcon_ws/src/voxl_mpa_to_ros2/src/interfaces/stereo_interface.cpp:79:12:[m[K [01;36m[Knote: [m[K‘[01m[Ksprintf[m[K’ output between 7 and 102 bytes into a destination of size 64
     [01;36m[Ksprintf(topicName, "%s/right", m_pipeName)[m[K;
     [01;36m[K~~~~~~~^~~~~~~~~~~~~~~~~~~~~~~~~~~~~~~~~~~[m[K
In file included from [01m[K/home/root/voxl-mpa-to-ros2/colcon_ws/src/voxl_mpa_to_ros2/include/voxl_mpa_to_ros2/interface_manager.h:37:0[m[K,
                 from [01m[K/home/root/voxl-mpa-to-ros2/colcon_ws/src/voxl_mpa_to_ros2/src/mpa_ros_node.cpp:41[m[K:
[01m[K/home/root/voxl-mpa-to-ros2/colcon_ws/src/voxl_mpa_to_ros2/include/voxl_mpa_to_ros2/interfaces/generic_interface.h:[m[K In static member function ‘[01m[Kstatic void GenericInterface::_interface_dc_cb(int, void*)[m[K’:
[01m[K/home/root/voxl-mpa-to-ros2/colcon_ws/src/voxl_mpa_to_ros2/include/voxl_mpa_to_ros2/interfaces/generic_interface.h:166:38:[m[K [01;35m[Kwarning: [m[Kunused parameter ‘[01m[Kch[m[K’ [[01;35m[K-Wunused-parameter[m[K]
     static void _interface_dc_cb(int [01;35m[Kch[m[K, void* context){
                                      [01;35m[K^~[m[K
In file included from [01m[K/home/root/voxl-mpa-to-ros2/colcon_ws/src/voxl_mpa_to_ros2/include/voxl_mpa_to_ros2/interfaces/all_interfaces.h:37:0[m[K,
                 from [01m[K/home/root/voxl-mpa-to-ros2/colcon_ws/src/voxl_mpa_to_ros2/src/interface_manager.cpp:36[m[K:
[01m[K/home/root/voxl-mpa-to-ros2/colcon_ws/src/voxl_mpa_to_ros2/include/voxl_mpa_to_ros2/interfaces/generic_interface.h:[m[K In static member function ‘[01m[Kstatic void GenericInterface::_interface_dc_cb(int, void*)[m[K’:
[01m[K/home/root/voxl-mpa-to-ros2/colcon_ws/src/voxl_mpa_to_ros2/include/voxl_mpa_to_ros2/interfaces/generic_interface.h:166:38:[m[K [01;35m[Kwarning: [m[Kunused parameter ‘[01m[Kch[m[K’ [[01;35m[K-Wunused-parameter[m[K]
     static void _interface_dc_cb(int [01;35m[Kch[m[K, void* context){
                                      [01;35m[K^~[m[K
In file included from [01m[K/home/root/voxl-mpa-to-ros2/colcon_ws/src/voxl_mpa_to_ros2/include/voxl_mpa_to_ros2/interfaces/camera_interface.h:38:0[m[K,
                 from [01m[K/home/root/voxl-mpa-to-ros2/colcon_ws/src/voxl_mpa_to_ros2/include/voxl_mpa_to_ros2/interfaces/all_interfaces.h:38[m[K,
                 from [01m[K/home/root/voxl-mpa-to-ros2/colcon_ws/src/voxl_mpa_to_ros2/src/interface_manager.cpp:36[m[K:
[01m[K/home/root/voxl-mpa-to-ros2/colcon_ws/install/image_transport/include/image_transport/image_transport.h:[m[K At global scope:
[01m[K/home/root/voxl-mpa-to-ros2/colcon_ws/install/image_transport/include/image_transport/image_transport.h:41:89:[m[K [01;36m[Knote: [m[K#pragma message: Warning: This header is deprecated. Use 'image_transport.hpp' instead
 #pragma message ("Warning: This header is deprecated. Use 'image_transport.hpp' instead"[01;36m[K)[m[K
                                                                                         [01;36m[K^[m[K
In file included from [01m[K/home/root/voxl-mpa-to-ros2/colcon_ws/src/voxl_mpa_to_ros2/include/voxl_mpa_to_ros2/interfaces/camera_interface.h:39:0[m[K,
                 from [01m[K/home/root/voxl-mpa-to-ros2/colcon_ws/src/voxl_mpa_to_ros2/include/voxl_mpa_to_ros2/interfaces/all_interfaces.h:38[m[K,
                 from [01m[K/home/root/voxl-mpa-to-ros2/colcon_ws/src/voxl_mpa_to_ros2/src/interface_manager.cpp:36[m[K:
[01m[K/home/root/voxl-mpa-to-ros2/colcon_ws/install/image_transport/include/image_transport/publisher.h:41:83:[m[K [01;36m[Knote: [m[K#pragma message: Warning: This header is deprecated. Use 'publisher.hpp' instead
 #pragma message ("Warning: This header is deprecated. Use 'publisher.hpp' instead"[01;36m[K)[m[K
                                                                                   [01;36m[K^[m[K
[01m[K/home/root/voxl-mpa-to-ros2/colcon_ws/src/voxl_mpa_to_ros2/src/interface_manager.cpp:[m[K In function ‘[01m[Kint findPipes(InterfaceListNode*, rclcpp::Node::SharedPtr)[m[K’:
[01m[K/home/root/voxl-mpa-to-ros2/colcon_ws/src/voxl_mpa_to_ros2/src/interface_manager.cpp:111:5:[m[K [01;35m[Kwarning: [m[Kthis ‘[01m[Kfor[m[K’ clause does not guard... [[01;35m[K-Wmisleading-indentation[m[K]
     [01;35m[Kfor[m[K(tail = head; tail->next != NULL; tail = tail->next);
     [01;35m[K^~~[m[K
[01m[K/home/root/voxl-mpa-to-ros2/colcon_ws/src/voxl_mpa_to_ros2/src/interface_manager.cpp:113:2:[m[K [01;36m[Knote: [m[K...this statement, but the latter is misleadingly indented as if it were guarded by the ‘[01m[Kfor[m[K’
  [01;36m[KFILE[m[K *fp = popen("voxl-list-pipes --mode-types", "r");
  [01;36m[K^~~~[m[K
