[0.097s] Invoking command in '/home/root/voxl-mpa-to-ros2/colcon_ws/build/image_common': CMAKE_PREFIX_PATH=/home/root/voxl-mpa-to-ros2/colcon_ws/install/camera_info_manager:/home/root/voxl-mpa-to-ros2/colcon_ws/install/image_transport:/home/root/voxl-mpa-to-ros2/colcon_ws/install/camera_calibration_parsers:/home/root/voxl-mpa-to-ros2/colcon_ws/install/voxl_mpa_to_ros2:/home/root/voxl-mpa-to-ros2/colcon_ws/install/voxl_msgs:/home/root/voxl-mpa-to-ros2/colcon_ws/install/px4_ros_com:/home/root/voxl-mpa-to-ros2/colcon_ws/install/px4_msgs:/home/root/voxl-mpa-to-ros2/colcon_ws/install/image_common:/opt/ros/foxy:/home/root/voxl-mpa-to-ros2/colcon_ws/install/voxl_offboard_figure8 LD_LIBRARY_PATH=/home/root/voxl-mpa-to-ros2/colcon_ws/install/camera_info_manager/lib:/home/root/voxl-mpa-to-ros2/colcon_ws/install/image_transport/lib:/home/root/voxl-mpa-to-ros2/colcon_ws/install/camera_calibration_parsers/lib:/home/root/voxl-mpa-to-ros2/colcon_ws/install/voxl_msgs/lib:/home/root/voxl-mpa-to-ros2/colcon_ws/install/px4_ros_com/lib:/home/root/voxl-mpa-to-ros2/colcon_ws/install/px4_msgs/lib:/opt/ros/foxy/opt/yaml_cpp_vendor/lib:/opt/ros/foxy/lib SHLVL=3 _=/usr/bin/env /usr/bin/cmake /home/root/voxl-mpa-to-ros2/colcon_ws/src/image_common/image_common -DCMAKE_INSTALL_PREFIX=/home/root/voxl-mpa-to-ros2/colcon_ws/install/image_common
[0.306s] -- The C compiler identification is GNU 7.5.0
[0.498s] -- The CXX compiler identification is GNU 7.5.0
[0.516s] -- Check for working C compiler: /usr/bin/cc
[0.870s] -- Check for working C compiler: /usr/bin/cc -- works
[0.877s] -- Detecting C compiler ABI info
[1.220s] -- Detecting C compiler ABI info - done
[1.257s] -- Detecting C compile features
[2.296s] -- Detecting C compile features - done
[2.315s] -- Check for working CXX compiler: /usr/bin/c++
[2.648s] -- Check for working CXX compiler: /usr/bin/c++ -- works
[2.654s] -- Detecting CXX compiler ABI info
[3.026s] -- Detecting CXX compiler ABI info - done
[3.059s] -- Detecting CXX compile features
[4.577s] -- Detecting CXX compile features - done
[4.585s] -- Found ament_cmake: 0.9.12 (/opt/ros/foxy/share/ament_cmake/cmake)
[4.663s] -- Found PythonInterp: /usr/bin/python3 (found suitable version "3.6.9", minimum required is "3") 
[4.665s] -- Using PYTHON_EXECUTABLE: /usr/bin/python3
[5.233s] -- Found ament_lint_auto: 0.9.8 (/opt/ros/foxy/share/ament_lint_auto/cmake)
[5.481s] -- Added test 'copyright' to check source files copyright and LICENSE
[5.484s] -- Added test 'lint_cmake' to check CMake code style
[5.486s] -- Added test 'xmllint' to check XML markup files
[5.488s] -- Configuring done
[5.493s] -- Generating done
[5.495s] -- Build files have been written to: /home/root/voxl-mpa-to-ros2/colcon_ws/build/image_common
[5.513s] Invoked command in '/home/root/voxl-mpa-to-ros2/colcon_ws/build/image_common' returned '0': CMAKE_PREFIX_PATH=/home/root/voxl-mpa-to-ros2/colcon_ws/install/camera_info_manager:/home/root/voxl-mpa-to-ros2/colcon_ws/install/image_transport:/home/root/voxl-mpa-to-ros2/colcon_ws/install/camera_calibration_parsers:/home/root/voxl-mpa-to-ros2/colcon_ws/install/voxl_mpa_to_ros2:/home/root/voxl-mpa-to-ros2/colcon_ws/install/voxl_msgs:/home/root/voxl-mpa-to-ros2/colcon_ws/install/px4_ros_com:/home/root/voxl-mpa-to-ros2/colcon_ws/install/px4_msgs:/home/root/voxl-mpa-to-ros2/colcon_ws/install/image_common:/opt/ros/foxy:/home/root/voxl-mpa-to-ros2/colcon_ws/install/voxl_offboard_figure8 LD_LIBRARY_PATH=/home/root/voxl-mpa-to-ros2/colcon_ws/install/camera_info_manager/lib:/home/root/voxl-mpa-to-ros2/colcon_ws/install/image_transport/lib:/home/root/voxl-mpa-to-ros2/colcon_ws/install/camera_calibration_parsers/lib:/home/root/voxl-mpa-to-ros2/colcon_ws/install/voxl_msgs/lib:/home/root/voxl-mpa-to-ros2/colcon_ws/install/px4_ros_com/lib:/home/root/voxl-mpa-to-ros2/colcon_ws/install/px4_msgs/lib:/opt/ros/foxy/opt/yaml_cpp_vendor/lib:/opt/ros/foxy/lib SHLVL=3 _=/usr/bin/env /usr/bin/cmake /home/root/voxl-mpa-to-ros2/colcon_ws/src/image_common/image_common -DCMAKE_INSTALL_PREFIX=/home/root/voxl-mpa-to-ros2/colcon_ws/install/image_common
[5.549s] Invoking command in '/home/root/voxl-mpa-to-ros2/colcon_ws/build/image_common': CMAKE_PREFIX_PATH=/home/root/voxl-mpa-to-ros2/colcon_ws/install/camera_info_manager:/home/root/voxl-mpa-to-ros2/colcon_ws/install/image_transport:/home/root/voxl-mpa-to-ros2/colcon_ws/install/camera_calibration_parsers:/home/root/voxl-mpa-to-ros2/colcon_ws/install/voxl_mpa_to_ros2:/home/root/voxl-mpa-to-ros2/colcon_ws/install/voxl_msgs:/home/root/voxl-mpa-to-ros2/colcon_ws/install/px4_ros_com:/home/root/voxl-mpa-to-ros2/colcon_ws/install/px4_msgs:/home/root/voxl-mpa-to-ros2/colcon_ws/install/image_common:/opt/ros/foxy:/home/root/voxl-mpa-to-ros2/colcon_ws/install/voxl_offboard_figure8 LD_LIBRARY_PATH=/home/root/voxl-mpa-to-ros2/colcon_ws/install/camera_info_manager/lib:/home/root/voxl-mpa-to-ros2/colcon_ws/install/image_transport/lib:/home/root/voxl-mpa-to-ros2/colcon_ws/install/camera_calibration_parsers/lib:/home/root/voxl-mpa-to-ros2/colcon_ws/install/voxl_msgs/lib:/home/root/voxl-mpa-to-ros2/colcon_ws/install/px4_ros_com/lib:/home/root/voxl-mpa-to-ros2/colcon_ws/install/px4_msgs/lib:/opt/ros/foxy/opt/yaml_cpp_vendor/lib:/opt/ros/foxy/lib SHLVL=3 _=/usr/bin/env /usr/bin/cmake --build /home/root/voxl-mpa-to-ros2/colcon_ws/build/image_common -- -j8 -l8
[5.759s] Invoked command in '/home/root/voxl-mpa-to-ros2/colcon_ws/build/image_common' returned '0': CMAKE_PREFIX_PATH=/home/root/voxl-mpa-to-ros2/colcon_ws/install/camera_info_manager:/home/root/voxl-mpa-to-ros2/colcon_ws/install/image_transport:/home/root/voxl-mpa-to-ros2/colcon_ws/install/camera_calibration_parsers:/home/root/voxl-mpa-to-ros2/colcon_ws/install/voxl_mpa_to_ros2:/home/root/voxl-mpa-to-ros2/colcon_ws/install/voxl_msgs:/home/root/voxl-mpa-to-ros2/colcon_ws/install/px4_ros_com:/home/root/voxl-mpa-to-ros2/colcon_ws/install/px4_msgs:/home/root/voxl-mpa-to-ros2/colcon_ws/install/image_common:/opt/ros/foxy:/home/root/voxl-mpa-to-ros2/colcon_ws/install/voxl_offboard_figure8 LD_LIBRARY_PATH=/home/root/voxl-mpa-to-ros2/colcon_ws/install/camera_info_manager/lib:/home/root/voxl-mpa-to-ros2/colcon_ws/install/image_transport/lib:/home/root/voxl-mpa-to-ros2/colcon_ws/install/camera_calibration_parsers/lib:/home/root/voxl-mpa-to-ros2/colcon_ws/install/voxl_msgs/lib:/home/root/voxl-mpa-to-ros2/colcon_ws/install/px4_ros_com/lib:/home/root/voxl-mpa-to-ros2/colcon_ws/install/px4_msgs/lib:/opt/ros/foxy/opt/yaml_cpp_vendor/lib:/opt/ros/foxy/lib SHLVL=3 _=/usr/bin/env /usr/bin/cmake --build /home/root/voxl-mpa-to-ros2/colcon_ws/build/image_common -- -j8 -l8
[5.882s] Invoking command in '/home/root/voxl-mpa-to-ros2/colcon_ws/build/image_common': CMAKE_PREFIX_PATH=/home/root/voxl-mpa-to-ros2/colcon_ws/install/camera_info_manager:/home/root/voxl-mpa-to-ros2/colcon_ws/install/image_transport:/home/root/voxl-mpa-to-ros2/colcon_ws/install/camera_calibration_parsers:/home/root/voxl-mpa-to-ros2/colcon_ws/install/voxl_mpa_to_ros2:/home/root/voxl-mpa-to-ros2/colcon_ws/install/voxl_msgs:/home/root/voxl-mpa-to-ros2/colcon_ws/install/px4_ros_com:/home/root/voxl-mpa-to-ros2/colcon_ws/install/px4_msgs:/home/root/voxl-mpa-to-ros2/colcon_ws/install/image_common:/opt/ros/foxy:/home/root/voxl-mpa-to-ros2/colcon_ws/install/voxl_offboard_figure8 LD_LIBRARY_PATH=/home/root/voxl-mpa-to-ros2/colcon_ws/install/camera_info_manager/lib:/home/root/voxl-mpa-to-ros2/colcon_ws/install/image_transport/lib:/home/root/voxl-mpa-to-ros2/colcon_ws/install/camera_calibration_parsers/lib:/home/root/voxl-mpa-to-ros2/colcon_ws/install/voxl_msgs/lib:/home/root/voxl-mpa-to-ros2/colcon_ws/install/px4_ros_com/lib:/home/root/voxl-mpa-to-ros2/colcon_ws/install/px4_msgs/lib:/opt/ros/foxy/opt/yaml_cpp_vendor/lib:/opt/ros/foxy/lib SHLVL=3 _=/usr/bin/env /usr/bin/cmake --build /home/root/voxl-mpa-to-ros2/colcon_ws/build/image_common --target install -- -j8 -l8
[6.117s] [36mInstall the project...[0m
[6.177s] -- Install configuration: ""
[6.178s] -- Installing: /home/root/voxl-mpa-to-ros2/colcon_ws/install/image_common/share/ament_index/resource_index/package_run_dependencies/image_common
[6.180s] -- Installing: /home/root/voxl-mpa-to-ros2/colcon_ws/install/image_common/share/ament_index/resource_index/parent_prefix_path/image_common
[6.182s] -- Installing: /home/root/voxl-mpa-to-ros2/colcon_ws/install/image_common/share/image_common/environment/ament_prefix_path.sh
[6.184s] -- Installing: /home/root/voxl-mpa-to-ros2/colcon_ws/install/image_common/share/image_common/environment/ament_prefix_path.dsv
[6.186s] -- Installing: /home/root/voxl-mpa-to-ros2/colcon_ws/install/image_common/share/image_common/environment/path.sh
[6.196s] -- Installing: /home/root/voxl-mpa-to-ros2/colcon_ws/install/image_common/share/image_common/environment/path.dsv
[6.199s] -- Installing: /home/root/voxl-mpa-to-ros2/colcon_ws/install/image_common/share/image_common/local_setup.bash
[6.201s] -- Installing: /home/root/voxl-mpa-to-ros2/colcon_ws/install/image_common/share/image_common/local_setup.sh
[6.203s] -- Installing: /home/root/voxl-mpa-to-ros2/colcon_ws/install/image_common/share/image_common/local_setup.zsh
[6.205s] -- Installing: /home/root/voxl-mpa-to-ros2/colcon_ws/install/image_common/share/image_common/local_setup.dsv
[6.208s] -- Installing: /home/root/voxl-mpa-to-ros2/colcon_ws/install/image_common/share/image_common/package.dsv
[6.210s] -- Installing: /home/root/voxl-mpa-to-ros2/colcon_ws/install/image_common/share/ament_index/resource_index/packages/image_common
[6.212s] -- Installing: /home/root/voxl-mpa-to-ros2/colcon_ws/install/image_common/share/image_common/cmake/image_commonConfig.cmake
[6.214s] -- Installing: /home/root/voxl-mpa-to-ros2/colcon_ws/install/image_common/share/image_common/cmake/image_commonConfig-version.cmake
[6.217s] -- Installing: /home/root/voxl-mpa-to-ros2/colcon_ws/install/image_common/share/image_common/package.xml
[6.222s] Invoked command in '/home/root/voxl-mpa-to-ros2/colcon_ws/build/image_common' returned '0': CMAKE_PREFIX_PATH=/home/root/voxl-mpa-to-ros2/colcon_ws/install/camera_info_manager:/home/root/voxl-mpa-to-ros2/colcon_ws/install/image_transport:/home/root/voxl-mpa-to-ros2/colcon_ws/install/camera_calibration_parsers:/home/root/voxl-mpa-to-ros2/colcon_ws/install/voxl_mpa_to_ros2:/home/root/voxl-mpa-to-ros2/colcon_ws/install/voxl_msgs:/home/root/voxl-mpa-to-ros2/colcon_ws/install/px4_ros_com:/home/root/voxl-mpa-to-ros2/colcon_ws/install/px4_msgs:/home/root/voxl-mpa-to-ros2/colcon_ws/install/image_common:/opt/ros/foxy:/home/root/voxl-mpa-to-ros2/colcon_ws/install/voxl_offboard_figure8 LD_LIBRARY_PATH=/home/root/voxl-mpa-to-ros2/colcon_ws/install/camera_info_manager/lib:/home/root/voxl-mpa-to-ros2/colcon_ws/install/image_transport/lib:/home/root/voxl-mpa-to-ros2/colcon_ws/install/camera_calibration_parsers/lib:/home/root/voxl-mpa-to-ros2/colcon_ws/install/voxl_msgs/lib:/home/root/voxl-mpa-to-ros2/colcon_ws/install/px4_ros_com/lib:/home/root/voxl-mpa-to-ros2/colcon_ws/install/px4_msgs/lib:/opt/ros/foxy/opt/yaml_cpp_vendor/lib:/opt/ros/foxy/lib SHLVL=3 _=/usr/bin/env /usr/bin/cmake --build /home/root/voxl-mpa-to-ros2/colcon_ws/build/image_common --target install -- -j8 -l8
