[0.084s] Invoking command in '/home/root/voxl-mpa-to-ros2/colcon_ws/build/image_common': AMENT_PREFIX_PATH=/home/root/voxl-mpa-to-ros2/colcon_ws/install/camera_info_manager:/home/root/voxl-mpa-to-ros2/colcon_ws/install/image_transport:/home/root/voxl-mpa-to-ros2/colcon_ws/install/camera_calibration_parsers:${AMENT_PREFIX_PATH} CMAKE_PREFIX_PATH=/home/root/voxl-mpa-to-ros2/colcon_ws/install/camera_info_manager:/home/root/voxl-mpa-to-ros2/colcon_ws/install/image_transport:/home/root/voxl-mpa-to-ros2/colcon_ws/install/camera_calibration_parsers:${CMAKE_PREFIX_PATH} LD_LIBRARY_PATH=/home/root/voxl-mpa-to-ros2/colcon_ws/install/camera_info_manager/lib:/home/root/voxl-mpa-to-ros2/colcon_ws/install/image_transport/lib:/home/root/voxl-mpa-to-ros2/colcon_ws/install/camera_calibration_parsers/lib:${LD_LIBRARY_PATH} SHLVL=3 _=/usr/bin/env /usr/bin/cmake --build /home/root/voxl-mpa-to-ros2/colcon_ws/build/image_common -- -j8 -l8
[0.240s] Invoked command in '/home/root/voxl-mpa-to-ros2/colcon_ws/build/image_common' returned '0': AMENT_PREFIX_PATH=/home/root/voxl-mpa-to-ros2/colcon_ws/install/camera_info_manager:/home/root/voxl-mpa-to-ros2/colcon_ws/install/image_transport:/home/root/voxl-mpa-to-ros2/colcon_ws/install/camera_calibration_parsers:${AMENT_PREFIX_PATH} CMAKE_PREFIX_PATH=/home/root/voxl-mpa-to-ros2/colcon_ws/install/camera_info_manager:/home/root/voxl-mpa-to-ros2/colcon_ws/install/image_transport:/home/root/voxl-mpa-to-ros2/colcon_ws/install/camera_calibration_parsers:${CMAKE_PREFIX_PATH} LD_LIBRARY_PATH=/home/root/voxl-mpa-to-ros2/colcon_ws/install/camera_info_manager/lib:/home/root/voxl-mpa-to-ros2/colcon_ws/install/image_transport/lib:/home/root/voxl-mpa-to-ros2/colcon_ws/install/camera_calibration_parsers/lib:${LD_LIBRARY_PATH} SHLVL=3 _=/usr/bin/env /usr/bin/cmake --build /home/root/voxl-mpa-to-ros2/colcon_ws/build/image_common -- -j8 -l8
[0.337s] Invoking command in '/home/root/voxl-mpa-to-ros2/colcon_ws/build/image_common': AMENT_PREFIX_PATH=/home/root/voxl-mpa-to-ros2/colcon_ws/install/camera_info_manager:/home/root/voxl-mpa-to-ros2/colcon_ws/install/image_transport:/home/root/voxl-mpa-to-ros2/colcon_ws/install/camera_calibration_parsers:${AMENT_PREFIX_PATH} CMAKE_PREFIX_PATH=/home/root/voxl-mpa-to-ros2/colcon_ws/install/camera_info_manager:/home/root/voxl-mpa-to-ros2/colcon_ws/install/image_transport:/home/root/voxl-mpa-to-ros2/colcon_ws/install/camera_calibration_parsers:${CMAKE_PREFIX_PATH} LD_LIBRARY_PATH=/home/root/voxl-mpa-to-ros2/colcon_ws/install/camera_info_manager/lib:/home/root/voxl-mpa-to-ros2/colcon_ws/install/image_transport/lib:/home/root/voxl-mpa-to-ros2/colcon_ws/install/camera_calibration_parsers/lib:${LD_LIBRARY_PATH} SHLVL=3 _=/usr/bin/env /usr/bin/cmake --build /home/root/voxl-mpa-to-ros2/colcon_ws/build/image_common --target install -- -j8 -l8
[0.508s] [36mInstall the project...[0m
[0.536s] -- Install configuration: ""
[0.537s] -- Up-to-date: /home/root/voxl-mpa-to-ros2/colcon_ws/install/image_common/share/ament_index/resource_index/package_run_dependencies/image_common
[0.539s] -- Up-to-date: /home/root/voxl-mpa-to-ros2/colcon_ws/install/image_common/share/ament_index/resource_index/parent_prefix_path/image_common
[0.540s] -- Up-to-date: /home/root/voxl-mpa-to-ros2/colcon_ws/install/image_common/share/image_common/environment/ament_prefix_path.sh
[0.543s] -- Up-to-date: /home/root/voxl-mpa-to-ros2/colcon_ws/install/image_common/share/image_common/environment/ament_prefix_path.dsv
[0.543s] -- Up-to-date: /home/root/voxl-mpa-to-ros2/colcon_ws/install/image_common/share/image_common/environment/path.sh
[0.544s] -- Up-to-date: /home/root/voxl-mpa-to-ros2/colcon_ws/install/image_common/share/image_common/environment/path.dsv
[0.545s] -- Up-to-date: /home/root/voxl-mpa-to-ros2/colcon_ws/install/image_common/share/image_common/local_setup.bash
[0.546s] -- Up-to-date: /home/root/voxl-mpa-to-ros2/colcon_ws/install/image_common/share/image_common/local_setup.sh
[0.548s] -- Up-to-date: /home/root/voxl-mpa-to-ros2/colcon_ws/install/image_common/share/image_common/local_setup.zsh
[0.549s] -- Up-to-date: /home/root/voxl-mpa-to-ros2/colcon_ws/install/image_common/share/image_common/local_setup.dsv
[0.554s] -- Installing: /home/root/voxl-mpa-to-ros2/colcon_ws/install/image_common/share/image_common/package.dsv
[0.556s] -- Up-to-date: /home/root/voxl-mpa-to-ros2/colcon_ws/install/image_common/share/ament_index/resource_index/packages/image_common
[0.557s] -- Up-to-date: /home/root/voxl-mpa-to-ros2/colcon_ws/install/image_common/share/image_common/cmake/image_commonConfig.cmake
[0.558s] -- Up-to-date: /home/root/voxl-mpa-to-ros2/colcon_ws/install/image_common/share/image_common/cmake/image_commonConfig-version.cmake
[0.559s] -- Up-to-date: /home/root/voxl-mpa-to-ros2/colcon_ws/install/image_common/share/image_common/package.xml
[0.564s] Invoked command in '/home/root/voxl-mpa-to-ros2/colcon_ws/build/image_common' returned '0': AMENT_PREFIX_PATH=/home/root/voxl-mpa-to-ros2/colcon_ws/install/camera_info_manager:/home/root/voxl-mpa-to-ros2/colcon_ws/install/image_transport:/home/root/voxl-mpa-to-ros2/colcon_ws/install/camera_calibration_parsers:${AMENT_PREFIX_PATH} CMAKE_PREFIX_PATH=/home/root/voxl-mpa-to-ros2/colcon_ws/install/camera_info_manager:/home/root/voxl-mpa-to-ros2/colcon_ws/install/image_transport:/home/root/voxl-mpa-to-ros2/colcon_ws/install/camera_calibration_parsers:${CMAKE_PREFIX_PATH} LD_LIBRARY_PATH=/home/root/voxl-mpa-to-ros2/colcon_ws/install/camera_info_manager/lib:/home/root/voxl-mpa-to-ros2/colcon_ws/install/image_transport/lib:/home/root/voxl-mpa-to-ros2/colcon_ws/install/camera_calibration_parsers/lib:${LD_LIBRARY_PATH} SHLVL=3 _=/usr/bin/env /usr/bin/cmake --build /home/root/voxl-mpa-to-ros2/colcon_ws/build/image_common --target install -- -j8 -l8
