[0.154s] Invoking command in '/home/root/voxl-mpa-to-ros2/colcon_ws/build/camera_calibration_parsers': CMAKE_PREFIX_PATH=${CMAKE_PREFIX_PATH}:/home/root/voxl-mpa-to-ros2/colcon_ws/install/voxl_offboard_figure8 SHLVL=3 _=/usr/bin/env /usr/bin/cmake /home/root/voxl-mpa-to-ros2/colcon_ws/src/image_common/camera_calibration_parsers -DCMAKE_INSTALL_PREFIX=/home/root/voxl-mpa-to-ros2/colcon_ws/install/camera_calibration_parsers
[0.487s] -- The C compiler identification is GNU 7.5.0
[0.672s] -- The CXX compiler identification is GNU 7.5.0
[0.692s] -- Check for working C compiler: /usr/bin/cc
[0.869s] -- Check for working C compiler: /usr/bin/cc -- works
[0.873s] -- Detecting C compiler ABI info
[1.104s] -- Detecting C compiler ABI info - done
[1.129s] -- Detecting C compile features
[1.871s] -- Detecting C compile features - done
[1.880s] -- Check for working CXX compiler: /usr/bin/c++
[2.119s] -- Check for working CXX compiler: /usr/bin/c++ -- works
[2.126s] -- Detecting CXX compiler ABI info
[2.398s] -- Detecting CXX compiler ABI info - done
[2.424s] -- Detecting CXX compile features
[3.469s] -- Detecting CXX compile features - done
[3.475s] -- Found ament_cmake_ros: 0.9.2 (/opt/ros/foxy/share/ament_cmake_ros/cmake)
[3.544s] -- Found PythonInterp: /usr/bin/python3 (found suitable version "3.6.9", minimum required is "3") 
[3.550s] -- Using PYTHON_EXECUTABLE: /usr/bin/python3
[3.816s] -- Found rclcpp: 2.4.3 (/opt/ros/foxy/share/rclcpp/cmake)
[3.865s] -- Using all available rosidl_typesupport_c: rosidl_typesupport_fastrtps_c;rosidl_typesupport_introspection_c
[3.868s] -- Found rosidl_adapter: 1.3.1 (/opt/ros/foxy/share/rosidl_adapter/cmake)
[4.059s] -- Found OpenSSL: /usr/lib/aarch64-linux-gnu/libcrypto.so (found version "1.1.1") 
[4.097s] -- Found FastRTPS: /opt/ros/foxy/include  
[4.167s] -- Using all available rosidl_typesupport_cpp: rosidl_typesupport_fastrtps_cpp;rosidl_typesupport_introspection_cpp
[4.244s] -- Found rmw_implementation_cmake: 1.0.4 (/opt/ros/foxy/share/rmw_implementation_cmake/cmake)
[4.247s] -- Using RMW implementation 'rmw_fastrtps_cpp' as default
[4.248s] -- Looking for pthread.h
[4.509s] -- Looking for pthread.h - found
[4.511s] -- Looking for pthread_create
[4.764s] -- Looking for pthread_create - not found
[4.764s] -- Looking for pthread_create in pthreads
[4.983s] -- Looking for pthread_create in pthreads - not found
[4.984s] -- Looking for pthread_create in pthread
[5.249s] -- Looking for pthread_create in pthread - found
[5.259s] -- Found Threads: TRUE  
[5.564s] -- Found sensor_msgs: 2.0.5 (/opt/ros/foxy/share/sensor_msgs/cmake)
[5.704s] -- Found yaml_cpp_vendor: 7.0.3 (/opt/ros/foxy/share/yaml_cpp_vendor/cmake)
[5.705s] -- Setting yaml-cpp_DIR to: '/opt/ros/foxy/share/yaml_cpp_vendor/cmake/../../../opt/yaml_cpp_vendor/lib/cmake/yaml-cpp'
[5.710s] -- Found ament_cmake_cppcheck: 0.9.8 (/opt/ros/foxy/share/ament_cmake_cppcheck/cmake)
[5.711s] -- Found ament_cmake_cpplint: 0.9.8 (/opt/ros/foxy/share/ament_cmake_cpplint/cmake)
[5.711s] -- Found ament_cmake_lint_cmake: 0.9.8 (/opt/ros/foxy/share/ament_cmake_lint_cmake/cmake)
[5.712s] -- Found ament_cmake_uncrustify: 0.9.8 (/opt/ros/foxy/share/ament_cmake_uncrustify/cmake)
[5.714s] -- Found gtest sources under '/opt/ros/foxy/src/gtest_vendor': C++ tests using 'Google Test' will be built
[5.717s] -- Check if compiler accepts -pthread
[5.986s] -- Check if compiler accepts -pthread - yes
[6.276s] -- Configuring done
[6.453s] -- Generating done
[6.455s] -- Build files have been written to: /home/root/voxl-mpa-to-ros2/colcon_ws/build/camera_calibration_parsers
[6.480s] Invoked command in '/home/root/voxl-mpa-to-ros2/colcon_ws/build/camera_calibration_parsers' returned '0': CMAKE_PREFIX_PATH=${CMAKE_PREFIX_PATH}:/home/root/voxl-mpa-to-ros2/colcon_ws/install/voxl_offboard_figure8 SHLVL=3 _=/usr/bin/env /usr/bin/cmake /home/root/voxl-mpa-to-ros2/colcon_ws/src/image_common/camera_calibration_parsers -DCMAKE_INSTALL_PREFIX=/home/root/voxl-mpa-to-ros2/colcon_ws/install/camera_calibration_parsers
[6.490s] Invoking command in '/home/root/voxl-mpa-to-ros2/colcon_ws/build/camera_calibration_parsers': CMAKE_PREFIX_PATH=${CMAKE_PREFIX_PATH}:/home/root/voxl-mpa-to-ros2/colcon_ws/install/voxl_offboard_figure8 SHLVL=3 _=/usr/bin/env /usr/bin/cmake --build /home/root/voxl-mpa-to-ros2/colcon_ws/build/camera_calibration_parsers -- -j8 -l8
[6.722s] [35m[1mScanning dependencies of target camera_calibration_parsers[0m
[6.731s] [35m[1mScanning dependencies of target gtest[0m
[6.751s] [35m[1mScanning dependencies of target gtest_main[0m
[6.842s] [  7%] [32mBuilding CXX object gtest/CMakeFiles/gtest.dir/src/gtest-all.cc.o[0m
[6.871s] [ 14%] [32mBuilding CXX object gtest/CMakeFiles/gtest_main.dir/src/gtest_main.cc.o[0m
[6.931s] [ 21%] [32mBuilding CXX object CMakeFiles/camera_calibration_parsers.dir/src/parse_ini.cpp.o[0m
[6.935s] [ 28%] [32mBuilding CXX object CMakeFiles/camera_calibration_parsers.dir/src/parse_yml.cpp.o[0m
[6.939s] [ 35%] [32mBuilding CXX object CMakeFiles/camera_calibration_parsers.dir/src/parse.cpp.o[0m
[9.813s] [ 42%] [32m[1mLinking CXX static library libgtest_main.a[0m
[10.131s] [ 42%] Built target gtest_main
[14.725s] [ 50%] [32m[1mLinking CXX shared library libcamera_calibration_parsers.so[0m
[16.567s] [ 50%] Built target camera_calibration_parsers
[16.632s] [35m[1mScanning dependencies of target convert[0m
[16.692s] [ 57%] [32mBuilding CXX object CMakeFiles/convert.dir/src/convert.cpp.o[0m
[17.327s] [ 64%] [32m[1mLinking CXX static library libgtest.a[0m
[17.629s] [ 64%] Built target gtest
[17.714s] [35m[1mScanning dependencies of target camera_calibration_parsers-parse_ini[0m
[17.743s] [35m[1mScanning dependencies of target camera_calibration_parsers-parse_yml[0m
[17.778s] [ 71%] [32mBuilding CXX object CMakeFiles/camera_calibration_parsers-parse_yml.dir/test/test_parse_yml.cpp.o[0m
[17.809s] [ 78%] [32mBuilding CXX object CMakeFiles/camera_calibration_parsers-parse_ini.dir/test/test_parse_ini.cpp.o[0m
[18.055s] [ 85%] [32m[1mLinking CXX executable convert[0m
[19.415s] [ 85%] Built target convert
[19.650s] [ 92%] [32m[1mLinking CXX executable camera_calibration_parsers-parse_yml[0m
[20.508s] [ 92%] Built target camera_calibration_parsers-parse_yml
[20.947s] [100%] [32m[1mLinking CXX executable camera_calibration_parsers-parse_ini[0m
[21.607s] [100%] Built target camera_calibration_parsers-parse_ini
[21.657s] Invoked command in '/home/root/voxl-mpa-to-ros2/colcon_ws/build/camera_calibration_parsers' returned '0': CMAKE_PREFIX_PATH=${CMAKE_PREFIX_PATH}:/home/root/voxl-mpa-to-ros2/colcon_ws/install/voxl_offboard_figure8 SHLVL=3 _=/usr/bin/env /usr/bin/cmake --build /home/root/voxl-mpa-to-ros2/colcon_ws/build/camera_calibration_parsers -- -j8 -l8
[21.864s] Invoking command in '/home/root/voxl-mpa-to-ros2/colcon_ws/build/camera_calibration_parsers': CMAKE_PREFIX_PATH=${CMAKE_PREFIX_PATH}:/home/root/voxl-mpa-to-ros2/colcon_ws/install/voxl_offboard_figure8 SHLVL=3 _=/usr/bin/env /usr/bin/cmake --build /home/root/voxl-mpa-to-ros2/colcon_ws/build/camera_calibration_parsers --target install -- -j8 -l8
[22.085s] [ 14%] Built target gtest
[22.087s] [ 28%] Built target gtest_main
[22.127s] [ 57%] Built target camera_calibration_parsers
[22.229s] [ 85%] Built target camera_calibration_parsers-parse_ini
[22.230s] [ 85%] Built target convert
[22.241s] [100%] Built target camera_calibration_parsers-parse_yml
[22.333s] [36mInstall the project...[0m
[22.395s] -- Install configuration: ""
[22.397s] -- Installing: /home/root/voxl-mpa-to-ros2/colcon_ws/install/camera_calibration_parsers/lib/libcamera_calibration_parsers.so
[22.398s] -- Set runtime path of "/home/root/voxl-mpa-to-ros2/colcon_ws/install/camera_calibration_parsers/lib/libcamera_calibration_parsers.so" to ""
[22.399s] -- Installing: /home/root/voxl-mpa-to-ros2/colcon_ws/install/camera_calibration_parsers/lib/camera_calibration_parsers/convert
[22.399s] -- Set runtime path of "/home/root/voxl-mpa-to-ros2/colcon_ws/install/camera_calibration_parsers/lib/camera_calibration_parsers/convert" to ""
[22.400s] -- Installing: /home/root/voxl-mpa-to-ros2/colcon_ws/install/camera_calibration_parsers/include
[22.400s] -- Installing: /home/root/voxl-mpa-to-ros2/colcon_ws/install/camera_calibration_parsers/include/camera_calibration_parsers
[22.401s] -- Installing: /home/root/voxl-mpa-to-ros2/colcon_ws/install/camera_calibration_parsers/include/camera_calibration_parsers/parse.h
[22.401s] -- Installing: /home/root/voxl-mpa-to-ros2/colcon_ws/install/camera_calibration_parsers/include/camera_calibration_parsers/parse.hpp
[22.402s] -- Installing: /home/root/voxl-mpa-to-ros2/colcon_ws/install/camera_calibration_parsers/include/camera_calibration_parsers/parse_ini.h
[22.403s] -- Installing: /home/root/voxl-mpa-to-ros2/colcon_ws/install/camera_calibration_parsers/include/camera_calibration_parsers/parse_ini.hpp
[22.405s] -- Installing: /home/root/voxl-mpa-to-ros2/colcon_ws/install/camera_calibration_parsers/include/camera_calibration_parsers/parse_yml.h
[22.408s] -- Installing: /home/root/voxl-mpa-to-ros2/colcon_ws/install/camera_calibration_parsers/include/camera_calibration_parsers/parse_yml.hpp
[22.415s] -- Installing: /home/root/voxl-mpa-to-ros2/colcon_ws/install/camera_calibration_parsers/include/camera_calibration_parsers/visibility_control.hpp
[22.417s] -- Installing: /home/root/voxl-mpa-to-ros2/colcon_ws/install/camera_calibration_parsers/share/camera_calibration_parsers/environment/library_path.sh
[22.417s] -- Installing: /home/root/voxl-mpa-to-ros2/colcon_ws/install/camera_calibration_parsers/share/camera_calibration_parsers/environment/library_path.dsv
[22.418s] -- Installing: /home/root/voxl-mpa-to-ros2/colcon_ws/install/camera_calibration_parsers/share/ament_index/resource_index/package_run_dependencies/camera_calibration_parsers
[22.419s] -- Installing: /home/root/voxl-mpa-to-ros2/colcon_ws/install/camera_calibration_parsers/share/ament_index/resource_index/parent_prefix_path/camera_calibration_parsers
[22.420s] -- Installing: /home/root/voxl-mpa-to-ros2/colcon_ws/install/camera_calibration_parsers/share/camera_calibration_parsers/environment/ament_prefix_path.sh
[22.422s] -- Installing: /home/root/voxl-mpa-to-ros2/colcon_ws/install/camera_calibration_parsers/share/camera_calibration_parsers/environment/ament_prefix_path.dsv
[22.423s] -- Installing: /home/root/voxl-mpa-to-ros2/colcon_ws/install/camera_calibration_parsers/share/camera_calibration_parsers/environment/path.sh
[22.425s] -- Installing: /home/root/voxl-mpa-to-ros2/colcon_ws/install/camera_calibration_parsers/share/camera_calibration_parsers/environment/path.dsv
[22.426s] -- Installing: /home/root/voxl-mpa-to-ros2/colcon_ws/install/camera_calibration_parsers/share/camera_calibration_parsers/local_setup.bash
[22.426s] -- Installing: /home/root/voxl-mpa-to-ros2/colcon_ws/install/camera_calibration_parsers/share/camera_calibration_parsers/local_setup.sh
[22.427s] -- Installing: /home/root/voxl-mpa-to-ros2/colcon_ws/install/camera_calibration_parsers/share/camera_calibration_parsers/local_setup.zsh
[22.429s] -- Installing: /home/root/voxl-mpa-to-ros2/colcon_ws/install/camera_calibration_parsers/share/camera_calibration_parsers/local_setup.dsv
[22.429s] -- Installing: /home/root/voxl-mpa-to-ros2/colcon_ws/install/camera_calibration_parsers/share/camera_calibration_parsers/package.dsv
[22.431s] -- Installing: /home/root/voxl-mpa-to-ros2/colcon_ws/install/camera_calibration_parsers/share/ament_index/resource_index/packages/camera_calibration_parsers
[22.433s] -- Installing: /home/root/voxl-mpa-to-ros2/colcon_ws/install/camera_calibration_parsers/share/camera_calibration_parsers/cmake/ament_cmake_export_include_directories-extras.cmake
[22.434s] -- Installing: /home/root/voxl-mpa-to-ros2/colcon_ws/install/camera_calibration_parsers/share/camera_calibration_parsers/cmake/ament_cmake_export_libraries-extras.cmake
[22.435s] -- Installing: /home/root/voxl-mpa-to-ros2/colcon_ws/install/camera_calibration_parsers/share/camera_calibration_parsers/cmake/ament_cmake_export_dependencies-extras.cmake
[22.436s] -- Installing: /home/root/voxl-mpa-to-ros2/colcon_ws/install/camera_calibration_parsers/share/camera_calibration_parsers/cmake/camera_calibration_parsersConfig.cmake
[22.437s] -- Installing: /home/root/voxl-mpa-to-ros2/colcon_ws/install/camera_calibration_parsers/share/camera_calibration_parsers/cmake/camera_calibration_parsersConfig-version.cmake
[22.438s] -- Installing: /home/root/voxl-mpa-to-ros2/colcon_ws/install/camera_calibration_parsers/share/camera_calibration_parsers/package.xml
[22.442s] Invoked command in '/home/root/voxl-mpa-to-ros2/colcon_ws/build/camera_calibration_parsers' returned '0': CMAKE_PREFIX_PATH=${CMAKE_PREFIX_PATH}:/home/root/voxl-mpa-to-ros2/colcon_ws/install/voxl_offboard_figure8 SHLVL=3 _=/usr/bin/env /usr/bin/cmake --build /home/root/voxl-mpa-to-ros2/colcon_ws/build/camera_calibration_parsers --target install -- -j8 -l8
