[0.068s] Invoking command in '/home/root/voxl-mpa-to-ros2/colcon_ws/build/px4_ros_com': CMAKE_PREFIX_PATH=/home/root/voxl-mpa-to-ros2/colcon_ws/install/px4_msgs:/home/root/voxl-mpa-to-ros2/colcon_ws/install/voxl_mpa_to_ros2:/home/root/voxl-mpa-to-ros2/colcon_ws/install/voxl_msgs:/home/root/voxl-mpa-to-ros2/colcon_ws/install/px4_ros_com:/home/root/voxl-mpa-to-ros2/colcon_ws/install/image_common:/home/root/voxl-mpa-to-ros2/colcon_ws/install/image_transport:/home/root/voxl-mpa-to-ros2/colcon_ws/install/camera_info_manager:/home/root/voxl-mpa-to-ros2/colcon_ws/install/camera_calibration_parsers:/opt/ros/foxy:/home/root/voxl-mpa-to-ros2/colcon_ws/install/voxl_offboard_figure8 LD_LIBRARY_PATH=/home/root/voxl-mpa-to-ros2/colcon_ws/install/px4_msgs/lib:/home/root/voxl-mpa-to-ros2/colcon_ws/install/voxl_msgs/lib:/home/root/voxl-mpa-to-ros2/colcon_ws/install/px4_ros_com/lib:/home/root/voxl-mpa-to-ros2/colcon_ws/install/image_transport/lib:/home/root/voxl-mpa-to-ros2/colcon_ws/install/camera_info_manager/lib:/home/root/voxl-mpa-to-ros2/colcon_ws/install/camera_calibration_parsers/lib:/opt/ros/foxy/opt/yaml_cpp_vendor/lib:/opt/ros/foxy/lib PYTHONPATH=/home/root/voxl-mpa-to-ros2/colcon_ws/install/px4_msgs/lib/python3.6/site-packages:/home/root/voxl-mpa-to-ros2/colcon_ws/install/voxl_offboard_figure8/lib/python3.6/site-packages:/home/root/voxl-mpa-to-ros2/colcon_ws/install/voxl_msgs/lib/python3.6/site-packages:/opt/ros/foxy/lib/python3.6/site-packages SHLVL=3 _=/usr/bin/env /usr/bin/cmake /home/root/voxl-mpa-to-ros2/colcon_ws/src/px4_ros_com -DCMAKE_INSTALL_PREFIX=/home/root/voxl-mpa-to-ros2/colcon_ws/install/px4_ros_com
[0.345s] -- The C compiler identification is GNU 7.5.0
[0.570s] -- The CXX compiler identification is GNU 7.5.0
[0.587s] -- Check for working C compiler: /usr/bin/cc
[0.965s] -- Check for working C compiler: /usr/bin/cc -- works
[0.971s] -- Detecting C compiler ABI info
[1.294s] -- Detecting C compiler ABI info - done
[1.333s] -- Detecting C compile features
[2.270s] -- Detecting C compile features - done
[2.288s] -- Check for working CXX compiler: /usr/bin/c++
[2.626s] -- Check for working CXX compiler: /usr/bin/c++ -- works
[2.637s] -- Detecting CXX compiler ABI info
[2.967s] -- Detecting CXX compiler ABI info - done
[3.005s] -- Detecting CXX compile features
[4.613s] -- Detecting CXX compile features - done
[4.622s] -- Found ament_cmake: 0.9.12 (/opt/ros/foxy/share/ament_cmake/cmake)
[4.678s] -- Found PythonInterp: /usr/bin/python3 (found suitable version "3.6.9", minimum required is "3") 
[4.680s] -- Using PYTHON_EXECUTABLE: /usr/bin/python3
[4.985s] -- Found builtin_interfaces: 1.0.0 (/opt/ros/foxy/share/builtin_interfaces/cmake)
[5.023s] -- Using all available rosidl_typesupport_c: rosidl_typesupport_fastrtps_c;rosidl_typesupport_introspection_c
[5.028s] -- Found rosidl_adapter: 1.3.1 (/opt/ros/foxy/share/rosidl_adapter/cmake)
[5.249s] -- Found OpenSSL: /usr/lib/aarch64-linux-gnu/libcrypto.so (found version "1.1.1") 
[5.311s] -- Found FastRTPS: /opt/ros/foxy/include  
[5.434s] -- Using all available rosidl_typesupport_cpp: rosidl_typesupport_fastrtps_cpp;rosidl_typesupport_introspection_cpp
[5.464s] -- Found eigen3_cmake_module: 0.1.1 (/opt/ros/foxy/share/eigen3_cmake_module/cmake)
[5.467s] -- Found Eigen3: TRUE (found version "3.3.4") 
[5.469s] -- Found geometry_msgs: 2.0.5 (/opt/ros/foxy/share/geometry_msgs/cmake)
[5.517s] -- Found px4_msgs: 2.0.1 (/home/root/voxl-mpa-to-ros2/colcon_ws/install/px4_msgs/share/px4_msgs/cmake)
[5.530s] -- Found rclcpp: 2.4.3 (/opt/ros/foxy/share/rclcpp/cmake)
[5.565s] -- Found rmw_implementation_cmake: 1.0.4 (/opt/ros/foxy/share/rmw_implementation_cmake/cmake)
[5.567s] -- Using RMW implementation 'rmw_fastrtps_cpp' as default
[5.569s] -- Looking for pthread.h
[5.920s] -- Looking for pthread.h - found
[5.923s] -- Looking for pthread_create
[6.303s] -- Looking for pthread_create - not found
[6.306s] -- Looking for pthread_create in pthreads
[6.610s] -- Looking for pthread_create in pthreads - not found
[6.610s] -- Looking for pthread_create in pthread
[6.957s] -- Looking for pthread_create in pthread - found
[6.966s] -- Found Threads: TRUE  
[7.119s] -- Found sensor_msgs: 2.0.5 (/opt/ros/foxy/share/sensor_msgs/cmake)
[7.190s] -- Found ament_lint_auto: 0.9.8 (/opt/ros/foxy/share/ament_lint_auto/cmake)
[7.312s] -- Added test 'copyright' to check source files copyright and LICENSE
[7.315s] -- Added test 'cppcheck' to perform static code analysis on C / C++ code
[7.317s] -- Configured cppcheck include dirs: /home/root/voxl-mpa-to-ros2/colcon_ws/src/px4_ros_com/include;$<BUILD_INTERFACE:/home/root/voxl-mpa-to-ros2/colcon_ws/src/px4_ros_com/include/px4_ros_com>
[7.320s] -- Configured cppcheck exclude dirs and/or files: 
[7.322s] -- Added test 'cpplint' to check C / C++ code against the Google style
[7.323s] -- Configured cpplint exclude dirs and/or files: 
[7.325s] -- Added test 'flake8' to check Python code syntax and style conventions
[7.327s] -- Added test 'lint_cmake' to check CMake code style
[7.329s] -- Added test 'pep257' to check Python code against some of the style conventions in PEP 257
[7.331s] -- Added test 'uncrustify' to check C / C++ code style
[7.333s] -- Configured uncrustify additional arguments: 
[7.335s] -- Added test 'xmllint' to check XML markup files
[7.336s] -- Configuring done
[7.381s] -- Generating done
[7.383s] -- Build files have been written to: /home/root/voxl-mpa-to-ros2/colcon_ws/build/px4_ros_com
[7.405s] Invoked command in '/home/root/voxl-mpa-to-ros2/colcon_ws/build/px4_ros_com' returned '0': CMAKE_PREFIX_PATH=/home/root/voxl-mpa-to-ros2/colcon_ws/install/px4_msgs:/home/root/voxl-mpa-to-ros2/colcon_ws/install/voxl_mpa_to_ros2:/home/root/voxl-mpa-to-ros2/colcon_ws/install/voxl_msgs:/home/root/voxl-mpa-to-ros2/colcon_ws/install/px4_ros_com:/home/root/voxl-mpa-to-ros2/colcon_ws/install/image_common:/home/root/voxl-mpa-to-ros2/colcon_ws/install/image_transport:/home/root/voxl-mpa-to-ros2/colcon_ws/install/camera_info_manager:/home/root/voxl-mpa-to-ros2/colcon_ws/install/camera_calibration_parsers:/opt/ros/foxy:/home/root/voxl-mpa-to-ros2/colcon_ws/install/voxl_offboard_figure8 LD_LIBRARY_PATH=/home/root/voxl-mpa-to-ros2/colcon_ws/install/px4_msgs/lib:/home/root/voxl-mpa-to-ros2/colcon_ws/install/voxl_msgs/lib:/home/root/voxl-mpa-to-ros2/colcon_ws/install/px4_ros_com/lib:/home/root/voxl-mpa-to-ros2/colcon_ws/install/image_transport/lib:/home/root/voxl-mpa-to-ros2/colcon_ws/install/camera_info_manager/lib:/home/root/voxl-mpa-to-ros2/colcon_ws/install/camera_calibration_parsers/lib:/opt/ros/foxy/opt/yaml_cpp_vendor/lib:/opt/ros/foxy/lib PYTHONPATH=/home/root/voxl-mpa-to-ros2/colcon_ws/install/px4_msgs/lib/python3.6/site-packages:/home/root/voxl-mpa-to-ros2/colcon_ws/install/voxl_offboard_figure8/lib/python3.6/site-packages:/home/root/voxl-mpa-to-ros2/colcon_ws/install/voxl_msgs/lib/python3.6/site-packages:/opt/ros/foxy/lib/python3.6/site-packages SHLVL=3 _=/usr/bin/env /usr/bin/cmake /home/root/voxl-mpa-to-ros2/colcon_ws/src/px4_ros_com -DCMAKE_INSTALL_PREFIX=/home/root/voxl-mpa-to-ros2/colcon_ws/install/px4_ros_com
[7.432s] Invoking command in '/home/root/voxl-mpa-to-ros2/colcon_ws/build/px4_ros_com': CMAKE_PREFIX_PATH=/home/root/voxl-mpa-to-ros2/colcon_ws/install/px4_msgs:/home/root/voxl-mpa-to-ros2/colcon_ws/install/voxl_mpa_to_ros2:/home/root/voxl-mpa-to-ros2/colcon_ws/install/voxl_msgs:/home/root/voxl-mpa-to-ros2/colcon_ws/install/px4_ros_com:/home/root/voxl-mpa-to-ros2/colcon_ws/install/image_common:/home/root/voxl-mpa-to-ros2/colcon_ws/install/image_transport:/home/root/voxl-mpa-to-ros2/colcon_ws/install/camera_info_manager:/home/root/voxl-mpa-to-ros2/colcon_ws/install/camera_calibration_parsers:/opt/ros/foxy:/home/root/voxl-mpa-to-ros2/colcon_ws/install/voxl_offboard_figure8 LD_LIBRARY_PATH=/home/root/voxl-mpa-to-ros2/colcon_ws/install/px4_msgs/lib:/home/root/voxl-mpa-to-ros2/colcon_ws/install/voxl_msgs/lib:/home/root/voxl-mpa-to-ros2/colcon_ws/install/px4_ros_com/lib:/home/root/voxl-mpa-to-ros2/colcon_ws/install/image_transport/lib:/home/root/voxl-mpa-to-ros2/colcon_ws/install/camera_info_manager/lib:/home/root/voxl-mpa-to-ros2/colcon_ws/install/camera_calibration_parsers/lib:/opt/ros/foxy/opt/yaml_cpp_vendor/lib:/opt/ros/foxy/lib PYTHONPATH=/home/root/voxl-mpa-to-ros2/colcon_ws/install/px4_msgs/lib/python3.6/site-packages:/home/root/voxl-mpa-to-ros2/colcon_ws/install/voxl_offboard_figure8/lib/python3.6/site-packages:/home/root/voxl-mpa-to-ros2/colcon_ws/install/voxl_msgs/lib/python3.6/site-packages:/opt/ros/foxy/lib/python3.6/site-packages SHLVL=3 _=/usr/bin/env /usr/bin/cmake --build /home/root/voxl-mpa-to-ros2/colcon_ws/build/px4_ros_com -- -j8 -l8
[7.604s] [35m[1mScanning dependencies of target vehicle_gps_position_listener[0m
[7.605s] [35m[1mScanning dependencies of target frame_transforms[0m
[7.607s] [35m[1mScanning dependencies of target debug_vect_advertiser[0m
[7.611s] [35m[1mScanning dependencies of target sensor_combined_listener[0m
[7.626s] [35m[1mScanning dependencies of target offboard_control[0m
[7.685s] [ 10%] [32mBuilding CXX object CMakeFiles/vehicle_gps_position_listener.dir/src/examples/listeners/vehicle_gps_position_listener.cpp.o[0m
[7.698s] [ 20%] [32mBuilding CXX object CMakeFiles/debug_vect_advertiser.dir/src/examples/advertisers/debug_vect_advertiser.cpp.o[0m
[7.708s] [ 40%] [32mBuilding CXX object CMakeFiles/sensor_combined_listener.dir/src/examples/listeners/sensor_combined_listener.cpp.o[0m
[7.708s] [ 40%] [32mBuilding CXX object CMakeFiles/offboard_control.dir/src/examples/offboard/offboard_control.cpp.o[0m
[7.807s] [ 50%] [32mBuilding CXX object CMakeFiles/frame_transforms.dir/src/lib/frame_transforms.cpp.o[0m
[12.692s] [ 60%] [32m[1mLinking CXX executable debug_vect_advertiser[0m
[14.012s] [ 60%] Built target debug_vect_advertiser
[14.287s] [ 70%] [32m[1mLinking CXX executable offboard_control[0m
[15.169s] [ 70%] Built target offboard_control
[15.832s] [ 80%] [32m[1mLinking CXX executable vehicle_gps_position_listener[0m
[16.651s] [ 90%] [32m[1mLinking CXX executable sensor_combined_listener[0m
[16.867s] [ 90%] Built target vehicle_gps_position_listener
[17.288s] [100%] [32m[1mLinking CXX shared library libframe_transforms.so[0m
[17.448s] [100%] Built target sensor_combined_listener
[17.670s] [100%] Built target frame_transforms
[17.740s] Invoked command in '/home/root/voxl-mpa-to-ros2/colcon_ws/build/px4_ros_com' returned '0': CMAKE_PREFIX_PATH=/home/root/voxl-mpa-to-ros2/colcon_ws/install/px4_msgs:/home/root/voxl-mpa-to-ros2/colcon_ws/install/voxl_mpa_to_ros2:/home/root/voxl-mpa-to-ros2/colcon_ws/install/voxl_msgs:/home/root/voxl-mpa-to-ros2/colcon_ws/install/px4_ros_com:/home/root/voxl-mpa-to-ros2/colcon_ws/install/image_common:/home/root/voxl-mpa-to-ros2/colcon_ws/install/image_transport:/home/root/voxl-mpa-to-ros2/colcon_ws/install/camera_info_manager:/home/root/voxl-mpa-to-ros2/colcon_ws/install/camera_calibration_parsers:/opt/ros/foxy:/home/root/voxl-mpa-to-ros2/colcon_ws/install/voxl_offboard_figure8 LD_LIBRARY_PATH=/home/root/voxl-mpa-to-ros2/colcon_ws/install/px4_msgs/lib:/home/root/voxl-mpa-to-ros2/colcon_ws/install/voxl_msgs/lib:/home/root/voxl-mpa-to-ros2/colcon_ws/install/px4_ros_com/lib:/home/root/voxl-mpa-to-ros2/colcon_ws/install/image_transport/lib:/home/root/voxl-mpa-to-ros2/colcon_ws/install/camera_info_manager/lib:/home/root/voxl-mpa-to-ros2/colcon_ws/install/camera_calibration_parsers/lib:/opt/ros/foxy/opt/yaml_cpp_vendor/lib:/opt/ros/foxy/lib PYTHONPATH=/home/root/voxl-mpa-to-ros2/colcon_ws/install/px4_msgs/lib/python3.6/site-packages:/home/root/voxl-mpa-to-ros2/colcon_ws/install/voxl_offboard_figure8/lib/python3.6/site-packages:/home/root/voxl-mpa-to-ros2/colcon_ws/install/voxl_msgs/lib/python3.6/site-packages:/opt/ros/foxy/lib/python3.6/site-packages SHLVL=3 _=/usr/bin/env /usr/bin/cmake --build /home/root/voxl-mpa-to-ros2/colcon_ws/build/px4_ros_com -- -j8 -l8
[18.032s] Invoking command in '/home/root/voxl-mpa-to-ros2/colcon_ws/build/px4_ros_com': CMAKE_PREFIX_PATH=/home/root/voxl-mpa-to-ros2/colcon_ws/install/px4_msgs:/home/root/voxl-mpa-to-ros2/colcon_ws/install/voxl_mpa_to_ros2:/home/root/voxl-mpa-to-ros2/colcon_ws/install/voxl_msgs:/home/root/voxl-mpa-to-ros2/colcon_ws/install/px4_ros_com:/home/root/voxl-mpa-to-ros2/colcon_ws/install/image_common:/home/root/voxl-mpa-to-ros2/colcon_ws/install/image_transport:/home/root/voxl-mpa-to-ros2/colcon_ws/install/camera_info_manager:/home/root/voxl-mpa-to-ros2/colcon_ws/install/camera_calibration_parsers:/opt/ros/foxy:/home/root/voxl-mpa-to-ros2/colcon_ws/install/voxl_offboard_figure8 LD_LIBRARY_PATH=/home/root/voxl-mpa-to-ros2/colcon_ws/install/px4_msgs/lib:/home/root/voxl-mpa-to-ros2/colcon_ws/install/voxl_msgs/lib:/home/root/voxl-mpa-to-ros2/colcon_ws/install/px4_ros_com/lib:/home/root/voxl-mpa-to-ros2/colcon_ws/install/image_transport/lib:/home/root/voxl-mpa-to-ros2/colcon_ws/install/camera_info_manager/lib:/home/root/voxl-mpa-to-ros2/colcon_ws/install/camera_calibration_parsers/lib:/opt/ros/foxy/opt/yaml_cpp_vendor/lib:/opt/ros/foxy/lib PYTHONPATH=/home/root/voxl-mpa-to-ros2/colcon_ws/install/px4_msgs/lib/python3.6/site-packages:/home/root/voxl-mpa-to-ros2/colcon_ws/install/voxl_offboard_figure8/lib/python3.6/site-packages:/home/root/voxl-mpa-to-ros2/colcon_ws/install/voxl_msgs/lib/python3.6/site-packages:/opt/ros/foxy/lib/python3.6/site-packages SHLVL=3 _=/usr/bin/env /usr/bin/cmake --build /home/root/voxl-mpa-to-ros2/colcon_ws/build/px4_ros_com --target install -- -j8 -l8
[18.291s] [ 20%] Built target vehicle_gps_position_listener
[18.320s] [ 40%] Built target debug_vect_advertiser
[18.327s] [ 60%] Built target offboard_control
[18.351s] [100%] Built target frame_transforms
[18.353s] [100%] Built target sensor_combined_listener
[18.468s] [36mInstall the project...[0m
[18.525s] -- Install configuration: ""
[18.527s] -- Installing: /home/root/voxl-mpa-to-ros2/colcon_ws/install/px4_ros_com/lib/px4_ros_com/sensor_combined_listener
[18.529s] -- Set runtime path of "/home/root/voxl-mpa-to-ros2/colcon_ws/install/px4_ros_com/lib/px4_ros_com/sensor_combined_listener" to ""
[18.533s] -- Installing: /home/root/voxl-mpa-to-ros2/colcon_ws/install/px4_ros_com/lib/px4_ros_com/vehicle_gps_position_listener
[18.539s] -- Set runtime path of "/home/root/voxl-mpa-to-ros2/colcon_ws/install/px4_ros_com/lib/px4_ros_com/vehicle_gps_position_listener" to ""
[18.542s] -- Installing: /home/root/voxl-mpa-to-ros2/colcon_ws/install/px4_ros_com/lib/px4_ros_com/debug_vect_advertiser
[18.543s] -- Set runtime path of "/home/root/voxl-mpa-to-ros2/colcon_ws/install/px4_ros_com/lib/px4_ros_com/debug_vect_advertiser" to ""
[18.546s] -- Installing: /home/root/voxl-mpa-to-ros2/colcon_ws/install/px4_ros_com/lib/px4_ros_com/offboard_control
[18.547s] -- Set runtime path of "/home/root/voxl-mpa-to-ros2/colcon_ws/install/px4_ros_com/lib/px4_ros_com/offboard_control" to ""
[18.549s] -- Installing: /home/root/voxl-mpa-to-ros2/colcon_ws/install/px4_ros_com/share/px4_ros_com/environment/library_path.sh
[18.551s] -- Installing: /home/root/voxl-mpa-to-ros2/colcon_ws/install/px4_ros_com/share/px4_ros_com/environment/library_path.dsv
[18.552s] -- Installing: /home/root/voxl-mpa-to-ros2/colcon_ws/install/px4_ros_com/include/px4_ros_com
[18.556s] -- Installing: /home/root/voxl-mpa-to-ros2/colcon_ws/install/px4_ros_com/include/px4_ros_com/frame_transforms.h
[18.568s] -- Installing: /home/root/voxl-mpa-to-ros2/colcon_ws/install/px4_ros_com/lib/libframe_transforms.so
[18.569s] -- Set runtime path of "/home/root/voxl-mpa-to-ros2/colcon_ws/install/px4_ros_com/lib/libframe_transforms.so" to ""
[18.573s] -- Installing: /home/root/voxl-mpa-to-ros2/colcon_ws/install/px4_ros_com/share/px4_ros_com//launch
[18.574s] -- Installing: /home/root/voxl-mpa-to-ros2/colcon_ws/install/px4_ros_com/share/px4_ros_com//launch/offboard_control_launch.yaml
[18.576s] -- Installing: /home/root/voxl-mpa-to-ros2/colcon_ws/install/px4_ros_com/share/px4_ros_com//launch/sensor_combined_listener.launch.py
[18.577s] -- Installing: /home/root/voxl-mpa-to-ros2/colcon_ws/install/px4_ros_com/share/px4_ros_com//test
[18.579s] -- Installing: /home/root/voxl-mpa-to-ros2/colcon_ws/install/px4_ros_com/share/px4_ros_com//test/__init__.py
[18.580s] -- Installing: /home/root/voxl-mpa-to-ros2/colcon_ws/install/px4_ros_com/share/px4_ros_com//test/pipeline_io_test.py
[18.583s] -- Installing: /home/root/voxl-mpa-to-ros2/colcon_ws/install/px4_ros_com/share/px4_ros_com//test/test_input.py
[18.585s] -- Installing: /home/root/voxl-mpa-to-ros2/colcon_ws/install/px4_ros_com/share/px4_ros_com//test/test_output.py
[18.587s] -- Installing: /home/root/voxl-mpa-to-ros2/colcon_ws/install/px4_ros_com/share/ament_index/resource_index/package_run_dependencies/px4_ros_com
[18.589s] -- Installing: /home/root/voxl-mpa-to-ros2/colcon_ws/install/px4_ros_com/share/ament_index/resource_index/parent_prefix_path/px4_ros_com
[18.591s] -- Installing: /home/root/voxl-mpa-to-ros2/colcon_ws/install/px4_ros_com/share/px4_ros_com/environment/ament_prefix_path.sh
[18.593s] -- Installing: /home/root/voxl-mpa-to-ros2/colcon_ws/install/px4_ros_com/share/px4_ros_com/environment/ament_prefix_path.dsv
[18.595s] -- Installing: /home/root/voxl-mpa-to-ros2/colcon_ws/install/px4_ros_com/share/px4_ros_com/environment/path.sh
[18.597s] -- Installing: /home/root/voxl-mpa-to-ros2/colcon_ws/install/px4_ros_com/share/px4_ros_com/environment/path.dsv
[18.599s] -- Installing: /home/root/voxl-mpa-to-ros2/colcon_ws/install/px4_ros_com/share/px4_ros_com/local_setup.bash
[18.600s] -- Installing: /home/root/voxl-mpa-to-ros2/colcon_ws/install/px4_ros_com/share/px4_ros_com/local_setup.sh
[18.602s] -- Installing: /home/root/voxl-mpa-to-ros2/colcon_ws/install/px4_ros_com/share/px4_ros_com/local_setup.zsh
[18.603s] -- Installing: /home/root/voxl-mpa-to-ros2/colcon_ws/install/px4_ros_com/share/px4_ros_com/local_setup.dsv
[18.604s] -- Installing: /home/root/voxl-mpa-to-ros2/colcon_ws/install/px4_ros_com/share/px4_ros_com/package.dsv
[18.606s] -- Installing: /home/root/voxl-mpa-to-ros2/colcon_ws/install/px4_ros_com/share/ament_index/resource_index/packages/px4_ros_com
[18.611s] -- Installing: /home/root/voxl-mpa-to-ros2/colcon_ws/install/px4_ros_com/share/px4_ros_com/cmake/export_frame_transformsExport.cmake
[18.613s] -- Installing: /home/root/voxl-mpa-to-ros2/colcon_ws/install/px4_ros_com/share/px4_ros_com/cmake/export_frame_transformsExport-noconfig.cmake
[18.616s] -- Installing: /home/root/voxl-mpa-to-ros2/colcon_ws/install/px4_ros_com/share/px4_ros_com/cmake/ament_cmake_export_dependencies-extras.cmake
[18.618s] -- Installing: /home/root/voxl-mpa-to-ros2/colcon_ws/install/px4_ros_com/share/px4_ros_com/cmake/ament_cmake_export_targets-extras.cmake
[18.622s] -- Installing: /home/root/voxl-mpa-to-ros2/colcon_ws/install/px4_ros_com/share/px4_ros_com/cmake/ament_cmake_export_include_directories-extras.cmake
[18.624s] -- Installing: /home/root/voxl-mpa-to-ros2/colcon_ws/install/px4_ros_com/share/px4_ros_com/cmake/ament_cmake_export_libraries-extras.cmake
[18.625s] -- Installing: /home/root/voxl-mpa-to-ros2/colcon_ws/install/px4_ros_com/share/px4_ros_com/cmake/px4_ros_comConfig.cmake
[18.629s] -- Installing: /home/root/voxl-mpa-to-ros2/colcon_ws/install/px4_ros_com/share/px4_ros_com/cmake/px4_ros_comConfig-version.cmake
[18.631s] -- Installing: /home/root/voxl-mpa-to-ros2/colcon_ws/install/px4_ros_com/share/px4_ros_com/package.xml
[18.637s] Invoked command in '/home/root/voxl-mpa-to-ros2/colcon_ws/build/px4_ros_com' returned '0': CMAKE_PREFIX_PATH=/home/root/voxl-mpa-to-ros2/colcon_ws/install/px4_msgs:/home/root/voxl-mpa-to-ros2/colcon_ws/install/voxl_mpa_to_ros2:/home/root/voxl-mpa-to-ros2/colcon_ws/install/voxl_msgs:/home/root/voxl-mpa-to-ros2/colcon_ws/install/px4_ros_com:/home/root/voxl-mpa-to-ros2/colcon_ws/install/image_common:/home/root/voxl-mpa-to-ros2/colcon_ws/install/image_transport:/home/root/voxl-mpa-to-ros2/colcon_ws/install/camera_info_manager:/home/root/voxl-mpa-to-ros2/colcon_ws/install/camera_calibration_parsers:/opt/ros/foxy:/home/root/voxl-mpa-to-ros2/colcon_ws/install/voxl_offboard_figure8 LD_LIBRARY_PATH=/home/root/voxl-mpa-to-ros2/colcon_ws/install/px4_msgs/lib:/home/root/voxl-mpa-to-ros2/colcon_ws/install/voxl_msgs/lib:/home/root/voxl-mpa-to-ros2/colcon_ws/install/px4_ros_com/lib:/home/root/voxl-mpa-to-ros2/colcon_ws/install/image_transport/lib:/home/root/voxl-mpa-to-ros2/colcon_ws/install/camera_info_manager/lib:/home/root/voxl-mpa-to-ros2/colcon_ws/install/camera_calibration_parsers/lib:/opt/ros/foxy/opt/yaml_cpp_vendor/lib:/opt/ros/foxy/lib PYTHONPATH=/home/root/voxl-mpa-to-ros2/colcon_ws/install/px4_msgs/lib/python3.6/site-packages:/home/root/voxl-mpa-to-ros2/colcon_ws/install/voxl_offboard_figure8/lib/python3.6/site-packages:/home/root/voxl-mpa-to-ros2/colcon_ws/install/voxl_msgs/lib/python3.6/site-packages:/opt/ros/foxy/lib/python3.6/site-packages SHLVL=3 _=/usr/bin/env /usr/bin/cmake --build /home/root/voxl-mpa-to-ros2/colcon_ws/build/px4_ros_com --target install -- -j8 -l8
