[0.140s] Invoking command in '/home/root/voxl-mpa-to-ros2/colcon_ws/build/voxl_mpa_to_ros2': CMAKE_PREFIX_PATH=/home/root/voxl-mpa-to-ros2/colcon_ws/install/px4_ros_com:/home/root/voxl-mpa-to-ros2/colcon_ws/install/voxl_msgs:/home/root/voxl-mpa-to-ros2/colcon_ws/install/px4_msgs:/home/root/voxl-mpa-to-ros2/colcon_ws/install/image_transport:/home/root/voxl-mpa-to-ros2/colcon_ws/install/voxl_mpa_to_ros2:/home/root/voxl-mpa-to-ros2/colcon_ws/install/image_common:/home/root/voxl-mpa-to-ros2/colcon_ws/install/camera_info_manager:/home/root/voxl-mpa-to-ros2/colcon_ws/install/camera_calibration_parsers:/opt/ros/foxy:/home/root/voxl-mpa-to-ros2/colcon_ws/install/voxl_offboard_figure8 LD_LIBRARY_PATH=/home/root/voxl-mpa-to-ros2/colcon_ws/install/px4_ros_com/lib:/home/root/voxl-mpa-to-ros2/colcon_ws/install/voxl_msgs/lib:/home/root/voxl-mpa-to-ros2/colcon_ws/install/px4_msgs/lib:/home/root/voxl-mpa-to-ros2/colcon_ws/install/image_transport/lib:/home/root/voxl-mpa-to-ros2/colcon_ws/install/camera_info_manager/lib:/home/root/voxl-mpa-to-ros2/colcon_ws/install/camera_calibration_parsers/lib:/opt/ros/foxy/opt/yaml_cpp_vendor/lib:/opt/ros/foxy/lib PYTHONPATH=/home/root/voxl-mpa-to-ros2/colcon_ws/install/voxl_msgs/lib/python3.6/site-packages:/home/root/voxl-mpa-to-ros2/colcon_ws/install/px4_msgs/lib/python3.6/site-packages:/home/root/voxl-mpa-to-ros2/colcon_ws/install/voxl_offboard_figure8/lib/python3.6/site-packages:/opt/ros/foxy/lib/python3.6/site-packages SHLVL=3 _=/usr/bin/env /usr/bin/cmake --build /home/root/voxl-mpa-to-ros2/colcon_ws/build/voxl_mpa_to_ros2 -- -j8 -l8
[0.413s] [35m[1mScanning dependencies of target voxl_mpa_to_ros2_node[0m
[0.566s] [ 16%] [32mBuilding CXX object CMakeFiles/voxl_mpa_to_ros2_node.dir/src/interfaces/qvio_interface.cpp.o[0m
[0.569s] [ 16%] [32mBuilding CXX object CMakeFiles/voxl_mpa_to_ros2_node.dir/src/interface_manager.cpp.o[0m
[1.785s] In file included from [01m[K/home/root/voxl-mpa-to-ros2/colcon_ws/src/voxl_mpa_to_ros2/include/voxl_mpa_to_ros2/interfaces/all_interfaces.h:37:0[m[K,
[1.788s]                  from [01m[K/home/root/voxl-mpa-to-ros2/colcon_ws/src/voxl_mpa_to_ros2/src/interface_manager.cpp:36[m[K:
[1.789s] [01m[K/home/root/voxl-mpa-to-ros2/colcon_ws/src/voxl_mpa_to_ros2/include/voxl_mpa_to_ros2/interfaces/generic_interface.h:[m[K In static member function ‘[01m[Kstatic void GenericInterface::_interface_dc_cb(int, void*)[m[K’:
[1.792s] [01m[K/home/root/voxl-mpa-to-ros2/colcon_ws/src/voxl_mpa_to_ros2/include/voxl_mpa_to_ros2/interfaces/generic_interface.h:166:38:[m[K [01;35m[Kwarning: [m[Kunused parameter ‘[01m[Kch[m[K’ [[01;35m[K-Wunused-parameter[m[K]
[1.793s]      static void _interface_dc_cb(int [01;35m[Kch[m[K, void* context){
[1.795s]                                       [01;35m[K^~[m[K
[1.796s] In file included from [01m[K/home/root/voxl-mpa-to-ros2/colcon_ws/src/voxl_mpa_to_ros2/include/voxl_mpa_to_ros2/interfaces/camera_interface.h:38:0[m[K,
[1.798s]                  from [01m[K/home/root/voxl-mpa-to-ros2/colcon_ws/src/voxl_mpa_to_ros2/include/voxl_mpa_to_ros2/interfaces/all_interfaces.h:38[m[K,
[1.799s]                  from [01m[K/home/root/voxl-mpa-to-ros2/colcon_ws/src/voxl_mpa_to_ros2/src/interface_manager.cpp:36[m[K:
[1.801s] [01m[K/home/root/voxl-mpa-to-ros2/colcon_ws/install/image_transport/include/image_transport/image_transport.h:[m[K At global scope:
[1.802s] [01m[K/home/root/voxl-mpa-to-ros2/colcon_ws/install/image_transport/include/image_transport/image_transport.h:41:89:[m[K [01;36m[Knote: [m[K#pragma message: Warning: This header is deprecated. Use 'image_transport.hpp' instead
[1.804s]  #pragma message ("Warning: This header is deprecated. Use 'image_transport.hpp' instead"[01;36m[K)[m[K
[1.805s]                                                                                          [01;36m[K^[m[K
[2.002s] In file included from [01m[K/home/root/voxl-mpa-to-ros2/colcon_ws/src/voxl_mpa_to_ros2/include/voxl_mpa_to_ros2/interfaces/camera_interface.h:39:0[m[K,
[2.004s]                  from [01m[K/home/root/voxl-mpa-to-ros2/colcon_ws/src/voxl_mpa_to_ros2/include/voxl_mpa_to_ros2/interfaces/all_interfaces.h:38[m[K,
[2.005s]                  from [01m[K/home/root/voxl-mpa-to-ros2/colcon_ws/src/voxl_mpa_to_ros2/src/interface_manager.cpp:36[m[K:
[2.007s] [01m[K/home/root/voxl-mpa-to-ros2/colcon_ws/install/image_transport/include/image_transport/publisher.h:41:83:[m[K [01;36m[Knote: [m[K#pragma message: Warning: This header is deprecated. Use 'publisher.hpp' instead
[2.009s]  #pragma message ("Warning: This header is deprecated. Use 'publisher.hpp' instead"[01;36m[K)[m[K
[2.011s]                                                                                    [01;36m[K^[m[K
[2.084s] [01m[K/home/root/voxl-mpa-to-ros2/colcon_ws/src/voxl_mpa_to_ros2/src/interface_manager.cpp:[m[K In function ‘[01m[Kint findPipes(InterfaceListNode*, rclcpp::Node::SharedPtr)[m[K’:
[2.088s] [01m[K/home/root/voxl-mpa-to-ros2/colcon_ws/src/voxl_mpa_to_ros2/src/interface_manager.cpp:111:5:[m[K [01;35m[Kwarning: [m[Kthis ‘[01m[Kfor[m[K’ clause does not guard... [[01;35m[K-Wmisleading-indentation[m[K]
[2.090s]      [01;35m[Kfor[m[K(tail = head; tail->next != NULL; tail = tail->next);
[2.092s]      [01;35m[K^~~[m[K
[2.094s] [01m[K/home/root/voxl-mpa-to-ros2/colcon_ws/src/voxl_mpa_to_ros2/src/interface_manager.cpp:113:2:[m[K [01;36m[Knote: [m[K...this statement, but the latter is misleadingly indented as if it were guarded by the ‘[01m[Kfor[m[K’
[2.096s]   [01;36m[KFILE[m[K *fp = popen("voxl-list-pipes --mode-types", "r");
[2.097s]   [01;36m[K^~~~[m[K
[2.324s] In file included from [01m[K/home/root/voxl-mpa-to-ros2/colcon_ws/src/voxl_mpa_to_ros2/include/voxl_mpa_to_ros2/interfaces/qvio_interface.h:42:0[m[K,
[2.325s]                  from [01m[K/home/root/voxl-mpa-to-ros2/colcon_ws/src/voxl_mpa_to_ros2/src/interfaces/qvio_interface.cpp:34[m[K:
[2.327s] [01m[K/home/root/voxl-mpa-to-ros2/colcon_ws/src/voxl_mpa_to_ros2/include/voxl_mpa_to_ros2/interfaces/generic_interface.h:[m[K In static member function ‘[01m[Kstatic void GenericInterface::_interface_dc_cb(int, void*)[m[K’:
[2.329s] [01m[K/home/root/voxl-mpa-to-ros2/colcon_ws/src/voxl_mpa_to_ros2/include/voxl_mpa_to_ros2/interfaces/generic_interface.h:166:38:[m[K [01;35m[Kwarning: [m[Kunused parameter ‘[01m[Kch[m[K’ [[01;35m[K-Wunused-parameter[m[K]
[2.330s]      static void _interface_dc_cb(int [01;35m[Kch[m[K, void* context){
[2.332s]                                       [01;35m[K^~[m[K
[4.826s] [ 25%] [32m[1mLinking CXX executable voxl_mpa_to_ros2_node[0m
[6.327s] [100%] Built target voxl_mpa_to_ros2_node
[6.409s] Invoked command in '/home/root/voxl-mpa-to-ros2/colcon_ws/build/voxl_mpa_to_ros2' returned '0': CMAKE_PREFIX_PATH=/home/root/voxl-mpa-to-ros2/colcon_ws/install/px4_ros_com:/home/root/voxl-mpa-to-ros2/colcon_ws/install/voxl_msgs:/home/root/voxl-mpa-to-ros2/colcon_ws/install/px4_msgs:/home/root/voxl-mpa-to-ros2/colcon_ws/install/image_transport:/home/root/voxl-mpa-to-ros2/colcon_ws/install/voxl_mpa_to_ros2:/home/root/voxl-mpa-to-ros2/colcon_ws/install/image_common:/home/root/voxl-mpa-to-ros2/colcon_ws/install/camera_info_manager:/home/root/voxl-mpa-to-ros2/colcon_ws/install/camera_calibration_parsers:/opt/ros/foxy:/home/root/voxl-mpa-to-ros2/colcon_ws/install/voxl_offboard_figure8 LD_LIBRARY_PATH=/home/root/voxl-mpa-to-ros2/colcon_ws/install/px4_ros_com/lib:/home/root/voxl-mpa-to-ros2/colcon_ws/install/voxl_msgs/lib:/home/root/voxl-mpa-to-ros2/colcon_ws/install/px4_msgs/lib:/home/root/voxl-mpa-to-ros2/colcon_ws/install/image_transport/lib:/home/root/voxl-mpa-to-ros2/colcon_ws/install/camera_info_manager/lib:/home/root/voxl-mpa-to-ros2/colcon_ws/install/camera_calibration_parsers/lib:/opt/ros/foxy/opt/yaml_cpp_vendor/lib:/opt/ros/foxy/lib PYTHONPATH=/home/root/voxl-mpa-to-ros2/colcon_ws/install/voxl_msgs/lib/python3.6/site-packages:/home/root/voxl-mpa-to-ros2/colcon_ws/install/px4_msgs/lib/python3.6/site-packages:/home/root/voxl-mpa-to-ros2/colcon_ws/install/voxl_offboard_figure8/lib/python3.6/site-packages:/opt/ros/foxy/lib/python3.6/site-packages SHLVL=3 _=/usr/bin/env /usr/bin/cmake --build /home/root/voxl-mpa-to-ros2/colcon_ws/build/voxl_mpa_to_ros2 -- -j8 -l8
[6.691s] Invoking command in '/home/root/voxl-mpa-to-ros2/colcon_ws/build/voxl_mpa_to_ros2': CMAKE_PREFIX_PATH=/home/root/voxl-mpa-to-ros2/colcon_ws/install/px4_ros_com:/home/root/voxl-mpa-to-ros2/colcon_ws/install/voxl_msgs:/home/root/voxl-mpa-to-ros2/colcon_ws/install/px4_msgs:/home/root/voxl-mpa-to-ros2/colcon_ws/install/image_transport:/home/root/voxl-mpa-to-ros2/colcon_ws/install/voxl_mpa_to_ros2:/home/root/voxl-mpa-to-ros2/colcon_ws/install/image_common:/home/root/voxl-mpa-to-ros2/colcon_ws/install/camera_info_manager:/home/root/voxl-mpa-to-ros2/colcon_ws/install/camera_calibration_parsers:/opt/ros/foxy:/home/root/voxl-mpa-to-ros2/colcon_ws/install/voxl_offboard_figure8 LD_LIBRARY_PATH=/home/root/voxl-mpa-to-ros2/colcon_ws/install/px4_ros_com/lib:/home/root/voxl-mpa-to-ros2/colcon_ws/install/voxl_msgs/lib:/home/root/voxl-mpa-to-ros2/colcon_ws/install/px4_msgs/lib:/home/root/voxl-mpa-to-ros2/colcon_ws/install/image_transport/lib:/home/root/voxl-mpa-to-ros2/colcon_ws/install/camera_info_manager/lib:/home/root/voxl-mpa-to-ros2/colcon_ws/install/camera_calibration_parsers/lib:/opt/ros/foxy/opt/yaml_cpp_vendor/lib:/opt/ros/foxy/lib PYTHONPATH=/home/root/voxl-mpa-to-ros2/colcon_ws/install/voxl_msgs/lib/python3.6/site-packages:/home/root/voxl-mpa-to-ros2/colcon_ws/install/px4_msgs/lib/python3.6/site-packages:/home/root/voxl-mpa-to-ros2/colcon_ws/install/voxl_offboard_figure8/lib/python3.6/site-packages:/opt/ros/foxy/lib/python3.6/site-packages SHLVL=3 _=/usr/bin/env /usr/bin/cmake --build /home/root/voxl-mpa-to-ros2/colcon_ws/build/voxl_mpa_to_ros2 --target install -- -j8 -l8
[7.125s] [100%] Built target voxl_mpa_to_ros2_node
[7.245s] [36mInstall the project...[0m
[7.304s] -- Install configuration: ""
[7.309s] -- Up-to-date: /home/root/voxl-mpa-to-ros2/colcon_ws/install/voxl_mpa_to_ros2/share/voxl_mpa_to_ros2/launch
[7.311s] -- Up-to-date: /home/root/voxl-mpa-to-ros2/colcon_ws/install/voxl_mpa_to_ros2/share/voxl_mpa_to_ros2/launch/voxl_mpa_to_ros2.launch
[7.315s] -- Installing: /home/root/voxl-mpa-to-ros2/colcon_ws/install/voxl_mpa_to_ros2/lib/voxl_mpa_to_ros2/voxl_mpa_to_ros2_node
[7.318s] -- Set runtime path of "/home/root/voxl-mpa-to-ros2/colcon_ws/install/voxl_mpa_to_ros2/lib/voxl_mpa_to_ros2/voxl_mpa_to_ros2_node" to ""
[7.320s] -- Up-to-date: /home/root/voxl-mpa-to-ros2/colcon_ws/install/voxl_mpa_to_ros2/share/ament_index/resource_index/package_run_dependencies/voxl_mpa_to_ros2
[7.322s] -- Up-to-date: /home/root/voxl-mpa-to-ros2/colcon_ws/install/voxl_mpa_to_ros2/share/ament_index/resource_index/parent_prefix_path/voxl_mpa_to_ros2
[7.327s] -- Up-to-date: /home/root/voxl-mpa-to-ros2/colcon_ws/install/voxl_mpa_to_ros2/share/voxl_mpa_to_ros2/environment/ament_prefix_path.sh
[7.331s] -- Up-to-date: /home/root/voxl-mpa-to-ros2/colcon_ws/install/voxl_mpa_to_ros2/share/voxl_mpa_to_ros2/environment/ament_prefix_path.dsv
[7.337s] -- Up-to-date: /home/root/voxl-mpa-to-ros2/colcon_ws/install/voxl_mpa_to_ros2/share/voxl_mpa_to_ros2/environment/path.sh
[7.347s] -- Up-to-date: /home/root/voxl-mpa-to-ros2/colcon_ws/install/voxl_mpa_to_ros2/share/voxl_mpa_to_ros2/environment/path.dsv
[7.355s] -- Up-to-date: /home/root/voxl-mpa-to-ros2/colcon_ws/install/voxl_mpa_to_ros2/share/voxl_mpa_to_ros2/local_setup.bash
[7.357s] -- Up-to-date: /home/root/voxl-mpa-to-ros2/colcon_ws/install/voxl_mpa_to_ros2/share/voxl_mpa_to_ros2/local_setup.sh
[7.361s] -- Up-to-date: /home/root/voxl-mpa-to-ros2/colcon_ws/install/voxl_mpa_to_ros2/share/voxl_mpa_to_ros2/local_setup.zsh
[7.363s] -- Up-to-date: /home/root/voxl-mpa-to-ros2/colcon_ws/install/voxl_mpa_to_ros2/share/voxl_mpa_to_ros2/local_setup.dsv
[7.365s] -- Installing: /home/root/voxl-mpa-to-ros2/colcon_ws/install/voxl_mpa_to_ros2/share/voxl_mpa_to_ros2/package.dsv
[7.367s] -- Up-to-date: /home/root/voxl-mpa-to-ros2/colcon_ws/install/voxl_mpa_to_ros2/share/ament_index/resource_index/packages/voxl_mpa_to_ros2
[7.370s] -- Up-to-date: /home/root/voxl-mpa-to-ros2/colcon_ws/install/voxl_mpa_to_ros2/share/voxl_mpa_to_ros2/cmake/ament_cmake_export_dependencies-extras.cmake
[7.372s] -- Up-to-date: /home/root/voxl-mpa-to-ros2/colcon_ws/install/voxl_mpa_to_ros2/share/voxl_mpa_to_ros2/cmake/voxl_mpa_to_ros2Config.cmake
[7.375s] -- Up-to-date: /home/root/voxl-mpa-to-ros2/colcon_ws/install/voxl_mpa_to_ros2/share/voxl_mpa_to_ros2/cmake/voxl_mpa_to_ros2Config-version.cmake
[7.377s] -- Up-to-date: /home/root/voxl-mpa-to-ros2/colcon_ws/install/voxl_mpa_to_ros2/share/voxl_mpa_to_ros2/package.xml
[7.383s] Invoked command in '/home/root/voxl-mpa-to-ros2/colcon_ws/build/voxl_mpa_to_ros2' returned '0': CMAKE_PREFIX_PATH=/home/root/voxl-mpa-to-ros2/colcon_ws/install/px4_ros_com:/home/root/voxl-mpa-to-ros2/colcon_ws/install/voxl_msgs:/home/root/voxl-mpa-to-ros2/colcon_ws/install/px4_msgs:/home/root/voxl-mpa-to-ros2/colcon_ws/install/image_transport:/home/root/voxl-mpa-to-ros2/colcon_ws/install/voxl_mpa_to_ros2:/home/root/voxl-mpa-to-ros2/colcon_ws/install/image_common:/home/root/voxl-mpa-to-ros2/colcon_ws/install/camera_info_manager:/home/root/voxl-mpa-to-ros2/colcon_ws/install/camera_calibration_parsers:/opt/ros/foxy:/home/root/voxl-mpa-to-ros2/colcon_ws/install/voxl_offboard_figure8 LD_LIBRARY_PATH=/home/root/voxl-mpa-to-ros2/colcon_ws/install/px4_ros_com/lib:/home/root/voxl-mpa-to-ros2/colcon_ws/install/voxl_msgs/lib:/home/root/voxl-mpa-to-ros2/colcon_ws/install/px4_msgs/lib:/home/root/voxl-mpa-to-ros2/colcon_ws/install/image_transport/lib:/home/root/voxl-mpa-to-ros2/colcon_ws/install/camera_info_manager/lib:/home/root/voxl-mpa-to-ros2/colcon_ws/install/camera_calibration_parsers/lib:/opt/ros/foxy/opt/yaml_cpp_vendor/lib:/opt/ros/foxy/lib PYTHONPATH=/home/root/voxl-mpa-to-ros2/colcon_ws/install/voxl_msgs/lib/python3.6/site-packages:/home/root/voxl-mpa-to-ros2/colcon_ws/install/px4_msgs/lib/python3.6/site-packages:/home/root/voxl-mpa-to-ros2/colcon_ws/install/voxl_offboard_figure8/lib/python3.6/site-packages:/opt/ros/foxy/lib/python3.6/site-packages SHLVL=3 _=/usr/bin/env /usr/bin/cmake --build /home/root/voxl-mpa-to-ros2/colcon_ws/build/voxl_mpa_to_ros2 --target install -- -j8 -l8
