running egg_info
creating ../../build/voxl_offboard_figure8/voxl_offboard_figure8.egg-info
writing ../../build/voxl_offboard_figure8/voxl_offboard_figure8.egg-info/PKG-INFO
writing dependency_links to ../../build/voxl_offboard_figure8/voxl_offboard_figure8.egg-info/dependency_links.txt
writing entry points to ../../build/voxl_offboard_figure8/voxl_offboard_figure8.egg-info/entry_points.txt
writing requirements to ../../build/voxl_offboard_figure8/voxl_offboard_figure8.egg-info/requires.txt
writing top-level names to ../../build/voxl_offboard_figure8/voxl_offboard_figure8.egg-info/top_level.txt
writing manifest file '../../build/voxl_offboard_figure8/voxl_offboard_figure8.egg-info/SOURCES.txt'
reading manifest file '../../build/voxl_offboard_figure8/voxl_offboard_figure8.egg-info/SOURCES.txt'
writing manifest file '../../build/voxl_offboard_figure8/voxl_offboard_figure8.egg-info/SOURCES.txt'
running build
running build_py
creating /home/root/voxl-mpa-to-ros2/colcon_ws/build/voxl_offboard_figure8/build
creating /home/root/voxl-mpa-to-ros2/colcon_ws/build/voxl_offboard_figure8/build/lib
creating /home/root/voxl-mpa-to-ros2/colcon_ws/build/voxl_offboard_figure8/build/lib/voxl_offboard_figure8
copying voxl_offboard_figure8/__init__.py -> /home/root/voxl-mpa-to-ros2/colcon_ws/build/voxl_offboard_figure8/build/lib/voxl_offboard_figure8
copying voxl_offboard_figure8/voxl_offboard_figure8.py -> /home/root/voxl-mpa-to-ros2/colcon_ws/build/voxl_offboard_figure8/build/lib/voxl_offboard_figure8
running install
running install_lib
creating /home/root/voxl-mpa-to-ros2/colcon_ws/install/voxl_offboard_figure8/lib/python3.6/site-packages/voxl_offboard_figure8
copying /home/root/voxl-mpa-to-ros2/colcon_ws/build/voxl_offboard_figure8/build/lib/voxl_offboard_figure8/__init__.py -> /home/root/voxl-mpa-to-ros2/colcon_ws/install/voxl_offboard_figure8/lib/python3.6/site-packages/voxl_offboard_figure8
copying /home/root/voxl-mpa-to-ros2/colcon_ws/build/voxl_offboard_figure8/build/lib/voxl_offboard_figure8/voxl_offboard_figure8.py -> /home/root/voxl-mpa-to-ros2/colcon_ws/install/voxl_offboard_figure8/lib/python3.6/site-packages/voxl_offboard_figure8
byte-compiling /home/root/voxl-mpa-to-ros2/colcon_ws/install/voxl_offboard_figure8/lib/python3.6/site-packages/voxl_offboard_figure8/__init__.py to __init__.cpython-36.pyc
byte-compiling /home/root/voxl-mpa-to-ros2/colcon_ws/install/voxl_offboard_figure8/lib/python3.6/site-packages/voxl_offboard_figure8/voxl_offboard_figure8.py to voxl_offboard_figure8.cpython-36.pyc
running install_data
creating /home/root/voxl-mpa-to-ros2/colcon_ws/install/voxl_offboard_figure8/share/ament_index
creating /home/root/voxl-mpa-to-ros2/colcon_ws/install/voxl_offboard_figure8/share/ament_index/resource_index
creating /home/root/voxl-mpa-to-ros2/colcon_ws/install/voxl_offboard_figure8/share/ament_index/resource_index/packages
copying resource/voxl_offboard_figure8 -> /home/root/voxl-mpa-to-ros2/colcon_ws/install/voxl_offboard_figure8/share/ament_index/resource_index/packages
copying package.xml -> /home/root/voxl-mpa-to-ros2/colcon_ws/install/voxl_offboard_figure8/share/voxl_offboard_figure8
running install_egg_info
Copying ../../build/voxl_offboard_figure8/voxl_offboard_figure8.egg-info to /home/root/voxl-mpa-to-ros2/colcon_ws/install/voxl_offboard_figure8/lib/python3.6/site-packages/voxl_offboard_figure8-0.0.0-py3.6.egg-info
running install_scripts
Installing voxl_offboard_figure8 script to /home/root/voxl-mpa-to-ros2/colcon_ws/install/voxl_offboard_figure8/lib/voxl_offboard_figure8
writing list of installed files to '/home/root/voxl-mpa-to-ros2/colcon_ws/build/voxl_offboard_figure8/install.log'
