[0.850s] Invoking command in '/home/root/voxl-mpa-to-ros2/colcon_ws/src/voxl_offboard_figure8': PYTHONPATH=/home/root/voxl-mpa-to-ros2/colcon_ws/build/voxl_offboard_figure8/prefix_override:/home/root/voxl-mpa-to-ros2/colcon_ws/install/voxl_offboard_figure8/lib/python3.6/site-packages:${PYTHONPATH} SHLVL=3 _=/usr/bin/env /usr/bin/python3 setup.py egg_info --egg-base ../../build/voxl_offboard_figure8 build --build-base /home/root/voxl-mpa-to-ros2/colcon_ws/build/voxl_offboard_figure8/build install --record /home/root/voxl-mpa-to-ros2/colcon_ws/build/voxl_offboard_figure8/install.log --install-scripts $base/lib/voxl_offboard_figure8 --single-version-externally-managed
[1.096s] /usr/local/lib/python3.6/dist-packages/setuptools/dist.py:726: UserWarning: Usage of dash-separated 'script-dir' will not be supported in future versions. Please use the underscore name 'script_dir' instead
[1.097s]   % (opt, underscore_opt)
[1.127s] running egg_info
[1.128s] creating ../../build/voxl_offboard_figure8/voxl_offboard_figure8.egg-info
[1.129s] writing ../../build/voxl_offboard_figure8/voxl_offboard_figure8.egg-info/PKG-INFO
[1.129s] writing dependency_links to ../../build/voxl_offboard_figure8/voxl_offboard_figure8.egg-info/dependency_links.txt
[1.130s] writing entry points to ../../build/voxl_offboard_figure8/voxl_offboard_figure8.egg-info/entry_points.txt
[1.131s] writing requirements to ../../build/voxl_offboard_figure8/voxl_offboard_figure8.egg-info/requires.txt
[1.132s] writing top-level names to ../../build/voxl_offboard_figure8/voxl_offboard_figure8.egg-info/top_level.txt
[1.133s] writing manifest file '../../build/voxl_offboard_figure8/voxl_offboard_figure8.egg-info/SOURCES.txt'
[1.133s] reading manifest file '../../build/voxl_offboard_figure8/voxl_offboard_figure8.egg-info/SOURCES.txt'
[1.134s] writing manifest file '../../build/voxl_offboard_figure8/voxl_offboard_figure8.egg-info/SOURCES.txt'
[1.135s] running build
[1.136s] running build_py
[1.136s] creating /home/root/voxl-mpa-to-ros2/colcon_ws/build/voxl_offboard_figure8/build
[1.137s] creating /home/root/voxl-mpa-to-ros2/colcon_ws/build/voxl_offboard_figure8/build/lib
[1.140s] creating /home/root/voxl-mpa-to-ros2/colcon_ws/build/voxl_offboard_figure8/build/lib/voxl_offboard_figure8
[1.142s] copying voxl_offboard_figure8/__init__.py -> /home/root/voxl-mpa-to-ros2/colcon_ws/build/voxl_offboard_figure8/build/lib/voxl_offboard_figure8
[1.145s] copying voxl_offboard_figure8/voxl_offboard_figure8.py -> /home/root/voxl-mpa-to-ros2/colcon_ws/build/voxl_offboard_figure8/build/lib/voxl_offboard_figure8
[1.148s] running install
[1.150s] /usr/local/lib/python3.6/dist-packages/setuptools/command/install.py:37: SetuptoolsDeprecationWarning: setup.py install is deprecated. Use build and pip and other standards-based tools.
[1.151s]   setuptools.SetuptoolsDeprecationWarning,
[1.152s] running install_lib
[1.153s] creating /home/root/voxl-mpa-to-ros2/colcon_ws/install/voxl_offboard_figure8/lib/python3.6/site-packages/voxl_offboard_figure8
[1.154s] copying /home/root/voxl-mpa-to-ros2/colcon_ws/build/voxl_offboard_figure8/build/lib/voxl_offboard_figure8/__init__.py -> /home/root/voxl-mpa-to-ros2/colcon_ws/install/voxl_offboard_figure8/lib/python3.6/site-packages/voxl_offboard_figure8
[1.154s] copying /home/root/voxl-mpa-to-ros2/colcon_ws/build/voxl_offboard_figure8/build/lib/voxl_offboard_figure8/voxl_offboard_figure8.py -> /home/root/voxl-mpa-to-ros2/colcon_ws/install/voxl_offboard_figure8/lib/python3.6/site-packages/voxl_offboard_figure8
[1.155s] byte-compiling /home/root/voxl-mpa-to-ros2/colcon_ws/install/voxl_offboard_figure8/lib/python3.6/site-packages/voxl_offboard_figure8/__init__.py to __init__.cpython-36.pyc
[1.156s] byte-compiling /home/root/voxl-mpa-to-ros2/colcon_ws/install/voxl_offboard_figure8/lib/python3.6/site-packages/voxl_offboard_figure8/voxl_offboard_figure8.py to voxl_offboard_figure8.cpython-36.pyc
[1.156s] running install_data
[1.157s] creating /home/root/voxl-mpa-to-ros2/colcon_ws/install/voxl_offboard_figure8/share/ament_index
[1.158s] creating /home/root/voxl-mpa-to-ros2/colcon_ws/install/voxl_offboard_figure8/share/ament_index/resource_index
[1.163s] creating /home/root/voxl-mpa-to-ros2/colcon_ws/install/voxl_offboard_figure8/share/ament_index/resource_index/packages
[1.164s] copying resource/voxl_offboard_figure8 -> /home/root/voxl-mpa-to-ros2/colcon_ws/install/voxl_offboard_figure8/share/ament_index/resource_index/packages
[1.165s] copying package.xml -> /home/root/voxl-mpa-to-ros2/colcon_ws/install/voxl_offboard_figure8/share/voxl_offboard_figure8
[1.165s] running install_egg_info
[1.166s] Copying ../../build/voxl_offboard_figure8/voxl_offboard_figure8.egg-info to /home/root/voxl-mpa-to-ros2/colcon_ws/install/voxl_offboard_figure8/lib/python3.6/site-packages/voxl_offboard_figure8-0.0.0-py3.6.egg-info
[1.167s] running install_scripts
[1.167s] Installing voxl_offboard_figure8 script to /home/root/voxl-mpa-to-ros2/colcon_ws/install/voxl_offboard_figure8/lib/voxl_offboard_figure8
[1.168s] writing list of installed files to '/home/root/voxl-mpa-to-ros2/colcon_ws/build/voxl_offboard_figure8/install.log'
[1.194s] Invoked command in '/home/root/voxl-mpa-to-ros2/colcon_ws/src/voxl_offboard_figure8' returned '0': PYTHONPATH=/home/root/voxl-mpa-to-ros2/colcon_ws/build/voxl_offboard_figure8/prefix_override:/home/root/voxl-mpa-to-ros2/colcon_ws/install/voxl_offboard_figure8/lib/python3.6/site-packages:${PYTHONPATH} SHLVL=3 _=/usr/bin/env /usr/bin/python3 setup.py egg_info --egg-base ../../build/voxl_offboard_figure8 build --build-base /home/root/voxl-mpa-to-ros2/colcon_ws/build/voxl_offboard_figure8/build install --record /home/root/voxl-mpa-to-ros2/colcon_ws/build/voxl_offboard_figure8/install.log --install-scripts $base/lib/voxl_offboard_figure8 --single-version-externally-managed
