[0.073s] Invoking command in '/home/root/voxl-mpa-to-ros2/colcon_ws/build/voxl_msgs': CMAKE_PREFIX_PATH=${CMAKE_PREFIX_PATH}:/home/root/voxl-mpa-to-ros2/colcon_ws/install/voxl_offboard_figure8 SHLVL=3 _=/usr/bin/env /usr/bin/cmake --build /home/root/voxl-mpa-to-ros2/colcon_ws/build/voxl_msgs -- -j8 -l8
[0.228s] [  3%] Built target voxl_msgs__cpp
[0.259s] [ 12%] Built target voxl_msgs__rosidl_generator_c
[0.274s] [ 22%] Built target voxl_msgs__rosidl_typesupport_introspection_cpp
[0.298s] [ 32%] Built target voxl_msgs__rosidl_typesupport_cpp
[0.349s] [ 41%] Built target voxl_msgs__rosidl_typesupport_fastrtps_cpp
[0.370s] [ 51%] Built target voxl_msgs__rosidl_typesupport_introspection_c
[0.377s] [ 61%] Built target voxl_msgs__rosidl_typesupport_c
[0.460s] [ 70%] Built target voxl_msgs__rosidl_typesupport_fastrtps_c
[0.554s] [ 70%] Built target voxl_msgs
[0.642s] [ 74%] Built target voxl_msgs__py
[0.735s] [ 80%] Built target voxl_msgs__python
[0.809s] [ 87%] Built target voxl_msgs__rosidl_typesupport_introspection_c__pyext
[0.838s] [100%] Built target voxl_msgs__rosidl_typesupport_fastrtps_c__pyext
[0.839s] [100%] Built target voxl_msgs__rosidl_typesupport_c__pyext
[0.896s] Invoked command in '/home/root/voxl-mpa-to-ros2/colcon_ws/build/voxl_msgs' returned '0': CMAKE_PREFIX_PATH=${CMAKE_PREFIX_PATH}:/home/root/voxl-mpa-to-ros2/colcon_ws/install/voxl_offboard_figure8 SHLVL=3 _=/usr/bin/env /usr/bin/cmake --build /home/root/voxl-mpa-to-ros2/colcon_ws/build/voxl_msgs -- -j8 -l8
[1.207s] Invoking command in '/home/root/voxl-mpa-to-ros2/colcon_ws/build/voxl_msgs': CMAKE_PREFIX_PATH=${CMAKE_PREFIX_PATH}:/home/root/voxl-mpa-to-ros2/colcon_ws/install/voxl_offboard_figure8 SHLVL=3 _=/usr/bin/env /usr/bin/cmake --build /home/root/voxl-mpa-to-ros2/colcon_ws/build/voxl_msgs --target install -- -j8 -l8
[1.393s] [  9%] Built target voxl_msgs__rosidl_generator_c
[1.465s] [ 19%] Built target voxl_msgs__rosidl_typesupport_c
[1.466s] [ 22%] Built target voxl_msgs__cpp
[1.472s] [ 32%] Built target voxl_msgs__rosidl_typesupport_introspection_c
[1.578s] [ 41%] Built target voxl_msgs__rosidl_typesupport_fastrtps_cpp
[1.580s] [ 51%] Built target voxl_msgs__rosidl_typesupport_cpp
[1.580s] [ 61%] Built target voxl_msgs__rosidl_typesupport_introspection_cpp
[1.612s] [ 70%] Built target voxl_msgs__rosidl_typesupport_fastrtps_c
[1.692s] [ 70%] Built target voxl_msgs
[1.735s] [ 74%] Built target voxl_msgs__py
[1.803s] [ 80%] Built target voxl_msgs__python
[1.882s] [ 87%] Built target voxl_msgs__rosidl_typesupport_introspection_c__pyext
[1.889s] [ 93%] Built target voxl_msgs__rosidl_typesupport_fastrtps_c__pyext
[1.924s] [100%] Built target voxl_msgs__rosidl_typesupport_c__pyext
[1.997s] [36mInstall the project...[0m
[2.041s] -- Install configuration: ""
[2.043s] -- Up-to-date: /home/root/voxl-mpa-to-ros2/colcon_ws/install/voxl_msgs/share/ament_index/resource_index/rosidl_interfaces/voxl_msgs
[2.045s] -- Up-to-date: /home/root/voxl-mpa-to-ros2/colcon_ws/install/voxl_msgs/include/voxl_msgs
[2.048s] -- Up-to-date: /home/root/voxl-mpa-to-ros2/colcon_ws/install/voxl_msgs/include/voxl_msgs/msg
[2.052s] -- Up-to-date: /home/root/voxl-mpa-to-ros2/colcon_ws/install/voxl_msgs/include/voxl_msgs/msg/aidetection.h
[2.053s] -- Up-to-date: /home/root/voxl-mpa-to-ros2/colcon_ws/install/voxl_msgs/include/voxl_msgs/msg/detail
[2.054s] -- Up-to-date: /home/root/voxl-mpa-to-ros2/colcon_ws/install/voxl_msgs/include/voxl_msgs/msg/detail/aidetection__functions.c
[2.054s] -- Up-to-date: /home/root/voxl-mpa-to-ros2/colcon_ws/install/voxl_msgs/include/voxl_msgs/msg/detail/aidetection__functions.h
[2.055s] -- Up-to-date: /home/root/voxl-mpa-to-ros2/colcon_ws/install/voxl_msgs/include/voxl_msgs/msg/detail/aidetection__struct.h
[2.056s] -- Up-to-date: /home/root/voxl-mpa-to-ros2/colcon_ws/install/voxl_msgs/include/voxl_msgs/msg/detail/aidetection__type_support.h
[2.057s] -- Up-to-date: /home/root/voxl-mpa-to-ros2/colcon_ws/install/voxl_msgs/include/voxl_msgs/msg/rosidl_generator_c__visibility_control.h
[2.058s] -- Up-to-date: /home/root/voxl-mpa-to-ros2/colcon_ws/install/voxl_msgs/share/voxl_msgs/environment/library_path.sh
[2.058s] -- Up-to-date: /home/root/voxl-mpa-to-ros2/colcon_ws/install/voxl_msgs/share/voxl_msgs/environment/library_path.dsv
[2.059s] -- Up-to-date: /home/root/voxl-mpa-to-ros2/colcon_ws/install/voxl_msgs/lib/libvoxl_msgs__rosidl_generator_c.so
[2.060s] -- Up-to-date: /home/root/voxl-mpa-to-ros2/colcon_ws/install/voxl_msgs/include/voxl_msgs
[2.060s] -- Up-to-date: /home/root/voxl-mpa-to-ros2/colcon_ws/install/voxl_msgs/include/voxl_msgs/msg
[2.061s] -- Up-to-date: /home/root/voxl-mpa-to-ros2/colcon_ws/install/voxl_msgs/include/voxl_msgs/msg/detail
[2.062s] -- Up-to-date: /home/root/voxl-mpa-to-ros2/colcon_ws/install/voxl_msgs/include/voxl_msgs/msg/detail/aidetection__rosidl_typesupport_fastrtps_c.h
[2.062s] -- Up-to-date: /home/root/voxl-mpa-to-ros2/colcon_ws/install/voxl_msgs/include/voxl_msgs/msg/rosidl_typesupport_fastrtps_c__visibility_control.h
[2.063s] -- Up-to-date: /home/root/voxl-mpa-to-ros2/colcon_ws/install/voxl_msgs/lib/libvoxl_msgs__rosidl_typesupport_fastrtps_c.so
[2.064s] -- Up-to-date: /home/root/voxl-mpa-to-ros2/colcon_ws/install/voxl_msgs/include/voxl_msgs
[2.064s] -- Up-to-date: /home/root/voxl-mpa-to-ros2/colcon_ws/install/voxl_msgs/include/voxl_msgs/msg
[2.065s] -- Up-to-date: /home/root/voxl-mpa-to-ros2/colcon_ws/install/voxl_msgs/include/voxl_msgs/msg/detail
[2.066s] -- Up-to-date: /home/root/voxl-mpa-to-ros2/colcon_ws/install/voxl_msgs/include/voxl_msgs/msg/detail/aidetection__rosidl_typesupport_fastrtps_cpp.hpp
[2.067s] -- Up-to-date: /home/root/voxl-mpa-to-ros2/colcon_ws/install/voxl_msgs/include/voxl_msgs/msg/detail/dds_fastrtps
[2.068s] -- Up-to-date: /home/root/voxl-mpa-to-ros2/colcon_ws/install/voxl_msgs/include/voxl_msgs/msg/rosidl_typesupport_fastrtps_cpp__visibility_control.h
[2.069s] -- Up-to-date: /home/root/voxl-mpa-to-ros2/colcon_ws/install/voxl_msgs/lib/libvoxl_msgs__rosidl_typesupport_fastrtps_cpp.so
[2.070s] -- Up-to-date: /home/root/voxl-mpa-to-ros2/colcon_ws/install/voxl_msgs/include/voxl_msgs
[2.070s] -- Up-to-date: /home/root/voxl-mpa-to-ros2/colcon_ws/install/voxl_msgs/include/voxl_msgs/msg
[2.071s] -- Up-to-date: /home/root/voxl-mpa-to-ros2/colcon_ws/install/voxl_msgs/include/voxl_msgs/msg/detail
[2.072s] -- Up-to-date: /home/root/voxl-mpa-to-ros2/colcon_ws/install/voxl_msgs/include/voxl_msgs/msg/detail/aidetection__rosidl_typesupport_introspection_c.h
[2.072s] -- Up-to-date: /home/root/voxl-mpa-to-ros2/colcon_ws/install/voxl_msgs/include/voxl_msgs/msg/detail/aidetection__type_support.c
[2.072s] -- Up-to-date: /home/root/voxl-mpa-to-ros2/colcon_ws/install/voxl_msgs/include/voxl_msgs/msg/rosidl_typesupport_introspection_c__visibility_control.h
[2.073s] -- Up-to-date: /home/root/voxl-mpa-to-ros2/colcon_ws/install/voxl_msgs/lib/libvoxl_msgs__rosidl_typesupport_introspection_c.so
[2.074s] -- Up-to-date: /home/root/voxl-mpa-to-ros2/colcon_ws/install/voxl_msgs/lib/libvoxl_msgs__rosidl_typesupport_c.so
[2.074s] -- Up-to-date: /home/root/voxl-mpa-to-ros2/colcon_ws/install/voxl_msgs/include/voxl_msgs
[2.074s] -- Up-to-date: /home/root/voxl-mpa-to-ros2/colcon_ws/install/voxl_msgs/include/voxl_msgs/msg
[2.075s] -- Up-to-date: /home/root/voxl-mpa-to-ros2/colcon_ws/install/voxl_msgs/include/voxl_msgs/msg/aidetection.hpp
[2.076s] -- Up-to-date: /home/root/voxl-mpa-to-ros2/colcon_ws/install/voxl_msgs/include/voxl_msgs/msg/detail
[2.076s] -- Up-to-date: /home/root/voxl-mpa-to-ros2/colcon_ws/install/voxl_msgs/include/voxl_msgs/msg/detail/aidetection__builder.hpp
[2.077s] -- Up-to-date: /home/root/voxl-mpa-to-ros2/colcon_ws/install/voxl_msgs/include/voxl_msgs/msg/detail/aidetection__struct.hpp
[2.077s] -- Up-to-date: /home/root/voxl-mpa-to-ros2/colcon_ws/install/voxl_msgs/include/voxl_msgs/msg/detail/aidetection__traits.hpp
[2.078s] -- Up-to-date: /home/root/voxl-mpa-to-ros2/colcon_ws/install/voxl_msgs/include/voxl_msgs/msg/detail/aidetection__type_support.hpp
[2.078s] -- Up-to-date: /home/root/voxl-mpa-to-ros2/colcon_ws/install/voxl_msgs/include/voxl_msgs/msg/rosidl_generator_cpp__visibility_control.hpp
[2.079s] -- Up-to-date: /home/root/voxl-mpa-to-ros2/colcon_ws/install/voxl_msgs/include/voxl_msgs
[2.079s] -- Up-to-date: /home/root/voxl-mpa-to-ros2/colcon_ws/install/voxl_msgs/include/voxl_msgs/msg
[2.080s] -- Up-to-date: /home/root/voxl-mpa-to-ros2/colcon_ws/install/voxl_msgs/include/voxl_msgs/msg/detail
[2.080s] -- Up-to-date: /home/root/voxl-mpa-to-ros2/colcon_ws/install/voxl_msgs/include/voxl_msgs/msg/detail/aidetection__rosidl_typesupport_introspection_cpp.hpp
[2.081s] -- Up-to-date: /home/root/voxl-mpa-to-ros2/colcon_ws/install/voxl_msgs/include/voxl_msgs/msg/detail/aidetection__type_support.cpp
[2.081s] -- Up-to-date: /home/root/voxl-mpa-to-ros2/colcon_ws/install/voxl_msgs/lib/libvoxl_msgs__rosidl_typesupport_introspection_cpp.so
[2.082s] -- Up-to-date: /home/root/voxl-mpa-to-ros2/colcon_ws/install/voxl_msgs/lib/libvoxl_msgs__rosidl_typesupport_cpp.so
[2.082s] -- Up-to-date: /home/root/voxl-mpa-to-ros2/colcon_ws/install/voxl_msgs/share/voxl_msgs/environment/pythonpath.sh
[2.083s] -- Up-to-date: /home/root/voxl-mpa-to-ros2/colcon_ws/install/voxl_msgs/share/voxl_msgs/environment/pythonpath.dsv
[2.083s] -- Up-to-date: /home/root/voxl-mpa-to-ros2/colcon_ws/install/voxl_msgs/lib/python3.6/site-packages/voxl_msgs/__init__.py
[2.125s] -- Up-to-date: /home/root/voxl-mpa-to-ros2/colcon_ws/install/voxl_msgs/lib/python3.6/site-packages/voxl_msgs/msg
[2.128s] -- Up-to-date: /home/root/voxl-mpa-to-ros2/colcon_ws/install/voxl_msgs/lib/python3.6/site-packages/voxl_msgs/msg/_aidetection.py
[2.130s] -- Up-to-date: /home/root/voxl-mpa-to-ros2/colcon_ws/install/voxl_msgs/lib/python3.6/site-packages/voxl_msgs/msg/_aidetection_s.c
[2.131s] -- Up-to-date: /home/root/voxl-mpa-to-ros2/colcon_ws/install/voxl_msgs/lib/python3.6/site-packages/voxl_msgs/msg/__init__.py
[2.132s] -- Up-to-date: /home/root/voxl-mpa-to-ros2/colcon_ws/install/voxl_msgs/lib/python3.6/site-packages/voxl_msgs/voxl_msgs_s__rosidl_typesupport_fastrtps_c.cpython-36m-aarch64-linux-gnu.so
[2.132s] -- Up-to-date: /home/root/voxl-mpa-to-ros2/colcon_ws/install/voxl_msgs/lib/python3.6/site-packages/voxl_msgs/voxl_msgs_s__rosidl_typesupport_introspection_c.cpython-36m-aarch64-linux-gnu.so
[2.133s] -- Up-to-date: /home/root/voxl-mpa-to-ros2/colcon_ws/install/voxl_msgs/lib/python3.6/site-packages/voxl_msgs/voxl_msgs_s__rosidl_typesupport_c.cpython-36m-aarch64-linux-gnu.so
[2.133s] -- Up-to-date: /home/root/voxl-mpa-to-ros2/colcon_ws/install/voxl_msgs/lib/libvoxl_msgs__python.so
[2.134s] -- Up-to-date: /home/root/voxl-mpa-to-ros2/colcon_ws/install/voxl_msgs/share/voxl_msgs/msg/Aidetection.idl
[2.134s] -- Up-to-date: /home/root/voxl-mpa-to-ros2/colcon_ws/install/voxl_msgs/share/voxl_msgs/msg/Aidetection.msg
[2.136s] -- Up-to-date: /home/root/voxl-mpa-to-ros2/colcon_ws/install/voxl_msgs/share/ament_index/resource_index/package_run_dependencies/voxl_msgs
[2.137s] -- Up-to-date: /home/root/voxl-mpa-to-ros2/colcon_ws/install/voxl_msgs/share/ament_index/resource_index/parent_prefix_path/voxl_msgs
[2.142s] -- Up-to-date: /home/root/voxl-mpa-to-ros2/colcon_ws/install/voxl_msgs/share/voxl_msgs/environment/ament_prefix_path.sh
[2.144s] -- Up-to-date: /home/root/voxl-mpa-to-ros2/colcon_ws/install/voxl_msgs/share/voxl_msgs/environment/ament_prefix_path.dsv
[2.145s] -- Up-to-date: /home/root/voxl-mpa-to-ros2/colcon_ws/install/voxl_msgs/share/voxl_msgs/environment/path.sh
[2.146s] -- Up-to-date: /home/root/voxl-mpa-to-ros2/colcon_ws/install/voxl_msgs/share/voxl_msgs/environment/path.dsv
[2.147s] -- Up-to-date: /home/root/voxl-mpa-to-ros2/colcon_ws/install/voxl_msgs/share/voxl_msgs/local_setup.bash
[2.148s] -- Up-to-date: /home/root/voxl-mpa-to-ros2/colcon_ws/install/voxl_msgs/share/voxl_msgs/local_setup.sh
[2.149s] -- Up-to-date: /home/root/voxl-mpa-to-ros2/colcon_ws/install/voxl_msgs/share/voxl_msgs/local_setup.zsh
[2.150s] -- Up-to-date: /home/root/voxl-mpa-to-ros2/colcon_ws/install/voxl_msgs/share/voxl_msgs/local_setup.dsv
[2.151s] -- Installing: /home/root/voxl-mpa-to-ros2/colcon_ws/install/voxl_msgs/share/voxl_msgs/package.dsv
[2.152s] -- Up-to-date: /home/root/voxl-mpa-to-ros2/colcon_ws/install/voxl_msgs/share/ament_index/resource_index/packages/voxl_msgs
[2.153s] -- Up-to-date: /home/root/voxl-mpa-to-ros2/colcon_ws/install/voxl_msgs/share/voxl_msgs/cmake/voxl_msgs__rosidl_generator_cExport.cmake
[2.154s] -- Up-to-date: /home/root/voxl-mpa-to-ros2/colcon_ws/install/voxl_msgs/share/voxl_msgs/cmake/voxl_msgs__rosidl_generator_cExport-noconfig.cmake
[2.155s] -- Up-to-date: /home/root/voxl-mpa-to-ros2/colcon_ws/install/voxl_msgs/share/voxl_msgs/cmake/voxl_msgs__rosidl_typesupport_introspection_cExport.cmake
[2.156s] -- Up-to-date: /home/root/voxl-mpa-to-ros2/colcon_ws/install/voxl_msgs/share/voxl_msgs/cmake/voxl_msgs__rosidl_typesupport_introspection_cExport-noconfig.cmake
[2.157s] -- Up-to-date: /home/root/voxl-mpa-to-ros2/colcon_ws/install/voxl_msgs/share/voxl_msgs/cmake/voxl_msgs__rosidl_typesupport_cExport.cmake
[2.157s] -- Up-to-date: /home/root/voxl-mpa-to-ros2/colcon_ws/install/voxl_msgs/share/voxl_msgs/cmake/voxl_msgs__rosidl_typesupport_cExport-noconfig.cmake
[2.158s] -- Up-to-date: /home/root/voxl-mpa-to-ros2/colcon_ws/install/voxl_msgs/share/voxl_msgs/cmake/voxl_msgs__rosidl_generator_cppExport.cmake
[2.159s] -- Up-to-date: /home/root/voxl-mpa-to-ros2/colcon_ws/install/voxl_msgs/share/voxl_msgs/cmake/voxl_msgs__rosidl_typesupport_introspection_cppExport.cmake
[2.160s] -- Up-to-date: /home/root/voxl-mpa-to-ros2/colcon_ws/install/voxl_msgs/share/voxl_msgs/cmake/voxl_msgs__rosidl_typesupport_introspection_cppExport-noconfig.cmake
[2.160s] -- Up-to-date: /home/root/voxl-mpa-to-ros2/colcon_ws/install/voxl_msgs/share/voxl_msgs/cmake/voxl_msgs__rosidl_typesupport_cppExport.cmake
[2.161s] -- Up-to-date: /home/root/voxl-mpa-to-ros2/colcon_ws/install/voxl_msgs/share/voxl_msgs/cmake/voxl_msgs__rosidl_typesupport_cppExport-noconfig.cmake
[2.162s] -- Up-to-date: /home/root/voxl-mpa-to-ros2/colcon_ws/install/voxl_msgs/share/voxl_msgs/cmake/rosidl_cmake-extras.cmake
[2.163s] -- Up-to-date: /home/root/voxl-mpa-to-ros2/colcon_ws/install/voxl_msgs/share/voxl_msgs/cmake/ament_cmake_export_dependencies-extras.cmake
[2.163s] -- Up-to-date: /home/root/voxl-mpa-to-ros2/colcon_ws/install/voxl_msgs/share/voxl_msgs/cmake/ament_cmake_export_libraries-extras.cmake
[2.164s] -- Up-to-date: /home/root/voxl-mpa-to-ros2/colcon_ws/install/voxl_msgs/share/voxl_msgs/cmake/ament_cmake_export_targets-extras.cmake
[2.165s] -- Up-to-date: /home/root/voxl-mpa-to-ros2/colcon_ws/install/voxl_msgs/share/voxl_msgs/cmake/ament_cmake_export_include_directories-extras.cmake
[2.165s] -- Up-to-date: /home/root/voxl-mpa-to-ros2/colcon_ws/install/voxl_msgs/share/voxl_msgs/cmake/rosidl_cmake_export_typesupport_libraries-extras.cmake
[2.170s] -- Up-to-date: /home/root/voxl-mpa-to-ros2/colcon_ws/install/voxl_msgs/share/voxl_msgs/cmake/rosidl_cmake_export_typesupport_targets-extras.cmake
[2.171s] -- Up-to-date: /home/root/voxl-mpa-to-ros2/colcon_ws/install/voxl_msgs/share/voxl_msgs/cmake/voxl_msgsConfig.cmake
[2.172s] -- Up-to-date: /home/root/voxl-mpa-to-ros2/colcon_ws/install/voxl_msgs/share/voxl_msgs/cmake/voxl_msgsConfig-version.cmake
[2.173s] -- Up-to-date: /home/root/voxl-mpa-to-ros2/colcon_ws/install/voxl_msgs/share/voxl_msgs/package.xml
[2.176s] Invoked command in '/home/root/voxl-mpa-to-ros2/colcon_ws/build/voxl_msgs' returned '0': CMAKE_PREFIX_PATH=${CMAKE_PREFIX_PATH}:/home/root/voxl-mpa-to-ros2/colcon_ws/install/voxl_offboard_figure8 SHLVL=3 _=/usr/bin/env /usr/bin/cmake --build /home/root/voxl-mpa-to-ros2/colcon_ws/build/voxl_msgs --target install -- -j8 -l8
