[0.148s] Invoking command in '/home/root/voxl-mpa-to-ros2/colcon_ws/build/voxl_msgs': CMAKE_PREFIX_PATH=${CMAKE_PREFIX_PATH}:/home/root/voxl-mpa-to-ros2/colcon_ws/install/voxl_offboard_figure8 SHLVL=3 _=/usr/bin/env /usr/bin/cmake /home/root/voxl-mpa-to-ros2/colcon_ws/src/voxl_msgs -DCMAKE_INSTALL_PREFIX=/home/root/voxl-mpa-to-ros2/colcon_ws/install/voxl_msgs
[0.395s] -- The C compiler identification is GNU 7.5.0
[0.598s] -- The CXX compiler identification is GNU 7.5.0
[0.617s] -- Check for working C compiler: /usr/bin/cc
[0.838s] -- Check for working C compiler: /usr/bin/cc -- works
[0.841s] -- Detecting C compiler ABI info
[1.075s] -- Detecting C compiler ABI info - done
[1.104s] -- Detecting C compile features
[1.870s] -- Detecting C compile features - done
[1.880s] -- Check for working CXX compiler: /usr/bin/c++
[2.123s] -- Check for working CXX compiler: /usr/bin/c++ -- works
[2.127s] -- Detecting CXX compiler ABI info
[2.357s] -- Detecting CXX compiler ABI info - done
[2.382s] -- Detecting CXX compile features
[3.495s] -- Detecting CXX compile features - done
[3.499s] -- Found ament_cmake: 0.9.12 (/opt/ros/foxy/share/ament_cmake/cmake)
[3.547s] -- Found PythonInterp: /usr/bin/python3 (found suitable version "3.6.9", minimum required is "3") 
[3.547s] -- Using PYTHON_EXECUTABLE: /usr/bin/python3
[3.863s] -- Found rosidl_default_generators: 1.0.1 (/opt/ros/foxy/share/rosidl_default_generators/cmake)
[3.877s] -- Using all available rosidl_typesupport_c: rosidl_typesupport_fastrtps_c;rosidl_typesupport_introspection_c
[3.884s] -- Found rosidl_adapter: 1.3.1 (/opt/ros/foxy/share/rosidl_adapter/cmake)
[4.057s] -- Found OpenSSL: /usr/lib/aarch64-linux-gnu/libcrypto.so (found version "1.1.1") 
[4.089s] -- Found FastRTPS: /opt/ros/foxy/include  
[4.154s] -- Using all available rosidl_typesupport_cpp: rosidl_typesupport_fastrtps_cpp;rosidl_typesupport_introspection_cpp
[4.201s] -- Found PythonInterp: /usr/bin/python3 (found version "3.6.9") 
[4.417s] -- Found ament_cmake_ros: 0.9.2 (/opt/ros/foxy/share/ament_cmake_ros/cmake)
[4.503s] -- Using all available rosidl_typesupport_c: rosidl_typesupport_fastrtps_c;rosidl_typesupport_introspection_c
[4.514s] -- Using all available rosidl_typesupport_cpp: rosidl_typesupport_fastrtps_cpp;rosidl_typesupport_introspection_cpp
[4.563s] -- Found PythonInterp: /usr/bin/python3 (found suitable version "3.6.9", minimum required is "3.5") 
[4.569s] -- Found python_cmake_module: 0.8.1 (/opt/ros/foxy/share/python_cmake_module/cmake)
[4.619s] -- Found PythonLibs: /usr/lib/aarch64-linux-gnu/libpython3.6m.so (found suitable version "3.6.9", minimum required is "3.5") 
[4.621s] -- Using PYTHON_EXECUTABLE: /usr/bin/python3
[4.621s] -- Using PYTHON_INCLUDE_DIRS: /usr/include/python3.6m
[4.622s] -- Using PYTHON_LIBRARIES: /usr/lib/aarch64-linux-gnu/libpython3.6m.so
[4.671s] -- Found PythonExtra: .so  
[4.781s] -- Found ament_lint_auto: 0.9.8 (/opt/ros/foxy/share/ament_lint_auto/cmake)
[4.806s] -- Added test 'copyright' to check source files copyright and LICENSE
[4.808s] -- Added test 'lint_cmake' to check CMake code style
[4.809s] -- Added test 'xmllint' to check XML markup files
[4.814s] -- Configuring done
[4.848s] -- Generating done
[4.851s] -- Build files have been written to: /home/root/voxl-mpa-to-ros2/colcon_ws/build/voxl_msgs
[4.863s] Invoked command in '/home/root/voxl-mpa-to-ros2/colcon_ws/build/voxl_msgs' returned '0': CMAKE_PREFIX_PATH=${CMAKE_PREFIX_PATH}:/home/root/voxl-mpa-to-ros2/colcon_ws/install/voxl_offboard_figure8 SHLVL=3 _=/usr/bin/env /usr/bin/cmake /home/root/voxl-mpa-to-ros2/colcon_ws/src/voxl_msgs -DCMAKE_INSTALL_PREFIX=/home/root/voxl-mpa-to-ros2/colcon_ws/install/voxl_msgs
[4.871s] Invoking command in '/home/root/voxl-mpa-to-ros2/colcon_ws/build/voxl_msgs': CMAKE_PREFIX_PATH=${CMAKE_PREFIX_PATH}:/home/root/voxl-mpa-to-ros2/colcon_ws/install/voxl_offboard_figure8 SHLVL=3 _=/usr/bin/env /usr/bin/cmake --build /home/root/voxl-mpa-to-ros2/colcon_ws/build/voxl_msgs -- -j8 -l8
[5.015s] [  3%] [34m[1mGenerating C code for ROS interfaces[0m
[5.017s] [35m[1mScanning dependencies of target voxl_msgs__cpp[0m
[5.059s] [  6%] [34m[1mGenerating C++ code for ROS interfaces[0m
[5.659s] [  6%] Built target voxl_msgs__cpp
[5.673s] [ 12%] [34m[1mGenerating C++ type support dispatch for ROS interfaces[0m
[5.674s] [ 12%] [34m[1mGenerating C++ introspection for ROS interfaces[0m
[5.677s] [35m[1mScanning dependencies of target voxl_msgs__rosidl_generator_c[0m
[5.701s] [ 16%] [34m[1mGenerating C++ type support for eProsima Fast-RTPS[0m
[5.744s] [ 19%] [32mBuilding C object CMakeFiles/voxl_msgs__rosidl_generator_c.dir/rosidl_generator_c/voxl_msgs/msg/detail/aidetection__functions.c.o[0m
[5.903s] [ 22%] [32m[1mLinking C shared library libvoxl_msgs__rosidl_generator_c.so[0m
[6.044s] [ 22%] Built target voxl_msgs__rosidl_generator_c
[6.095s] [ 29%] [34m[1mGenerating C introspection for ROS interfaces[0m
[6.096s] [ 29%] [34m[1mGenerating C type support dispatch for ROS interfaces[0m
[6.217s] [35m[1mScanning dependencies of target voxl_msgs__rosidl_typesupport_cpp[0m
[6.315s] [35m[1mScanning dependencies of target voxl_msgs__rosidl_typesupport_fastrtps_cpp[0m
[6.322s] [ 32%] [32mBuilding CXX object CMakeFiles/voxl_msgs__rosidl_typesupport_cpp.dir/rosidl_typesupport_cpp/voxl_msgs/msg/aidetection__type_support.cpp.o[0m
[6.335s] [35m[1mScanning dependencies of target voxl_msgs__rosidl_typesupport_introspection_cpp[0m
[6.383s] [ 35%] [32mBuilding CXX object CMakeFiles/voxl_msgs__rosidl_typesupport_fastrtps_cpp.dir/rosidl_typesupport_fastrtps_cpp/voxl_msgs/msg/detail/dds_fastrtps/aidetection__type_support.cpp.o[0m
[6.421s] [ 38%] [32mBuilding CXX object CMakeFiles/voxl_msgs__rosidl_typesupport_introspection_cpp.dir/rosidl_typesupport_introspection_cpp/voxl_msgs/msg/detail/aidetection__type_support.cpp.o[0m
[6.818s] [ 41%] [32m[1mLinking CXX shared library libvoxl_msgs__rosidl_typesupport_cpp.so[0m
[6.864s] [35m[1mScanning dependencies of target voxl_msgs__rosidl_typesupport_c[0m
[6.915s] [ 45%] [32mBuilding CXX object CMakeFiles/voxl_msgs__rosidl_typesupport_c.dir/rosidl_typesupport_c/voxl_msgs/msg/aidetection__type_support.cpp.o[0m
[6.955s] [35m[1mScanning dependencies of target voxl_msgs__rosidl_typesupport_introspection_c[0m
[6.964s] [ 45%] Built target voxl_msgs__rosidl_typesupport_cpp
[7.019s] [ 48%] [32m[1mLinking CXX shared library libvoxl_msgs__rosidl_typesupport_c.so[0m
[7.050s] [ 51%] [32mBuilding C object CMakeFiles/voxl_msgs__rosidl_typesupport_introspection_c.dir/rosidl_typesupport_introspection_c/voxl_msgs/msg/detail/aidetection__type_support.c.o[0m
[7.112s] [ 51%] Built target voxl_msgs__rosidl_typesupport_c
[7.131s] [ 54%] [32m[1mLinking C shared library libvoxl_msgs__rosidl_typesupport_introspection_c.so[0m
[7.198s] [ 54%] Built target voxl_msgs__rosidl_typesupport_introspection_c
[7.262s] [ 58%] [32m[1mLinking CXX shared library libvoxl_msgs__rosidl_typesupport_introspection_cpp.so[0m
[7.378s] [ 61%] [32m[1mLinking CXX shared library libvoxl_msgs__rosidl_typesupport_fastrtps_cpp.so[0m
[7.478s] [ 61%] Built target voxl_msgs__rosidl_typesupport_introspection_cpp
[7.806s] [ 61%] Built target voxl_msgs__rosidl_typesupport_fastrtps_cpp
[7.897s] [ 64%] [34m[1mGenerating C type support for eProsima Fast-RTPS[0m
[9.898s] [35m[1mScanning dependencies of target voxl_msgs__rosidl_typesupport_fastrtps_c[0m
[9.983s] [ 67%] [32mBuilding CXX object CMakeFiles/voxl_msgs__rosidl_typesupport_fastrtps_c.dir/rosidl_typesupport_fastrtps_c/voxl_msgs/msg/detail/aidetection__type_support_c.cpp.o[0m
[11.126s] [ 70%] [32m[1mLinking CXX shared library libvoxl_msgs__rosidl_typesupport_fastrtps_c.so[0m
[11.392s] [ 70%] Built target voxl_msgs__rosidl_typesupport_fastrtps_c
[11.436s] [35m[1mScanning dependencies of target voxl_msgs[0m
[11.482s] [ 70%] Built target voxl_msgs
[11.524s] [35m[1mScanning dependencies of target voxl_msgs__py[0m
[11.578s] [ 74%] [34m[1mGenerating Python code for ROS interfaces[0m
[14.187s] [ 74%] Built target voxl_msgs__py
[14.236s] [35m[1mScanning dependencies of target voxl_msgs__python[0m
[14.323s] [ 77%] [32mBuilding C object CMakeFiles/voxl_msgs__python.dir/rosidl_generator_py/voxl_msgs/msg/_aidetection_s.c.o[0m
[14.694s] [ 80%] [32m[1mLinking C shared library rosidl_generator_py/voxl_msgs/libvoxl_msgs__python.so[0m
[14.920s] [ 80%] Built target voxl_msgs__python
[15.002s] [35m[1mScanning dependencies of target voxl_msgs__rosidl_typesupport_c__pyext[0m
[15.029s] [35m[1mScanning dependencies of target voxl_msgs__rosidl_typesupport_introspection_c__pyext[0m
[15.029s] [35m[1mScanning dependencies of target voxl_msgs__rosidl_typesupport_fastrtps_c__pyext[0m
[15.105s] [ 83%] [32mBuilding C object CMakeFiles/voxl_msgs__rosidl_typesupport_fastrtps_c__pyext.dir/rosidl_generator_py/voxl_msgs/_voxl_msgs_s.ep.rosidl_typesupport_fastrtps_c.c.o[0m
[15.116s] [ 87%] [32mBuilding C object CMakeFiles/voxl_msgs__rosidl_typesupport_c__pyext.dir/rosidl_generator_py/voxl_msgs/_voxl_msgs_s.ep.rosidl_typesupport_c.c.o[0m
[15.137s] [ 90%] [32mBuilding C object CMakeFiles/voxl_msgs__rosidl_typesupport_introspection_c__pyext.dir/rosidl_generator_py/voxl_msgs/_voxl_msgs_s.ep.rosidl_typesupport_introspection_c.c.o[0m
[15.440s] [ 93%] [32m[1mLinking C shared library rosidl_generator_py/voxl_msgs/voxl_msgs_s__rosidl_typesupport_c.cpython-36m-aarch64-linux-gnu.so[0m
[15.448s] [ 96%] [32m[1mLinking C shared library rosidl_generator_py/voxl_msgs/voxl_msgs_s__rosidl_typesupport_introspection_c.cpython-36m-aarch64-linux-gnu.so[0m
[15.449s] [100%] [32m[1mLinking CXX shared library rosidl_generator_py/voxl_msgs/voxl_msgs_s__rosidl_typesupport_fastrtps_c.cpython-36m-aarch64-linux-gnu.so[0m
[15.598s] [100%] Built target voxl_msgs__rosidl_typesupport_c__pyext
[15.623s] [100%] Built target voxl_msgs__rosidl_typesupport_introspection_c__pyext
[15.804s] [100%] Built target voxl_msgs__rosidl_typesupport_fastrtps_c__pyext
[15.894s] Invoked command in '/home/root/voxl-mpa-to-ros2/colcon_ws/build/voxl_msgs' returned '0': CMAKE_PREFIX_PATH=${CMAKE_PREFIX_PATH}:/home/root/voxl-mpa-to-ros2/colcon_ws/install/voxl_offboard_figure8 SHLVL=3 _=/usr/bin/env /usr/bin/cmake --build /home/root/voxl-mpa-to-ros2/colcon_ws/build/voxl_msgs -- -j8 -l8
[16.685s] Invoking command in '/home/root/voxl-mpa-to-ros2/colcon_ws/build/voxl_msgs': CMAKE_PREFIX_PATH=${CMAKE_PREFIX_PATH}:/home/root/voxl-mpa-to-ros2/colcon_ws/install/voxl_offboard_figure8 SHLVL=3 _=/usr/bin/env /usr/bin/cmake --build /home/root/voxl-mpa-to-ros2/colcon_ws/build/voxl_msgs --target install -- -j8 -l8
[16.959s] [  9%] Built target voxl_msgs__rosidl_generator_c
[16.962s] [ 12%] Built target voxl_msgs__cpp
[17.079s] [ 22%] Built target voxl_msgs__rosidl_typesupport_cpp
[17.087s] [ 32%] Built target voxl_msgs__rosidl_typesupport_c
[17.100s] [ 41%] Built target voxl_msgs__rosidl_typesupport_introspection_cpp
[17.103s] [ 51%] Built target voxl_msgs__rosidl_typesupport_fastrtps_cpp
[17.121s] [ 61%] Built target voxl_msgs__rosidl_typesupport_introspection_c
[17.193s] [ 70%] Built target voxl_msgs__rosidl_typesupport_fastrtps_c
[17.270s] [ 70%] Built target voxl_msgs
[17.373s] [ 74%] Built target voxl_msgs__py
[17.526s] [ 80%] Built target voxl_msgs__python
[17.657s] [ 87%] Built target voxl_msgs__rosidl_typesupport_introspection_c__pyext
[17.671s] [ 93%] Built target voxl_msgs__rosidl_typesupport_c__pyext
[17.695s] [100%] Built target voxl_msgs__rosidl_typesupport_fastrtps_c__pyext
[17.771s] [36mInstall the project...[0m
[17.807s] -- Install configuration: ""
[17.809s] -- Installing: /home/root/voxl-mpa-to-ros2/colcon_ws/install/voxl_msgs/share/ament_index/resource_index/rosidl_interfaces/voxl_msgs
[17.810s] -- Installing: /home/root/voxl-mpa-to-ros2/colcon_ws/install/voxl_msgs/include/voxl_msgs
[17.812s] -- Installing: /home/root/voxl-mpa-to-ros2/colcon_ws/install/voxl_msgs/include/voxl_msgs/msg
[17.812s] -- Installing: /home/root/voxl-mpa-to-ros2/colcon_ws/install/voxl_msgs/include/voxl_msgs/msg/aidetection.h
[17.813s] -- Installing: /home/root/voxl-mpa-to-ros2/colcon_ws/install/voxl_msgs/include/voxl_msgs/msg/detail
[17.814s] -- Installing: /home/root/voxl-mpa-to-ros2/colcon_ws/install/voxl_msgs/include/voxl_msgs/msg/detail/aidetection__functions.c
[17.815s] -- Installing: /home/root/voxl-mpa-to-ros2/colcon_ws/install/voxl_msgs/include/voxl_msgs/msg/detail/aidetection__functions.h
[17.816s] -- Installing: /home/root/voxl-mpa-to-ros2/colcon_ws/install/voxl_msgs/include/voxl_msgs/msg/detail/aidetection__struct.h
[17.817s] -- Installing: /home/root/voxl-mpa-to-ros2/colcon_ws/install/voxl_msgs/include/voxl_msgs/msg/detail/aidetection__type_support.h
[17.818s] -- Installing: /home/root/voxl-mpa-to-ros2/colcon_ws/install/voxl_msgs/include/voxl_msgs/msg/rosidl_generator_c__visibility_control.h
[17.819s] -- Installing: /home/root/voxl-mpa-to-ros2/colcon_ws/install/voxl_msgs/share/voxl_msgs/environment/library_path.sh
[17.819s] -- Installing: /home/root/voxl-mpa-to-ros2/colcon_ws/install/voxl_msgs/share/voxl_msgs/environment/library_path.dsv
[17.820s] -- Installing: /home/root/voxl-mpa-to-ros2/colcon_ws/install/voxl_msgs/lib/libvoxl_msgs__rosidl_generator_c.so
[17.821s] -- Set runtime path of "/home/root/voxl-mpa-to-ros2/colcon_ws/install/voxl_msgs/lib/libvoxl_msgs__rosidl_generator_c.so" to ""
[17.821s] -- Up-to-date: /home/root/voxl-mpa-to-ros2/colcon_ws/install/voxl_msgs/include/voxl_msgs
[17.822s] -- Up-to-date: /home/root/voxl-mpa-to-ros2/colcon_ws/install/voxl_msgs/include/voxl_msgs/msg
[17.822s] -- Up-to-date: /home/root/voxl-mpa-to-ros2/colcon_ws/install/voxl_msgs/include/voxl_msgs/msg/detail
[17.823s] -- Installing: /home/root/voxl-mpa-to-ros2/colcon_ws/install/voxl_msgs/include/voxl_msgs/msg/detail/aidetection__rosidl_typesupport_fastrtps_c.h
[17.823s] -- Installing: /home/root/voxl-mpa-to-ros2/colcon_ws/install/voxl_msgs/include/voxl_msgs/msg/rosidl_typesupport_fastrtps_c__visibility_control.h
[17.823s] -- Installing: /home/root/voxl-mpa-to-ros2/colcon_ws/install/voxl_msgs/lib/libvoxl_msgs__rosidl_typesupport_fastrtps_c.so
[17.824s] -- Set runtime path of "/home/root/voxl-mpa-to-ros2/colcon_ws/install/voxl_msgs/lib/libvoxl_msgs__rosidl_typesupport_fastrtps_c.so" to ""
[17.824s] -- Up-to-date: /home/root/voxl-mpa-to-ros2/colcon_ws/install/voxl_msgs/include/voxl_msgs
[17.824s] -- Up-to-date: /home/root/voxl-mpa-to-ros2/colcon_ws/install/voxl_msgs/include/voxl_msgs/msg
[17.825s] -- Up-to-date: /home/root/voxl-mpa-to-ros2/colcon_ws/install/voxl_msgs/include/voxl_msgs/msg/detail
[17.825s] -- Installing: /home/root/voxl-mpa-to-ros2/colcon_ws/install/voxl_msgs/include/voxl_msgs/msg/detail/aidetection__rosidl_typesupport_fastrtps_cpp.hpp
[17.825s] -- Installing: /home/root/voxl-mpa-to-ros2/colcon_ws/install/voxl_msgs/include/voxl_msgs/msg/detail/dds_fastrtps
[17.825s] -- Installing: /home/root/voxl-mpa-to-ros2/colcon_ws/install/voxl_msgs/include/voxl_msgs/msg/rosidl_typesupport_fastrtps_cpp__visibility_control.h
[17.825s] -- Installing: /home/root/voxl-mpa-to-ros2/colcon_ws/install/voxl_msgs/lib/libvoxl_msgs__rosidl_typesupport_fastrtps_cpp.so
[17.826s] -- Set runtime path of "/home/root/voxl-mpa-to-ros2/colcon_ws/install/voxl_msgs/lib/libvoxl_msgs__rosidl_typesupport_fastrtps_cpp.so" to ""
[17.826s] -- Up-to-date: /home/root/voxl-mpa-to-ros2/colcon_ws/install/voxl_msgs/include/voxl_msgs
[17.826s] -- Up-to-date: /home/root/voxl-mpa-to-ros2/colcon_ws/install/voxl_msgs/include/voxl_msgs/msg
[17.826s] -- Up-to-date: /home/root/voxl-mpa-to-ros2/colcon_ws/install/voxl_msgs/include/voxl_msgs/msg/detail
[17.827s] -- Installing: /home/root/voxl-mpa-to-ros2/colcon_ws/install/voxl_msgs/include/voxl_msgs/msg/detail/aidetection__rosidl_typesupport_introspection_c.h
[17.827s] -- Installing: /home/root/voxl-mpa-to-ros2/colcon_ws/install/voxl_msgs/include/voxl_msgs/msg/detail/aidetection__type_support.c
[17.827s] -- Installing: /home/root/voxl-mpa-to-ros2/colcon_ws/install/voxl_msgs/include/voxl_msgs/msg/rosidl_typesupport_introspection_c__visibility_control.h
[17.827s] -- Installing: /home/root/voxl-mpa-to-ros2/colcon_ws/install/voxl_msgs/lib/libvoxl_msgs__rosidl_typesupport_introspection_c.so
[17.828s] -- Set runtime path of "/home/root/voxl-mpa-to-ros2/colcon_ws/install/voxl_msgs/lib/libvoxl_msgs__rosidl_typesupport_introspection_c.so" to ""
[17.829s] -- Installing: /home/root/voxl-mpa-to-ros2/colcon_ws/install/voxl_msgs/lib/libvoxl_msgs__rosidl_typesupport_c.so
[17.829s] -- Set runtime path of "/home/root/voxl-mpa-to-ros2/colcon_ws/install/voxl_msgs/lib/libvoxl_msgs__rosidl_typesupport_c.so" to ""
[17.829s] -- Up-to-date: /home/root/voxl-mpa-to-ros2/colcon_ws/install/voxl_msgs/include/voxl_msgs
[17.830s] -- Up-to-date: /home/root/voxl-mpa-to-ros2/colcon_ws/install/voxl_msgs/include/voxl_msgs/msg
[17.830s] -- Installing: /home/root/voxl-mpa-to-ros2/colcon_ws/install/voxl_msgs/include/voxl_msgs/msg/aidetection.hpp
[17.831s] -- Up-to-date: /home/root/voxl-mpa-to-ros2/colcon_ws/install/voxl_msgs/include/voxl_msgs/msg/detail
[17.831s] -- Installing: /home/root/voxl-mpa-to-ros2/colcon_ws/install/voxl_msgs/include/voxl_msgs/msg/detail/aidetection__builder.hpp
[17.831s] -- Installing: /home/root/voxl-mpa-to-ros2/colcon_ws/install/voxl_msgs/include/voxl_msgs/msg/detail/aidetection__struct.hpp
[17.832s] -- Installing: /home/root/voxl-mpa-to-ros2/colcon_ws/install/voxl_msgs/include/voxl_msgs/msg/detail/aidetection__traits.hpp
[17.832s] -- Installing: /home/root/voxl-mpa-to-ros2/colcon_ws/install/voxl_msgs/include/voxl_msgs/msg/detail/aidetection__type_support.hpp
[17.832s] -- Installing: /home/root/voxl-mpa-to-ros2/colcon_ws/install/voxl_msgs/include/voxl_msgs/msg/rosidl_generator_cpp__visibility_control.hpp
[17.833s] -- Up-to-date: /home/root/voxl-mpa-to-ros2/colcon_ws/install/voxl_msgs/include/voxl_msgs
[17.833s] -- Up-to-date: /home/root/voxl-mpa-to-ros2/colcon_ws/install/voxl_msgs/include/voxl_msgs/msg
[17.834s] -- Up-to-date: /home/root/voxl-mpa-to-ros2/colcon_ws/install/voxl_msgs/include/voxl_msgs/msg/detail
[17.834s] -- Installing: /home/root/voxl-mpa-to-ros2/colcon_ws/install/voxl_msgs/include/voxl_msgs/msg/detail/aidetection__rosidl_typesupport_introspection_cpp.hpp
[17.834s] -- Installing: /home/root/voxl-mpa-to-ros2/colcon_ws/install/voxl_msgs/include/voxl_msgs/msg/detail/aidetection__type_support.cpp
[17.834s] -- Installing: /home/root/voxl-mpa-to-ros2/colcon_ws/install/voxl_msgs/lib/libvoxl_msgs__rosidl_typesupport_introspection_cpp.so
[17.834s] -- Set runtime path of "/home/root/voxl-mpa-to-ros2/colcon_ws/install/voxl_msgs/lib/libvoxl_msgs__rosidl_typesupport_introspection_cpp.so" to ""
[17.835s] -- Installing: /home/root/voxl-mpa-to-ros2/colcon_ws/install/voxl_msgs/lib/libvoxl_msgs__rosidl_typesupport_cpp.so
[17.835s] -- Set runtime path of "/home/root/voxl-mpa-to-ros2/colcon_ws/install/voxl_msgs/lib/libvoxl_msgs__rosidl_typesupport_cpp.so" to ""
[17.835s] -- Installing: /home/root/voxl-mpa-to-ros2/colcon_ws/install/voxl_msgs/share/voxl_msgs/environment/pythonpath.sh
[17.835s] -- Installing: /home/root/voxl-mpa-to-ros2/colcon_ws/install/voxl_msgs/share/voxl_msgs/environment/pythonpath.dsv
[17.835s] -- Installing: /home/root/voxl-mpa-to-ros2/colcon_ws/install/voxl_msgs/lib/python3.6/site-packages/voxl_msgs/__init__.py
[17.938s] Compiling '/home/root/voxl-mpa-to-ros2/colcon_ws/install/voxl_msgs/lib/python3.6/site-packages/voxl_msgs/__init__.py'...
[17.946s] -- Installing: /home/root/voxl-mpa-to-ros2/colcon_ws/install/voxl_msgs/lib/python3.6/site-packages/voxl_msgs/msg
[17.946s] -- Installing: /home/root/voxl-mpa-to-ros2/colcon_ws/install/voxl_msgs/lib/python3.6/site-packages/voxl_msgs/msg/_aidetection.py
[17.947s] -- Installing: /home/root/voxl-mpa-to-ros2/colcon_ws/install/voxl_msgs/lib/python3.6/site-packages/voxl_msgs/msg/_aidetection_s.c
[17.947s] -- Installing: /home/root/voxl-mpa-to-ros2/colcon_ws/install/voxl_msgs/lib/python3.6/site-packages/voxl_msgs/msg/__init__.py
[17.947s] -- Installing: /home/root/voxl-mpa-to-ros2/colcon_ws/install/voxl_msgs/lib/python3.6/site-packages/voxl_msgs/voxl_msgs_s__rosidl_typesupport_fastrtps_c.cpython-36m-aarch64-linux-gnu.so
[17.948s] -- Set runtime path of "/home/root/voxl-mpa-to-ros2/colcon_ws/install/voxl_msgs/lib/python3.6/site-packages/voxl_msgs/voxl_msgs_s__rosidl_typesupport_fastrtps_c.cpython-36m-aarch64-linux-gnu.so" to ""
[17.948s] -- Installing: /home/root/voxl-mpa-to-ros2/colcon_ws/install/voxl_msgs/lib/python3.6/site-packages/voxl_msgs/voxl_msgs_s__rosidl_typesupport_introspection_c.cpython-36m-aarch64-linux-gnu.so
[17.949s] -- Set runtime path of "/home/root/voxl-mpa-to-ros2/colcon_ws/install/voxl_msgs/lib/python3.6/site-packages/voxl_msgs/voxl_msgs_s__rosidl_typesupport_introspection_c.cpython-36m-aarch64-linux-gnu.so" to ""
[17.949s] -- Installing: /home/root/voxl-mpa-to-ros2/colcon_ws/install/voxl_msgs/lib/python3.6/site-packages/voxl_msgs/voxl_msgs_s__rosidl_typesupport_c.cpython-36m-aarch64-linux-gnu.so
[17.950s] -- Set runtime path of "/home/root/voxl-mpa-to-ros2/colcon_ws/install/voxl_msgs/lib/python3.6/site-packages/voxl_msgs/voxl_msgs_s__rosidl_typesupport_c.cpython-36m-aarch64-linux-gnu.so" to ""
[17.950s] -- Installing: /home/root/voxl-mpa-to-ros2/colcon_ws/install/voxl_msgs/lib/libvoxl_msgs__python.so
[17.951s] -- Set runtime path of "/home/root/voxl-mpa-to-ros2/colcon_ws/install/voxl_msgs/lib/libvoxl_msgs__python.so" to ""
[17.951s] -- Installing: /home/root/voxl-mpa-to-ros2/colcon_ws/install/voxl_msgs/share/voxl_msgs/msg/Aidetection.idl
[17.952s] -- Installing: /home/root/voxl-mpa-to-ros2/colcon_ws/install/voxl_msgs/share/voxl_msgs/msg/Aidetection.msg
[17.952s] -- Installing: /home/root/voxl-mpa-to-ros2/colcon_ws/install/voxl_msgs/share/ament_index/resource_index/package_run_dependencies/voxl_msgs
[17.952s] -- Installing: /home/root/voxl-mpa-to-ros2/colcon_ws/install/voxl_msgs/share/ament_index/resource_index/parent_prefix_path/voxl_msgs
[17.953s] -- Installing: /home/root/voxl-mpa-to-ros2/colcon_ws/install/voxl_msgs/share/voxl_msgs/environment/ament_prefix_path.sh
[17.953s] -- Installing: /home/root/voxl-mpa-to-ros2/colcon_ws/install/voxl_msgs/share/voxl_msgs/environment/ament_prefix_path.dsv
[17.953s] -- Installing: /home/root/voxl-mpa-to-ros2/colcon_ws/install/voxl_msgs/share/voxl_msgs/environment/path.sh
[17.953s] -- Installing: /home/root/voxl-mpa-to-ros2/colcon_ws/install/voxl_msgs/share/voxl_msgs/environment/path.dsv
[17.954s] -- Installing: /home/root/voxl-mpa-to-ros2/colcon_ws/install/voxl_msgs/share/voxl_msgs/local_setup.bash
[17.954s] -- Installing: /home/root/voxl-mpa-to-ros2/colcon_ws/install/voxl_msgs/share/voxl_msgs/local_setup.sh
[17.954s] -- Installing: /home/root/voxl-mpa-to-ros2/colcon_ws/install/voxl_msgs/share/voxl_msgs/local_setup.zsh
[17.955s] -- Installing: /home/root/voxl-mpa-to-ros2/colcon_ws/install/voxl_msgs/share/voxl_msgs/local_setup.dsv
[17.955s] -- Installing: /home/root/voxl-mpa-to-ros2/colcon_ws/install/voxl_msgs/share/voxl_msgs/package.dsv
[17.955s] -- Installing: /home/root/voxl-mpa-to-ros2/colcon_ws/install/voxl_msgs/share/ament_index/resource_index/packages/voxl_msgs
[17.955s] -- Installing: /home/root/voxl-mpa-to-ros2/colcon_ws/install/voxl_msgs/share/voxl_msgs/cmake/voxl_msgs__rosidl_generator_cExport.cmake
[17.956s] -- Installing: /home/root/voxl-mpa-to-ros2/colcon_ws/install/voxl_msgs/share/voxl_msgs/cmake/voxl_msgs__rosidl_generator_cExport-noconfig.cmake
[17.956s] -- Installing: /home/root/voxl-mpa-to-ros2/colcon_ws/install/voxl_msgs/share/voxl_msgs/cmake/voxl_msgs__rosidl_typesupport_introspection_cExport.cmake
[17.956s] -- Installing: /home/root/voxl-mpa-to-ros2/colcon_ws/install/voxl_msgs/share/voxl_msgs/cmake/voxl_msgs__rosidl_typesupport_introspection_cExport-noconfig.cmake
[17.956s] -- Installing: /home/root/voxl-mpa-to-ros2/colcon_ws/install/voxl_msgs/share/voxl_msgs/cmake/voxl_msgs__rosidl_typesupport_cExport.cmake
[17.956s] -- Installing: /home/root/voxl-mpa-to-ros2/colcon_ws/install/voxl_msgs/share/voxl_msgs/cmake/voxl_msgs__rosidl_typesupport_cExport-noconfig.cmake
[17.957s] -- Installing: /home/root/voxl-mpa-to-ros2/colcon_ws/install/voxl_msgs/share/voxl_msgs/cmake/voxl_msgs__rosidl_generator_cppExport.cmake
[17.957s] -- Installing: /home/root/voxl-mpa-to-ros2/colcon_ws/install/voxl_msgs/share/voxl_msgs/cmake/voxl_msgs__rosidl_typesupport_introspection_cppExport.cmake
[17.957s] -- Installing: /home/root/voxl-mpa-to-ros2/colcon_ws/install/voxl_msgs/share/voxl_msgs/cmake/voxl_msgs__rosidl_typesupport_introspection_cppExport-noconfig.cmake
[17.958s] -- Installing: /home/root/voxl-mpa-to-ros2/colcon_ws/install/voxl_msgs/share/voxl_msgs/cmake/voxl_msgs__rosidl_typesupport_cppExport.cmake
[17.958s] -- Installing: /home/root/voxl-mpa-to-ros2/colcon_ws/install/voxl_msgs/share/voxl_msgs/cmake/voxl_msgs__rosidl_typesupport_cppExport-noconfig.cmake
[17.962s] -- Installing: /home/root/voxl-mpa-to-ros2/colcon_ws/install/voxl_msgs/share/voxl_msgs/cmake/rosidl_cmake-extras.cmake
[17.962s] -- Installing: /home/root/voxl-mpa-to-ros2/colcon_ws/install/voxl_msgs/share/voxl_msgs/cmake/ament_cmake_export_dependencies-extras.cmake
[17.963s] -- Installing: /home/root/voxl-mpa-to-ros2/colcon_ws/install/voxl_msgs/share/voxl_msgs/cmake/ament_cmake_export_libraries-extras.cmake
[17.963s] -- Installing: /home/root/voxl-mpa-to-ros2/colcon_ws/install/voxl_msgs/share/voxl_msgs/cmake/ament_cmake_export_targets-extras.cmake
[17.963s] -- Installing: /home/root/voxl-mpa-to-ros2/colcon_ws/install/voxl_msgs/share/voxl_msgs/cmake/ament_cmake_export_include_directories-extras.cmake
[17.963s] -- Installing: /home/root/voxl-mpa-to-ros2/colcon_ws/install/voxl_msgs/share/voxl_msgs/cmake/rosidl_cmake_export_typesupport_libraries-extras.cmake
[17.964s] -- Installing: /home/root/voxl-mpa-to-ros2/colcon_ws/install/voxl_msgs/share/voxl_msgs/cmake/rosidl_cmake_export_typesupport_targets-extras.cmake
[17.964s] -- Installing: /home/root/voxl-mpa-to-ros2/colcon_ws/install/voxl_msgs/share/voxl_msgs/cmake/voxl_msgsConfig.cmake
[17.964s] -- Installing: /home/root/voxl-mpa-to-ros2/colcon_ws/install/voxl_msgs/share/voxl_msgs/cmake/voxl_msgsConfig-version.cmake
[17.964s] -- Installing: /home/root/voxl-mpa-to-ros2/colcon_ws/install/voxl_msgs/share/voxl_msgs/package.xml
[17.972s] Invoked command in '/home/root/voxl-mpa-to-ros2/colcon_ws/build/voxl_msgs' returned '0': CMAKE_PREFIX_PATH=${CMAKE_PREFIX_PATH}:/home/root/voxl-mpa-to-ros2/colcon_ws/install/voxl_offboard_figure8 SHLVL=3 _=/usr/bin/env /usr/bin/cmake --build /home/root/voxl-mpa-to-ros2/colcon_ws/build/voxl_msgs --target install -- -j8 -l8
